{"/Users/luismeyer/Desktop/repos/litecoin/src/Encryption/Encryption.ts": {"path":"/Users/luismeyer/Desktop/repos/litecoin/src/Encryption/Encryption.ts","all":false,"statementMap":{"0":{"start":{"line":1,"column":0},"end":{"line":1,"column":32}},"1":{"start":{"line":2,"column":0},"end":{"line":2,"column":67}},"2":{"start":{"line":3,"column":0},"end":{"line":3,"column":0}},"3":{"start":{"line":4,"column":0},"end":{"line":4,"column":70}},"4":{"start":{"line":5,"column":0},"end":{"line":5,"column":40}},"5":{"start":{"line":6,"column":0},"end":{"line":6,"column":24}},"6":{"start":{"line":7,"column":0},"end":{"line":7,"column":56}},"7":{"start":{"line":8,"column":0},"end":{"line":8,"column":7}},"8":{"start":{"line":9,"column":0},"end":{"line":9,"column":2}},"9":{"start":{"line":10,"column":0},"end":{"line":10,"column":0}},"10":{"start":{"line":11,"column":0},"end":{"line":11,"column":23}},"11":{"start":{"line":12,"column":0},"end":{"line":12,"column":17}},"12":{"start":{"line":13,"column":0},"end":{"line":13,"column":25}},"13":{"start":{"line":14,"column":0},"end":{"line":14,"column":21}},"14":{"start":{"line":15,"column":0},"end":{"line":15,"column":15}},"15":{"start":{"line":16,"column":0},"end":{"line":16,"column":25}},"16":{"start":{"line":17,"column":0},"end":{"line":17,"column":17}},"17":{"start":{"line":18,"column":0},"end":{"line":18,"column":13}},"18":{"start":{"line":19,"column":0},"end":{"line":19,"column":9}},"19":{"start":{"line":20,"column":0},"end":{"line":20,"column":27}},"20":{"start":{"line":21,"column":0},"end":{"line":21,"column":60}},"21":{"start":{"line":22,"column":0},"end":{"line":22,"column":10}},"22":{"start":{"line":23,"column":0},"end":{"line":23,"column":17}},"23":{"start":{"line":24,"column":0},"end":{"line":24,"column":6}},"24":{"start":{"line":25,"column":0},"end":{"line":25,"column":2}},"25":{"start":{"line":26,"column":0},"end":{"line":26,"column":0}},"26":{"start":{"line":27,"column":0},"end":{"line":27,"column":33}},"27":{"start":{"line":28,"column":0},"end":{"line":28,"column":46}},"28":{"start":{"line":29,"column":0},"end":{"line":29,"column":71}},"29":{"start":{"line":30,"column":0},"end":{"line":30,"column":28}},"30":{"start":{"line":31,"column":0},"end":{"line":31,"column":7}},"31":{"start":{"line":32,"column":0},"end":{"line":32,"column":2}},"32":{"start":{"line":33,"column":0},"end":{"line":33,"column":0}},"33":{"start":{"line":34,"column":0},"end":{"line":34,"column":52}},"34":{"start":{"line":35,"column":0},"end":{"line":35,"column":52}},"35":{"start":{"line":36,"column":0},"end":{"line":36,"column":2}},"36":{"start":{"line":37,"column":0},"end":{"line":37,"column":0}},"37":{"start":{"line":38,"column":0},"end":{"line":38,"column":3}},"38":{"start":{"line":39,"column":0},"end":{"line":39,"column":0}},"39":{"start":{"line":40,"column":0},"end":{"line":40,"column":41}},"40":{"start":{"line":41,"column":0},"end":{"line":41,"column":39}},"41":{"start":{"line":42,"column":0},"end":{"line":42,"column":36}},"42":{"start":{"line":43,"column":0},"end":{"line":43,"column":35}},"43":{"start":{"line":44,"column":0},"end":{"line":44,"column":2}},"44":{"start":{"line":45,"column":0},"end":{"line":45,"column":0}},"45":{"start":{"line":46,"column":0},"end":{"line":46,"column":31}},"46":{"start":{"line":47,"column":0},"end":{"line":47,"column":29}},"47":{"start":{"line":48,"column":0},"end":{"line":48,"column":30}},"48":{"start":{"line":49,"column":0},"end":{"line":49,"column":14}},"49":{"start":{"line":50,"column":0},"end":{"line":50,"column":15}},"50":{"start":{"line":51,"column":0},"end":{"line":51,"column":25}},"51":{"start":{"line":52,"column":0},"end":{"line":52,"column":41}},"52":{"start":{"line":53,"column":0},"end":{"line":53,"column":43}},"53":{"start":{"line":54,"column":0},"end":{"line":54,"column":60}},"54":{"start":{"line":55,"column":0},"end":{"line":55,"column":48}},"55":{"start":{"line":56,"column":0},"end":{"line":56,"column":28}},"56":{"start":{"line":57,"column":0},"end":{"line":57,"column":17}},"57":{"start":{"line":58,"column":0},"end":{"line":58,"column":1}},"58":{"start":{"line":59,"column":0},"end":{"line":59,"column":0}},"59":{"start":{"line":60,"column":0},"end":{"line":60,"column":67}},"60":{"start":{"line":61,"column":0},"end":{"line":61,"column":13}},"61":{"start":{"line":62,"column":0},"end":{"line":62,"column":38}},"62":{"start":{"line":63,"column":0},"end":{"line":63,"column":22}},"63":{"start":{"line":64,"column":0},"end":{"line":64,"column":22}},"64":{"start":{"line":65,"column":0},"end":{"line":65,"column":7}},"65":{"start":{"line":66,"column":0},"end":{"line":66,"column":36}},"66":{"start":{"line":67,"column":0},"end":{"line":67,"column":1}},"67":{"start":{"line":68,"column":0},"end":{"line":68,"column":0}},"68":{"start":{"line":69,"column":0},"end":{"line":69,"column":33}},"69":{"start":{"line":70,"column":0},"end":{"line":70,"column":35}},"70":{"start":{"line":71,"column":0},"end":{"line":71,"column":28}},"71":{"start":{"line":72,"column":0},"end":{"line":72,"column":12}},"72":{"start":{"line":73,"column":0},"end":{"line":73,"column":53}},"73":{"start":{"line":74,"column":0},"end":{"line":74,"column":51}},"74":{"start":{"line":75,"column":0},"end":{"line":75,"column":6}},"75":{"start":{"line":76,"column":0},"end":{"line":76,"column":1}},"76":{"start":{"line":77,"column":0},"end":{"line":77,"column":0}},"77":{"start":{"line":78,"column":0},"end":{"line":78,"column":35}},"78":{"start":{"line":79,"column":0},"end":{"line":79,"column":46}},"79":{"start":{"line":80,"column":0},"end":{"line":80,"column":27}},"80":{"start":{"line":81,"column":0},"end":{"line":81,"column":12}},"81":{"start":{"line":82,"column":0},"end":{"line":82,"column":73}},"82":{"start":{"line":83,"column":0},"end":{"line":83,"column":76}},"83":{"start":{"line":84,"column":0},"end":{"line":84,"column":6}},"84":{"start":{"line":85,"column":0},"end":{"line":85,"column":1}},"85":{"start":{"line":86,"column":0},"end":{"line":86,"column":0}},"86":{"start":{"line":87,"column":0},"end":{"line":87,"column":55}},"87":{"start":{"line":88,"column":0},"end":{"line":88,"column":47}},"88":{"start":{"line":89,"column":0},"end":{"line":89,"column":1}},"89":{"start":{"line":90,"column":0},"end":{"line":90,"column":0}},"90":{"start":{"line":91,"column":0},"end":{"line":91,"column":62}},"91":{"start":{"line":92,"column":0},"end":{"line":92,"column":31}},"92":{"start":{"line":93,"column":0},"end":{"line":93,"column":12}},"93":{"start":{"line":94,"column":0},"end":{"line":94,"column":0}},"94":{"start":{"line":95,"column":0},"end":{"line":95,"column":29}},"95":{"start":{"line":96,"column":0},"end":{"line":96,"column":30}},"96":{"start":{"line":97,"column":0},"end":{"line":97,"column":27}},"97":{"start":{"line":98,"column":0},"end":{"line":98,"column":39}},"98":{"start":{"line":99,"column":0},"end":{"line":99,"column":52}},"99":{"start":{"line":100,"column":0},"end":{"line":100,"column":77}},"100":{"start":{"line":101,"column":0},"end":{"line":101,"column":0}},"101":{"start":{"line":102,"column":0},"end":{"line":102,"column":70}},"102":{"start":{"line":103,"column":0},"end":{"line":103,"column":39}},"103":{"start":{"line":104,"column":0},"end":{"line":104,"column":0}},"104":{"start":{"line":105,"column":0},"end":{"line":105,"column":38}},"105":{"start":{"line":106,"column":0},"end":{"line":106,"column":26}},"106":{"start":{"line":107,"column":0},"end":{"line":107,"column":8}},"107":{"start":{"line":108,"column":0},"end":{"line":108,"column":57}},"108":{"start":{"line":109,"column":0},"end":{"line":109,"column":38}},"109":{"start":{"line":110,"column":0},"end":{"line":110,"column":33}},"110":{"start":{"line":111,"column":0},"end":{"line":111,"column":23}},"111":{"start":{"line":112,"column":0},"end":{"line":112,"column":27}},"112":{"start":{"line":113,"column":0},"end":{"line":113,"column":0}},"113":{"start":{"line":114,"column":0},"end":{"line":114,"column":47}},"114":{"start":{"line":115,"column":0},"end":{"line":115,"column":2}}},"s":{"0":1,"1":1,"2":1,"3":1,"4":10,"5":10,"6":10,"7":10,"8":10,"9":1,"10":1,"11":11,"12":11,"13":11,"14":11,"15":11,"16":11,"17":11,"18":11,"19":11,"20":11,"21":11,"22":11,"23":11,"24":11,"25":1,"26":1,"27":19,"28":19,"29":19,"30":19,"31":19,"32":1,"33":1,"34":251,"35":251,"36":1,"37":1,"38":1,"39":1,"40":1,"41":1,"42":1,"43":1,"44":1,"45":7,"46":7,"47":7,"48":7,"49":7,"50":7,"51":7,"52":7,"53":7,"54":7,"55":7,"56":7,"57":7,"58":1,"59":35,"60":35,"61":35,"62":35,"63":35,"64":35,"65":35,"66":35,"67":1,"68":1,"69":1,"70":1,"71":1,"72":1,"73":1,"74":1,"75":1,"76":1,"77":1,"78":1,"79":1,"80":1,"81":1,"82":1,"83":1,"84":1,"85":1,"86":0,"87":0,"88":0,"89":1,"90":1,"91":1,"92":1,"93":1,"94":1,"95":3,"96":3,"97":3,"98":3,"99":3,"100":1,"101":1,"102":1,"103":1,"104":1,"105":1,"106":3,"107":250,"108":250,"109":250,"110":250,"111":3,"112":1,"113":1,"114":1},"branchMap":{"0":{"type":"branch","line":4,"loc":{"start":{"line":4,"column":20},"end":{"line":9,"column":2}},"locations":[{"start":{"line":4,"column":20},"end":{"line":9,"column":2}}]},"1":{"type":"branch","line":11,"loc":{"start":{"line":11,"column":22},"end":{"line":25,"column":2}},"locations":[{"start":{"line":11,"column":22},"end":{"line":25,"column":2}}]},"2":{"type":"branch","line":27,"loc":{"start":{"line":27,"column":26},"end":{"line":32,"column":2}},"locations":[{"start":{"line":27,"column":26},"end":{"line":32,"column":2}}]},"3":{"type":"branch","line":34,"loc":{"start":{"line":34,"column":20},"end":{"line":36,"column":2}},"locations":[{"start":{"line":34,"column":20},"end":{"line":36,"column":2}}]},"4":{"type":"branch","line":46,"loc":{"start":{"line":46,"column":0},"end":{"line":58,"column":1}},"locations":[{"start":{"line":46,"column":0},"end":{"line":58,"column":1}}]},"5":{"type":"branch","line":52,"loc":{"start":{"line":52,"column":12},"end":{"line":52,"column":41}},"locations":[{"start":{"line":52,"column":12},"end":{"line":52,"column":41}}]},"6":{"type":"branch","line":53,"loc":{"start":{"line":53,"column":12},"end":{"line":53,"column":42}},"locations":[{"start":{"line":53,"column":12},"end":{"line":53,"column":42}}]},"7":{"type":"branch","line":60,"loc":{"start":{"line":60,"column":0},"end":{"line":67,"column":1}},"locations":[{"start":{"line":60,"column":0},"end":{"line":67,"column":1}}]},"8":{"type":"branch","line":69,"loc":{"start":{"line":69,"column":0},"end":{"line":76,"column":1}},"locations":[{"start":{"line":69,"column":0},"end":{"line":76,"column":1}}]},"9":{"type":"branch","line":78,"loc":{"start":{"line":78,"column":0},"end":{"line":85,"column":1}},"locations":[{"start":{"line":78,"column":0},"end":{"line":85,"column":1}}]},"10":{"type":"branch","line":95,"loc":{"start":{"line":95,"column":25},"end":{"line":115,"column":2}},"locations":[{"start":{"line":95,"column":25},"end":{"line":115,"column":2}}]},"11":{"type":"branch","line":99,"loc":{"start":{"line":99,"column":27},"end":{"line":99,"column":51}},"locations":[{"start":{"line":99,"column":27},"end":{"line":99,"column":51}}]},"12":{"type":"branch","line":100,"loc":{"start":{"line":100,"column":8},"end":{"line":100,"column":77}},"locations":[{"start":{"line":100,"column":8},"end":{"line":100,"column":77}}]},"13":{"type":"branch","line":101,"loc":{"start":{"line":101,"column":-1},"end":{"line":107,"column":7}},"locations":[{"start":{"line":101,"column":-1},"end":{"line":107,"column":7}}]},"14":{"type":"branch","line":107,"loc":{"start":{"line":107,"column":7},"end":{"line":112,"column":13}},"locations":[{"start":{"line":107,"column":7},"end":{"line":112,"column":13}}]},"15":{"type":"branch","line":112,"loc":{"start":{"line":112,"column":5},"end":{"line":115,"column":2}},"locations":[{"start":{"line":112,"column":5},"end":{"line":115,"column":2}}]}},"b":{"0":[10],"1":[11],"2":[19],"3":[251],"4":[7],"5":[6],"6":[1],"7":[35],"8":[1],"9":[1],"10":[3],"11":[2],"12":[2],"13":[1],"14":[250],"15":[1]},"fnMap":{"0":{"name":"sign","decl":{"start":{"line":4,"column":20},"end":{"line":9,"column":2}},"loc":{"start":{"line":4,"column":20},"end":{"line":9,"column":2}},"line":4},"1":{"name":"verify","decl":{"start":{"line":11,"column":22},"end":{"line":25,"column":2}},"loc":{"start":{"line":11,"column":22},"end":{"line":25,"column":2}},"line":11},"2":{"name":"genKeyPair","decl":{"start":{"line":27,"column":26},"end":{"line":32,"column":2}},"loc":{"start":{"line":27,"column":26},"end":{"line":32,"column":2}},"line":27},"3":{"name":"hash","decl":{"start":{"line":34,"column":20},"end":{"line":36,"column":2}},"loc":{"start":{"line":34,"column":20},"end":{"line":36,"column":2}},"line":34},"4":{"name":"deserializeKey","decl":{"start":{"line":46,"column":0},"end":{"line":58,"column":1}},"loc":{"start":{"line":46,"column":0},"end":{"line":58,"column":1}},"line":46},"5":{"name":"serializeKey","decl":{"start":{"line":60,"column":0},"end":{"line":67,"column":1}},"loc":{"start":{"line":60,"column":0},"end":{"line":67,"column":1}},"line":60},"6":{"name":"serializeKeyPair","decl":{"start":{"line":69,"column":0},"end":{"line":76,"column":1}},"loc":{"start":{"line":69,"column":0},"end":{"line":76,"column":1}},"line":69},"7":{"name":"deserializeKeyPair","decl":{"start":{"line":78,"column":0},"end":{"line":85,"column":1}},"loc":{"start":{"line":78,"column":0},"end":{"line":85,"column":1}},"line":78},"8":{"name":"keyEquals","decl":{"start":{"line":87,"column":0},"end":{"line":89,"column":1}},"loc":{"start":{"line":87,"column":0},"end":{"line":89,"column":1}},"line":87},"9":{"name":"findNonce","decl":{"start":{"line":95,"column":25},"end":{"line":115,"column":2}},"loc":{"start":{"line":95,"column":25},"end":{"line":115,"column":2}},"line":95}},"f":{"0":10,"1":11,"2":19,"3":251,"4":7,"5":35,"6":1,"7":1,"8":0,"9":3}}
,"/Users/luismeyer/Desktop/repos/litecoin/src/Transactions/InitialTransaction.ts": {"path":"/Users/luismeyer/Desktop/repos/litecoin/src/Transactions/InitialTransaction.ts","all":false,"statementMap":{"0":{"start":{"line":1,"column":0},"end":{"line":1,"column":35}},"1":{"start":{"line":2,"column":0},"end":{"line":2,"column":65}},"2":{"start":{"line":3,"column":0},"end":{"line":3,"column":8}},"3":{"start":{"line":4,"column":0},"end":{"line":4,"column":17}},"4":{"start":{"line":5,"column":0},"end":{"line":5,"column":24}},"5":{"start":{"line":6,"column":0},"end":{"line":6,"column":19}},"6":{"start":{"line":7,"column":0},"end":{"line":7,"column":14}},"7":{"start":{"line":8,"column":0},"end":{"line":8,"column":34}},"8":{"start":{"line":9,"column":0},"end":{"line":9,"column":0}},"9":{"start":{"line":10,"column":0},"end":{"line":10,"column":31}},"10":{"start":{"line":11,"column":0},"end":{"line":11,"column":30}},"11":{"start":{"line":12,"column":0},"end":{"line":12,"column":22}},"12":{"start":{"line":13,"column":0},"end":{"line":13,"column":1}},"13":{"start":{"line":14,"column":0},"end":{"line":14,"column":0}},"14":{"start":{"line":15,"column":0},"end":{"line":15,"column":64}},"15":{"start":{"line":16,"column":0},"end":{"line":16,"column":37}},"16":{"start":{"line":17,"column":0},"end":{"line":17,"column":29}},"17":{"start":{"line":18,"column":0},"end":{"line":18,"column":0}},"18":{"start":{"line":19,"column":0},"end":{"line":19,"column":70}},"19":{"start":{"line":20,"column":0},"end":{"line":20,"column":13}},"20":{"start":{"line":21,"column":0},"end":{"line":21,"column":46}},"21":{"start":{"line":22,"column":0},"end":{"line":22,"column":20}},"22":{"start":{"line":23,"column":0},"end":{"line":23,"column":50}},"23":{"start":{"line":24,"column":0},"end":{"line":24,"column":49}},"24":{"start":{"line":25,"column":0},"end":{"line":25,"column":14}},"25":{"start":{"line":26,"column":0},"end":{"line":26,"column":17}},"26":{"start":{"line":27,"column":0},"end":{"line":27,"column":25}},"27":{"start":{"line":28,"column":0},"end":{"line":28,"column":9}},"28":{"start":{"line":29,"column":0},"end":{"line":29,"column":5}},"29":{"start":{"line":30,"column":0},"end":{"line":30,"column":0}},"30":{"start":{"line":31,"column":0},"end":{"line":31,"column":51}},"31":{"start":{"line":32,"column":0},"end":{"line":32,"column":37}},"32":{"start":{"line":33,"column":0},"end":{"line":33,"column":33}},"33":{"start":{"line":34,"column":0},"end":{"line":34,"column":16}},"34":{"start":{"line":35,"column":0},"end":{"line":35,"column":36}},"35":{"start":{"line":36,"column":0},"end":{"line":36,"column":42}},"36":{"start":{"line":37,"column":0},"end":{"line":37,"column":9}},"37":{"start":{"line":38,"column":0},"end":{"line":38,"column":5}},"38":{"start":{"line":39,"column":0},"end":{"line":39,"column":0}},"39":{"start":{"line":40,"column":0},"end":{"line":40,"column":37}},"40":{"start":{"line":41,"column":0},"end":{"line":41,"column":53}},"41":{"start":{"line":42,"column":0},"end":{"line":42,"column":45}},"42":{"start":{"line":43,"column":0},"end":{"line":43,"column":39}},"43":{"start":{"line":44,"column":0},"end":{"line":44,"column":41}},"44":{"start":{"line":45,"column":0},"end":{"line":45,"column":10}},"45":{"start":{"line":46,"column":0},"end":{"line":46,"column":41}},"46":{"start":{"line":47,"column":0},"end":{"line":47,"column":62}},"47":{"start":{"line":48,"column":0},"end":{"line":48,"column":5}},"48":{"start":{"line":49,"column":0},"end":{"line":49,"column":0}},"49":{"start":{"line":50,"column":0},"end":{"line":50,"column":35}},"50":{"start":{"line":51,"column":0},"end":{"line":51,"column":53}},"51":{"start":{"line":52,"column":0},"end":{"line":52,"column":23}},"52":{"start":{"line":53,"column":0},"end":{"line":53,"column":52}},"53":{"start":{"line":54,"column":0},"end":{"line":54,"column":34}},"54":{"start":{"line":55,"column":0},"end":{"line":55,"column":36}},"55":{"start":{"line":56,"column":0},"end":{"line":56,"column":10}},"56":{"start":{"line":57,"column":0},"end":{"line":57,"column":35}},"57":{"start":{"line":58,"column":0},"end":{"line":58,"column":5}},"58":{"start":{"line":59,"column":0},"end":{"line":59,"column":0}},"59":{"start":{"line":60,"column":0},"end":{"line":60,"column":37}},"60":{"start":{"line":61,"column":0},"end":{"line":61,"column":56}},"61":{"start":{"line":62,"column":0},"end":{"line":62,"column":5}},"62":{"start":{"line":63,"column":0},"end":{"line":63,"column":1}}},"s":{"0":1,"1":1,"2":1,"3":1,"4":1,"5":1,"6":1,"7":1,"8":1,"9":1,"10":1,"11":1,"12":1,"13":1,"14":1,"15":1,"16":1,"17":1,"18":1,"19":0,"20":0,"21":0,"22":0,"23":0,"24":0,"25":0,"26":0,"27":0,"28":0,"29":1,"30":1,"31":2,"32":1,"33":1,"34":1,"35":1,"36":1,"37":2,"38":1,"39":1,"40":1,"41":1,"42":1,"43":1,"44":1,"45":1,"46":1,"47":1,"48":1,"49":1,"50":1,"51":1,"52":1,"53":1,"54":1,"55":1,"56":1,"57":1,"58":1,"59":1,"60":0,"61":0,"62":1},"branchMap":{"0":{"type":"branch","line":15,"loc":{"start":{"line":15,"column":0},"end":{"line":63,"column":1}},"locations":[{"start":{"line":15,"column":0},"end":{"line":63,"column":1}}]},"1":{"type":"branch","line":31,"loc":{"start":{"line":31,"column":4},"end":{"line":38,"column":5}},"locations":[{"start":{"line":31,"column":4},"end":{"line":38,"column":5}}]},"2":{"type":"branch","line":32,"loc":{"start":{"line":32,"column":36},"end":{"line":37,"column":9}},"locations":[{"start":{"line":32,"column":36},"end":{"line":37,"column":9}}]},"3":{"type":"branch","line":40,"loc":{"start":{"line":40,"column":4},"end":{"line":48,"column":5}},"locations":[{"start":{"line":40,"column":4},"end":{"line":48,"column":5}}]},"4":{"type":"branch","line":50,"loc":{"start":{"line":50,"column":4},"end":{"line":58,"column":5}},"locations":[{"start":{"line":50,"column":4},"end":{"line":58,"column":5}}]}},"b":{"0":[1],"1":[2],"2":[1],"3":[1],"4":[1]},"fnMap":{"0":{"name":"InitialTransaction","decl":{"start":{"line":31,"column":4},"end":{"line":38,"column":5}},"loc":{"start":{"line":31,"column":4},"end":{"line":38,"column":5}},"line":31},"1":{"name":"Object.<anonymous>.InitialTransaction.isInitialTransaction","decl":{"start":{"line":19,"column":4},"end":{"line":29,"column":5}},"loc":{"start":{"line":19,"column":4},"end":{"line":29,"column":5}},"line":19},"2":{"name":"Object.<anonymous>.InitialTransaction.serialize","decl":{"start":{"line":40,"column":4},"end":{"line":48,"column":5}},"loc":{"start":{"line":40,"column":4},"end":{"line":48,"column":5}},"line":40},"3":{"name":"Object.<anonymous>.InitialTransaction.deserialize","decl":{"start":{"line":50,"column":4},"end":{"line":58,"column":5}},"loc":{"start":{"line":50,"column":4},"end":{"line":58,"column":5}},"line":50},"4":{"name":"Object.<anonymous>.InitialTransaction.containsAddress","decl":{"start":{"line":60,"column":4},"end":{"line":62,"column":5}},"loc":{"start":{"line":60,"column":4},"end":{"line":62,"column":5}},"line":60}},"f":{"0":2,"1":0,"2":1,"3":1,"4":0}}
,"/Users/luismeyer/Desktop/repos/litecoin/src/Transactions/InputOutput.ts": {"path":"/Users/luismeyer/Desktop/repos/litecoin/src/Transactions/InputOutput.ts","all":false,"statementMap":{"0":{"start":{"line":1,"column":0},"end":{"line":1,"column":35}},"1":{"start":{"line":2,"column":0},"end":{"line":2,"column":68}},"2":{"start":{"line":3,"column":0},"end":{"line":3,"column":67}},"3":{"start":{"line":4,"column":0},"end":{"line":4,"column":0}},"4":{"start":{"line":5,"column":0},"end":{"line":5,"column":55}},"5":{"start":{"line":6,"column":0},"end":{"line":6,"column":34}},"6":{"start":{"line":7,"column":0},"end":{"line":7,"column":1}},"7":{"start":{"line":8,"column":0},"end":{"line":8,"column":0}},"8":{"start":{"line":9,"column":0},"end":{"line":9,"column":57}},"9":{"start":{"line":10,"column":0},"end":{"line":10,"column":12}},"10":{"start":{"line":11,"column":0},"end":{"line":11,"column":31}},"11":{"start":{"line":12,"column":0},"end":{"line":12,"column":41}},"12":{"start":{"line":13,"column":0},"end":{"line":13,"column":79}},"13":{"start":{"line":14,"column":0},"end":{"line":14,"column":6}},"14":{"start":{"line":15,"column":0},"end":{"line":15,"column":1}}},"s":{"0":1,"1":1,"2":1,"3":1,"4":0,"5":0,"6":0,"7":1,"8":0,"9":0,"10":0,"11":0,"12":0,"13":0,"14":0},"branchMap":{},"b":{},"fnMap":{"0":{"name":"isInput","decl":{"start":{"line":5,"column":0},"end":{"line":7,"column":1}},"loc":{"start":{"line":5,"column":0},"end":{"line":7,"column":1}},"line":5},"1":{"name":"isOutput","decl":{"start":{"line":9,"column":0},"end":{"line":15,"column":1}},"loc":{"start":{"line":9,"column":0},"end":{"line":15,"column":1}},"line":9}},"f":{"0":0,"1":0}}
,"/Users/luismeyer/Desktop/repos/litecoin/src/Transactions/SignedTransaction.ts": {"path":"/Users/luismeyer/Desktop/repos/litecoin/src/Transactions/SignedTransaction.ts","all":false,"statementMap":{"0":{"start":{"line":1,"column":0},"end":{"line":1,"column":59}},"1":{"start":{"line":2,"column":0},"end":{"line":2,"column":65}},"2":{"start":{"line":3,"column":0},"end":{"line":3,"column":8}},"3":{"start":{"line":4,"column":0},"end":{"line":4,"column":9}},"4":{"start":{"line":5,"column":0},"end":{"line":5,"column":11}},"5":{"start":{"line":6,"column":0},"end":{"line":6,"column":17}},"6":{"start":{"line":7,"column":0},"end":{"line":7,"column":24}},"7":{"start":{"line":8,"column":0},"end":{"line":8,"column":19}},"8":{"start":{"line":9,"column":0},"end":{"line":9,"column":14}},"9":{"start":{"line":10,"column":0},"end":{"line":10,"column":34}},"10":{"start":{"line":11,"column":0},"end":{"line":11,"column":0}},"11":{"start":{"line":12,"column":0},"end":{"line":12,"column":37}},"12":{"start":{"line":13,"column":0},"end":{"line":13,"column":28}},"13":{"start":{"line":14,"column":0},"end":{"line":14,"column":33}},"14":{"start":{"line":15,"column":0},"end":{"line":15,"column":23}},"15":{"start":{"line":16,"column":0},"end":{"line":16,"column":23}},"16":{"start":{"line":17,"column":0},"end":{"line":17,"column":1}},"17":{"start":{"line":18,"column":0},"end":{"line":18,"column":0}},"18":{"start":{"line":19,"column":0},"end":{"line":19,"column":62}},"19":{"start":{"line":20,"column":0},"end":{"line":20,"column":35}},"20":{"start":{"line":21,"column":0},"end":{"line":21,"column":40}},"21":{"start":{"line":22,"column":0},"end":{"line":22,"column":30}},"22":{"start":{"line":23,"column":0},"end":{"line":23,"column":29}},"23":{"start":{"line":24,"column":0},"end":{"line":24,"column":0}},"24":{"start":{"line":25,"column":0},"end":{"line":25,"column":55}},"25":{"start":{"line":26,"column":0},"end":{"line":26,"column":13}},"26":{"start":{"line":27,"column":0},"end":{"line":27,"column":50}},"27":{"start":{"line":28,"column":0},"end":{"line":28,"column":58}},"28":{"start":{"line":29,"column":0},"end":{"line":29,"column":27}},"29":{"start":{"line":30,"column":0},"end":{"line":30,"column":50}},"30":{"start":{"line":31,"column":0},"end":{"line":31,"column":62}},"31":{"start":{"line":32,"column":0},"end":{"line":32,"column":15}},"32":{"start":{"line":33,"column":0},"end":{"line":33,"column":29}},"33":{"start":{"line":34,"column":0},"end":{"line":34,"column":59}},"34":{"start":{"line":35,"column":0},"end":{"line":35,"column":24}},"35":{"start":{"line":36,"column":0},"end":{"line":36,"column":77}},"36":{"start":{"line":37,"column":0},"end":{"line":37,"column":14}},"37":{"start":{"line":38,"column":0},"end":{"line":38,"column":20}},"38":{"start":{"line":39,"column":0},"end":{"line":39,"column":22}},"39":{"start":{"line":40,"column":0},"end":{"line":40,"column":52}},"40":{"start":{"line":41,"column":0},"end":{"line":41,"column":79}},"41":{"start":{"line":42,"column":0},"end":{"line":42,"column":14}},"42":{"start":{"line":43,"column":0},"end":{"line":43,"column":17}},"43":{"start":{"line":44,"column":0},"end":{"line":44,"column":25}},"44":{"start":{"line":45,"column":0},"end":{"line":45,"column":9}},"45":{"start":{"line":46,"column":0},"end":{"line":46,"column":5}},"46":{"start":{"line":47,"column":0},"end":{"line":47,"column":0}},"47":{"start":{"line":48,"column":0},"end":{"line":48,"column":50}},"48":{"start":{"line":49,"column":0},"end":{"line":49,"column":37}},"49":{"start":{"line":50,"column":0},"end":{"line":50,"column":33}},"50":{"start":{"line":51,"column":0},"end":{"line":51,"column":16}},"51":{"start":{"line":52,"column":0},"end":{"line":52,"column":34}},"52":{"start":{"line":53,"column":0},"end":{"line":53,"column":38}},"53":{"start":{"line":54,"column":0},"end":{"line":54,"column":42}},"54":{"start":{"line":55,"column":0},"end":{"line":55,"column":56}},"55":{"start":{"line":56,"column":0},"end":{"line":56,"column":9}},"56":{"start":{"line":57,"column":0},"end":{"line":57,"column":5}},"57":{"start":{"line":58,"column":0},"end":{"line":58,"column":0}},"58":{"start":{"line":59,"column":0},"end":{"line":59,"column":24}},"59":{"start":{"line":60,"column":0},"end":{"line":60,"column":42}},"60":{"start":{"line":61,"column":0},"end":{"line":61,"column":41}},"61":{"start":{"line":62,"column":0},"end":{"line":62,"column":61}},"62":{"start":{"line":63,"column":0},"end":{"line":63,"column":56}},"63":{"start":{"line":64,"column":0},"end":{"line":64,"column":75}},"64":{"start":{"line":65,"column":0},"end":{"line":65,"column":11}},"65":{"start":{"line":66,"column":0},"end":{"line":66,"column":51}},"66":{"start":{"line":67,"column":0},"end":{"line":67,"column":16}},"67":{"start":{"line":68,"column":0},"end":{"line":68,"column":27}},"68":{"start":{"line":69,"column":0},"end":{"line":69,"column":19}},"69":{"start":{"line":70,"column":0},"end":{"line":70,"column":54}},"70":{"start":{"line":71,"column":0},"end":{"line":71,"column":32}},"71":{"start":{"line":72,"column":0},"end":{"line":72,"column":30}},"72":{"start":{"line":73,"column":0},"end":{"line":73,"column":13}},"73":{"start":{"line":74,"column":0},"end":{"line":74,"column":10}},"74":{"start":{"line":75,"column":0},"end":{"line":75,"column":5}},"75":{"start":{"line":76,"column":0},"end":{"line":76,"column":0}},"76":{"start":{"line":77,"column":0},"end":{"line":77,"column":26}},"77":{"start":{"line":78,"column":0},"end":{"line":78,"column":51}},"78":{"start":{"line":79,"column":0},"end":{"line":79,"column":48}},"79":{"start":{"line":80,"column":0},"end":{"line":80,"column":10}},"80":{"start":{"line":81,"column":0},"end":{"line":81,"column":67}},"81":{"start":{"line":82,"column":0},"end":{"line":82,"column":20}},"82":{"start":{"line":83,"column":0},"end":{"line":83,"column":49}},"83":{"start":{"line":84,"column":0},"end":{"line":84,"column":24}},"84":{"start":{"line":85,"column":0},"end":{"line":85,"column":48}},"85":{"start":{"line":86,"column":0},"end":{"line":86,"column":42}},"86":{"start":{"line":87,"column":0},"end":{"line":87,"column":44}},"87":{"start":{"line":88,"column":0},"end":{"line":88,"column":18}},"88":{"start":{"line":89,"column":0},"end":{"line":89,"column":15}},"89":{"start":{"line":90,"column":0},"end":{"line":90,"column":41}},"90":{"start":{"line":91,"column":0},"end":{"line":91,"column":45}},"91":{"start":{"line":92,"column":0},"end":{"line":92,"column":5}},"92":{"start":{"line":93,"column":0},"end":{"line":93,"column":0}},"93":{"start":{"line":94,"column":0},"end":{"line":94,"column":30}},"94":{"start":{"line":95,"column":0},"end":{"line":95,"column":35}},"95":{"start":{"line":96,"column":0},"end":{"line":96,"column":29}},"96":{"start":{"line":97,"column":0},"end":{"line":97,"column":72}},"97":{"start":{"line":98,"column":0},"end":{"line":98,"column":10}},"98":{"start":{"line":99,"column":0},"end":{"line":99,"column":26}},"99":{"start":{"line":100,"column":0},"end":{"line":100,"column":5}},"100":{"start":{"line":101,"column":0},"end":{"line":101,"column":0}},"101":{"start":{"line":102,"column":0},"end":{"line":102,"column":33}},"102":{"start":{"line":103,"column":0},"end":{"line":103,"column":30}},"103":{"start":{"line":104,"column":0},"end":{"line":104,"column":67}},"104":{"start":{"line":105,"column":0},"end":{"line":105,"column":22}},"105":{"start":{"line":106,"column":0},"end":{"line":106,"column":10}},"106":{"start":{"line":107,"column":0},"end":{"line":107,"column":5}},"107":{"start":{"line":108,"column":0},"end":{"line":108,"column":0}},"108":{"start":{"line":109,"column":0},"end":{"line":109,"column":37}},"109":{"start":{"line":110,"column":0},"end":{"line":110,"column":30}},"110":{"start":{"line":111,"column":0},"end":{"line":111,"column":28}},"111":{"start":{"line":112,"column":0},"end":{"line":112,"column":77}},"112":{"start":{"line":113,"column":0},"end":{"line":113,"column":38}},"113":{"start":{"line":114,"column":0},"end":{"line":114,"column":9}},"114":{"start":{"line":115,"column":0},"end":{"line":115,"column":51}},"115":{"start":{"line":116,"column":0},"end":{"line":116,"column":61}},"116":{"start":{"line":117,"column":0},"end":{"line":117,"column":67}},"117":{"start":{"line":118,"column":0},"end":{"line":118,"column":5}},"118":{"start":{"line":119,"column":0},"end":{"line":119,"column":0}},"119":{"start":{"line":120,"column":0},"end":{"line":120,"column":35}},"120":{"start":{"line":121,"column":0},"end":{"line":121,"column":72}},"121":{"start":{"line":122,"column":0},"end":{"line":122,"column":68}},"122":{"start":{"line":123,"column":0},"end":{"line":123,"column":77}},"123":{"start":{"line":124,"column":0},"end":{"line":124,"column":20}},"124":{"start":{"line":125,"column":0},"end":{"line":125,"column":56}},"125":{"start":{"line":126,"column":0},"end":{"line":126,"column":38}},"126":{"start":{"line":127,"column":0},"end":{"line":127,"column":40}},"127":{"start":{"line":128,"column":0},"end":{"line":128,"column":14}},"128":{"start":{"line":129,"column":0},"end":{"line":129,"column":11}},"129":{"start":{"line":130,"column":0},"end":{"line":130,"column":58}},"130":{"start":{"line":131,"column":0},"end":{"line":131,"column":23}},"131":{"start":{"line":132,"column":0},"end":{"line":132,"column":75}},"132":{"start":{"line":133,"column":0},"end":{"line":133,"column":35}},"133":{"start":{"line":134,"column":0},"end":{"line":134,"column":5}},"134":{"start":{"line":135,"column":0},"end":{"line":135,"column":0}},"135":{"start":{"line":136,"column":0},"end":{"line":136,"column":46}},"136":{"start":{"line":137,"column":0},"end":{"line":137,"column":57}},"137":{"start":{"line":138,"column":0},"end":{"line":138,"column":33}},"138":{"start":{"line":139,"column":0},"end":{"line":139,"column":42}},"139":{"start":{"line":140,"column":0},"end":{"line":140,"column":54}},"140":{"start":{"line":141,"column":0},"end":{"line":141,"column":11}},"141":{"start":{"line":142,"column":0},"end":{"line":142,"column":19}},"142":{"start":{"line":143,"column":0},"end":{"line":143,"column":5}},"143":{"start":{"line":144,"column":0},"end":{"line":144,"column":1}}},"s":{"0":1,"1":1,"2":1,"3":1,"4":1,"5":1,"6":1,"7":1,"8":1,"9":1,"10":1,"11":1,"12":1,"13":1,"14":1,"15":1,"16":1,"17":1,"18":1,"19":1,"20":1,"21":1,"22":1,"23":1,"24":1,"25":0,"26":0,"27":0,"28":0,"29":0,"30":0,"31":0,"32":0,"33":0,"34":0,"35":0,"36":0,"37":0,"38":0,"39":0,"40":0,"41":0,"42":0,"43":0,"44":0,"45":0,"46":1,"47":1,"48":7,"49":1,"50":7,"51":6,"52":6,"53":6,"54":6,"55":6,"56":7,"57":1,"58":1,"59":9,"60":7,"61":7,"62":7,"63":7,"64":7,"65":7,"66":7,"67":7,"68":7,"69":7,"70":7,"71":7,"72":9,"73":9,"74":9,"75":1,"76":1,"77":16,"78":16,"79":16,"80":16,"81":16,"82":16,"83":16,"84":16,"85":16,"86":16,"87":16,"88":16,"89":16,"90":16,"91":16,"92":1,"93":1,"94":2,"95":2,"96":2,"97":2,"98":2,"99":2,"100":1,"101":1,"102":6,"103":6,"104":6,"105":6,"106":6,"107":1,"108":1,"109":3,"110":1,"111":1,"112":1,"113":1,"114":2,"115":2,"116":2,"117":2,"118":1,"119":1,"120":2,"121":2,"122":2,"123":2,"124":2,"125":2,"126":2,"127":2,"128":2,"129":2,"130":2,"131":2,"132":1,"133":1,"134":1,"135":1,"136":0,"137":0,"138":0,"139":0,"140":0,"141":0,"142":0,"143":1},"branchMap":{"0":{"type":"branch","line":19,"loc":{"start":{"line":19,"column":0},"end":{"line":144,"column":1}},"locations":[{"start":{"line":19,"column":0},"end":{"line":144,"column":1}}]},"1":{"type":"branch","line":48,"loc":{"start":{"line":48,"column":4},"end":{"line":57,"column":5}},"locations":[{"start":{"line":48,"column":4},"end":{"line":57,"column":5}}]},"2":{"type":"branch","line":49,"loc":{"start":{"line":49,"column":36},"end":{"line":51,"column":15}},"locations":[{"start":{"line":49,"column":36},"end":{"line":51,"column":15}}]},"3":{"type":"branch","line":51,"loc":{"start":{"line":51,"column":9},"end":{"line":56,"column":9}},"locations":[{"start":{"line":51,"column":9},"end":{"line":56,"column":9}}]},"4":{"type":"branch","line":59,"loc":{"start":{"line":59,"column":4},"end":{"line":75,"column":5}},"locations":[{"start":{"line":59,"column":4},"end":{"line":75,"column":5}}]},"5":{"type":"branch","line":60,"loc":{"start":{"line":60,"column":29},"end":{"line":60,"column":42}},"locations":[{"start":{"line":60,"column":29},"end":{"line":60,"column":42}}]},"6":{"type":"branch","line":61,"loc":{"start":{"line":61,"column":-1},"end":{"line":72,"column":30}},"locations":[{"start":{"line":61,"column":-1},"end":{"line":72,"column":30}}]},"7":{"type":"branch","line":62,"loc":{"start":{"line":62,"column":29},"end":{"line":65,"column":9}},"locations":[{"start":{"line":62,"column":29},"end":{"line":65,"column":9}}]},"8":{"type":"branch","line":63,"loc":{"start":{"line":63,"column":35},"end":{"line":63,"column":56}},"locations":[{"start":{"line":63,"column":35},"end":{"line":63,"column":56}}]},"9":{"type":"branch","line":64,"loc":{"start":{"line":64,"column":30},"end":{"line":64,"column":52}},"locations":[{"start":{"line":64,"column":30},"end":{"line":64,"column":52}}]},"10":{"type":"branch","line":64,"loc":{"start":{"line":64,"column":54},"end":{"line":64,"column":75}},"locations":[{"start":{"line":64,"column":54},"end":{"line":64,"column":75}}]},"11":{"type":"branch","line":77,"loc":{"start":{"line":77,"column":4},"end":{"line":92,"column":5}},"locations":[{"start":{"line":77,"column":4},"end":{"line":92,"column":5}}]},"12":{"type":"branch","line":83,"loc":{"start":{"line":83,"column":17},"end":{"line":89,"column":13}},"locations":[{"start":{"line":83,"column":17},"end":{"line":89,"column":13}}]},"13":{"type":"branch","line":94,"loc":{"start":{"line":94,"column":4},"end":{"line":100,"column":5}},"locations":[{"start":{"line":94,"column":4},"end":{"line":100,"column":5}}]},"14":{"type":"branch","line":97,"loc":{"start":{"line":97,"column":12},"end":{"line":97,"column":44}},"locations":[{"start":{"line":97,"column":12},"end":{"line":97,"column":44}}]},"15":{"type":"branch","line":102,"loc":{"start":{"line":102,"column":4},"end":{"line":107,"column":5}},"locations":[{"start":{"line":102,"column":4},"end":{"line":107,"column":5}}]},"16":{"type":"branch","line":109,"loc":{"start":{"line":109,"column":4},"end":{"line":118,"column":5}},"locations":[{"start":{"line":109,"column":4},"end":{"line":118,"column":5}}]},"17":{"type":"branch","line":110,"loc":{"start":{"line":110,"column":29},"end":{"line":114,"column":9}},"locations":[{"start":{"line":110,"column":29},"end":{"line":114,"column":9}}]},"18":{"type":"branch","line":115,"loc":{"start":{"line":115,"column":-1},"end":{"line":118,"column":5}},"locations":[{"start":{"line":115,"column":-1},"end":{"line":118,"column":5}}]},"19":{"type":"branch","line":120,"loc":{"start":{"line":120,"column":4},"end":{"line":134,"column":5}},"locations":[{"start":{"line":120,"column":4},"end":{"line":134,"column":5}}]},"20":{"type":"branch","line":132,"loc":{"start":{"line":132,"column":12},"end":{"line":134,"column":5}},"locations":[{"start":{"line":132,"column":12},"end":{"line":134,"column":5}}]},"21":{"type":"branch","line":123,"loc":{"start":{"line":123,"column":35},"end":{"line":129,"column":9}},"locations":[{"start":{"line":123,"column":35},"end":{"line":129,"column":9}}]}},"b":{"0":[1],"1":[7],"2":[1],"3":[6],"4":[9],"5":[2],"6":[7],"7":[7],"8":[0],"9":[0],"10":[0],"11":[16],"12":[16],"13":[2],"14":[4],"15":[6],"16":[3],"17":[1],"18":[2],"19":[2],"20":[1],"21":[2]},"fnMap":{"0":{"name":"SignedTransaction","decl":{"start":{"line":48,"column":4},"end":{"line":57,"column":5}},"loc":{"start":{"line":48,"column":4},"end":{"line":57,"column":5}},"line":48},"1":{"name":"Object.<anonymous>.SignedTransaction.isSignedTransaction","decl":{"start":{"line":25,"column":4},"end":{"line":46,"column":5}},"loc":{"start":{"line":25,"column":4},"end":{"line":46,"column":5}},"line":25},"2":{"name":"Object.<anonymous>.SignedTransaction.isValid","decl":{"start":{"line":59,"column":4},"end":{"line":75,"column":5}},"loc":{"start":{"line":59,"column":4},"end":{"line":75,"column":5}},"line":59},"3":{"name":"Object.<anonymous>.SignedTransaction.makeSignableObject","decl":{"start":{"line":77,"column":4},"end":{"line":92,"column":5}},"loc":{"start":{"line":77,"column":4},"end":{"line":92,"column":5}},"line":77},"4":{"name":"Object.<anonymous>.SignedTransaction.getTotalAmount","decl":{"start":{"line":94,"column":4},"end":{"line":100,"column":5}},"loc":{"start":{"line":94,"column":4},"end":{"line":100,"column":5}},"line":94},"5":{"name":"Object.<anonymous>.SignedTransaction.sign","decl":{"start":{"line":102,"column":4},"end":{"line":107,"column":5}},"loc":{"start":{"line":102,"column":4},"end":{"line":107,"column":5}},"line":102},"6":{"name":"Object.<anonymous>.SignedTransaction.serialize","decl":{"start":{"line":109,"column":4},"end":{"line":118,"column":5}},"loc":{"start":{"line":109,"column":4},"end":{"line":118,"column":5}},"line":109},"7":{"name":"Object.<anonymous>.SignedTransaction.deserialize","decl":{"start":{"line":120,"column":4},"end":{"line":134,"column":5}},"loc":{"start":{"line":120,"column":4},"end":{"line":134,"column":5}},"line":120},"8":{"name":"Object.<anonymous>.SignedTransaction.containsAddress","decl":{"start":{"line":136,"column":4},"end":{"line":143,"column":5}},"loc":{"start":{"line":136,"column":4},"end":{"line":143,"column":5}},"line":136}},"f":{"0":7,"1":0,"2":9,"3":16,"4":2,"5":6,"6":3,"7":2,"8":0}}
,"/Users/luismeyer/Desktop/repos/litecoin/src/Transactions/Transactions.ts": {"path":"/Users/luismeyer/Desktop/repos/litecoin/src/Transactions/Transactions.ts","all":false,"statementMap":{"0":{"start":{"line":1,"column":0},"end":{"line":1,"column":56}},"1":{"start":{"line":2,"column":0},"end":{"line":2,"column":58}},"2":{"start":{"line":3,"column":0},"end":{"line":3,"column":51}},"3":{"start":{"line":4,"column":0},"end":{"line":4,"column":35}},"4":{"start":{"line":5,"column":0},"end":{"line":5,"column":0}},"5":{"start":{"line":6,"column":0},"end":{"line":6,"column":72}},"6":{"start":{"line":7,"column":0},"end":{"line":7,"column":48}},"7":{"start":{"line":8,"column":0},"end":{"line":8,"column":40}},"8":{"start":{"line":9,"column":0},"end":{"line":9,"column":34}},"9":{"start":{"line":10,"column":0},"end":{"line":10,"column":38}},"10":{"start":{"line":11,"column":0},"end":{"line":11,"column":21}},"11":{"start":{"line":12,"column":0},"end":{"line":12,"column":5}},"12":{"start":{"line":13,"column":0},"end":{"line":13,"column":0}},"13":{"start":{"line":14,"column":0},"end":{"line":14,"column":64}}},"s":{"0":1,"1":1,"2":1,"3":1,"4":1,"5":1,"6":1,"7":1,"8":1,"9":1,"10":1,"11":1,"12":1,"13":1},"branchMap":{"0":{"type":"branch","line":14,"loc":{"start":{"line":14,"column":9},"end":{"line":14,"column":26}},"locations":[{"start":{"line":14,"column":9},"end":{"line":14,"column":26}}]},"1":{"type":"branch","line":14,"loc":{"start":{"line":14,"column":28},"end":{"line":14,"column":46}},"locations":[{"start":{"line":14,"column":28},"end":{"line":14,"column":46}}]}},"b":{"0":[7],"1":[2]},"fnMap":{"0":{"name":"get","decl":{"start":{"line":14,"column":9},"end":{"line":14,"column":26}},"loc":{"start":{"line":14,"column":9},"end":{"line":14,"column":26}},"line":14},"1":{"name":"get","decl":{"start":{"line":14,"column":28},"end":{"line":14,"column":46}},"loc":{"start":{"line":14,"column":28},"end":{"line":14,"column":46}},"line":14}},"f":{"0":7,"1":2}}
}
