TN:
SF:src/Encryption/Encryption.ts
FN:4,sign
FN:11,verify
FN:27,genKeyPair
FN:34,hash
FN:46,deserializeKey
FN:60,serializeKey
FN:69,serializeKeyPair
FN:78,deserializeKeyPair
FN:87,keyEquals
FN:95,findNonce
FNF:10
FNH:9
FNDA:10,sign
FNDA:11,verify
FNDA:19,genKeyPair
FNDA:251,hash
FNDA:7,deserializeKey
FNDA:35,serializeKey
FNDA:1,serializeKeyPair
FNDA:1,deserializeKeyPair
FNDA:0,keyEquals
FNDA:3,findNonce
DA:1,1
DA:2,1
DA:3,1
DA:4,1
DA:5,10
DA:6,10
DA:7,10
DA:8,10
DA:9,10
DA:10,1
DA:11,1
DA:12,11
DA:13,11
DA:14,11
DA:15,11
DA:16,11
DA:17,11
DA:18,11
DA:19,11
DA:20,11
DA:21,11
DA:22,11
DA:23,11
DA:24,11
DA:25,11
DA:26,1
DA:27,1
DA:28,19
DA:29,19
DA:30,19
DA:31,19
DA:32,19
DA:33,1
DA:34,1
DA:35,251
DA:36,251
DA:37,1
DA:38,1
DA:39,1
DA:40,1
DA:41,1
DA:42,1
DA:43,1
DA:44,1
DA:45,1
DA:46,7
DA:47,7
DA:48,7
DA:49,7
DA:50,7
DA:51,7
DA:52,7
DA:53,7
DA:54,7
DA:55,7
DA:56,7
DA:57,7
DA:58,7
DA:59,1
DA:60,35
DA:61,35
DA:62,35
DA:63,35
DA:64,35
DA:65,35
DA:66,35
DA:67,35
DA:68,1
DA:69,1
DA:70,1
DA:71,1
DA:72,1
DA:73,1
DA:74,1
DA:75,1
DA:76,1
DA:77,1
DA:78,1
DA:79,1
DA:80,1
DA:81,1
DA:82,1
DA:83,1
DA:84,1
DA:85,1
DA:86,1
DA:87,0
DA:88,0
DA:89,0
DA:90,1
DA:91,1
DA:92,1
DA:93,1
DA:94,1
DA:95,1
DA:96,3
DA:97,3
DA:98,3
DA:99,3
DA:100,3
DA:101,1
DA:102,1
DA:103,1
DA:104,1
DA:105,1
DA:106,1
DA:107,3
DA:108,250
DA:109,250
DA:110,250
DA:111,250
DA:112,3
DA:113,1
DA:114,1
DA:115,1
LF:115
LH:112
BRDA:4,0,0,10
BRDA:11,1,0,11
BRDA:27,2,0,19
BRDA:34,3,0,251
BRDA:46,4,0,7
BRDA:52,5,0,6
BRDA:53,6,0,1
BRDA:60,7,0,35
BRDA:69,8,0,1
BRDA:78,9,0,1
BRDA:95,10,0,3
BRDA:99,11,0,2
BRDA:100,12,0,2
BRDA:101,13,0,1
BRDA:107,14,0,250
BRDA:112,15,0,1
BRF:16
BRH:16
end_of_record
TN:
SF:src/Transactions/InitialTransaction.ts
FN:31,InitialTransaction
FN:19,Object.<anonymous>.InitialTransaction.isInitialTransaction
FN:40,Object.<anonymous>.InitialTransaction.serialize
FN:50,Object.<anonymous>.InitialTransaction.deserialize
FN:60,Object.<anonymous>.InitialTransaction.containsAddress
FNF:5
FNH:3
FNDA:2,InitialTransaction
FNDA:0,Object.<anonymous>.InitialTransaction.isInitialTransaction
FNDA:1,Object.<anonymous>.InitialTransaction.serialize
FNDA:1,Object.<anonymous>.InitialTransaction.deserialize
FNDA:0,Object.<anonymous>.InitialTransaction.containsAddress
DA:1,1
DA:2,1
DA:3,1
DA:4,1
DA:5,1
DA:6,1
DA:7,1
DA:8,1
DA:9,1
DA:10,1
DA:11,1
DA:12,1
DA:13,1
DA:14,1
DA:15,1
DA:16,1
DA:17,1
DA:18,1
DA:19,1
DA:20,0
DA:21,0
DA:22,0
DA:23,0
DA:24,0
DA:25,0
DA:26,0
DA:27,0
DA:28,0
DA:29,0
DA:30,1
DA:31,1
DA:32,2
DA:33,1
DA:34,1
DA:35,1
DA:36,1
DA:37,1
DA:38,2
DA:39,1
DA:40,1
DA:41,1
DA:42,1
DA:43,1
DA:44,1
DA:45,1
DA:46,1
DA:47,1
DA:48,1
DA:49,1
DA:50,1
DA:51,1
DA:52,1
DA:53,1
DA:54,1
DA:55,1
DA:56,1
DA:57,1
DA:58,1
DA:59,1
DA:60,1
DA:61,0
DA:62,0
DA:63,1
LF:63
LH:51
BRDA:15,0,0,1
BRDA:31,1,0,2
BRDA:32,2,0,1
BRDA:40,3,0,1
BRDA:50,4,0,1
BRF:5
BRH:5
end_of_record
TN:
SF:src/Transactions/InputOutput.ts
FN:5,isInput
FN:9,isOutput
FNF:2
FNH:0
FNDA:0,isInput
FNDA:0,isOutput
DA:1,1
DA:2,1
DA:3,1
DA:4,1
DA:5,0
DA:6,0
DA:7,0
DA:8,1
DA:9,0
DA:10,0
DA:11,0
DA:12,0
DA:13,0
DA:14,0
DA:15,0
LF:15
LH:5
BRF:0
BRH:0
end_of_record
TN:
SF:src/Transactions/SignedTransaction.ts
FN:48,SignedTransaction
FN:25,Object.<anonymous>.SignedTransaction.isSignedTransaction
FN:59,Object.<anonymous>.SignedTransaction.isValid
FN:77,Object.<anonymous>.SignedTransaction.makeSignableObject
FN:94,Object.<anonymous>.SignedTransaction.getTotalAmount
FN:102,Object.<anonymous>.SignedTransaction.sign
FN:109,Object.<anonymous>.SignedTransaction.serialize
FN:120,Object.<anonymous>.SignedTransaction.deserialize
FN:136,Object.<anonymous>.SignedTransaction.containsAddress
FNF:9
FNH:7
FNDA:7,SignedTransaction
FNDA:0,Object.<anonymous>.SignedTransaction.isSignedTransaction
FNDA:9,Object.<anonymous>.SignedTransaction.isValid
FNDA:16,Object.<anonymous>.SignedTransaction.makeSignableObject
FNDA:2,Object.<anonymous>.SignedTransaction.getTotalAmount
FNDA:6,Object.<anonymous>.SignedTransaction.sign
FNDA:3,Object.<anonymous>.SignedTransaction.serialize
FNDA:2,Object.<anonymous>.SignedTransaction.deserialize
FNDA:0,Object.<anonymous>.SignedTransaction.containsAddress
DA:1,1
DA:2,1
DA:3,1
DA:4,1
DA:5,1
DA:6,1
DA:7,1
DA:8,1
DA:9,1
DA:10,1
DA:11,1
DA:12,1
DA:13,1
DA:14,1
DA:15,1
DA:16,1
DA:17,1
DA:18,1
DA:19,1
DA:20,1
DA:21,1
DA:22,1
DA:23,1
DA:24,1
DA:25,1
DA:26,0
DA:27,0
DA:28,0
DA:29,0
DA:30,0
DA:31,0
DA:32,0
DA:33,0
DA:34,0
DA:35,0
DA:36,0
DA:37,0
DA:38,0
DA:39,0
DA:40,0
DA:41,0
DA:42,0
DA:43,0
DA:44,0
DA:45,0
DA:46,0
DA:47,1
DA:48,1
DA:49,7
DA:50,1
DA:51,7
DA:52,6
DA:53,6
DA:54,6
DA:55,6
DA:56,6
DA:57,7
DA:58,1
DA:59,1
DA:60,9
DA:61,7
DA:62,7
DA:63,7
DA:64,7
DA:65,7
DA:66,7
DA:67,7
DA:68,7
DA:69,7
DA:70,7
DA:71,7
DA:72,7
DA:73,9
DA:74,9
DA:75,9
DA:76,1
DA:77,1
DA:78,16
DA:79,16
DA:80,16
DA:81,16
DA:82,16
DA:83,16
DA:84,16
DA:85,16
DA:86,16
DA:87,16
DA:88,16
DA:89,16
DA:90,16
DA:91,16
DA:92,16
DA:93,1
DA:94,1
DA:95,2
DA:96,2
DA:97,2
DA:98,2
DA:99,2
DA:100,2
DA:101,1
DA:102,1
DA:103,6
DA:104,6
DA:105,6
DA:106,6
DA:107,6
DA:108,1
DA:109,1
DA:110,3
DA:111,1
DA:112,1
DA:113,1
DA:114,1
DA:115,2
DA:116,2
DA:117,2
DA:118,2
DA:119,1
DA:120,1
DA:121,2
DA:122,2
DA:123,2
DA:124,2
DA:125,2
DA:126,2
DA:127,2
DA:128,2
DA:129,2
DA:130,2
DA:131,2
DA:132,2
DA:133,1
DA:134,1
DA:135,1
DA:136,1
DA:137,0
DA:138,0
DA:139,0
DA:140,0
DA:141,0
DA:142,0
DA:143,0
DA:144,1
LF:144
LH:116
BRDA:19,0,0,1
BRDA:48,1,0,7
BRDA:49,2,0,1
BRDA:51,3,0,6
BRDA:59,4,0,9
BRDA:60,5,0,2
BRDA:61,6,0,7
BRDA:62,7,0,7
BRDA:63,8,0,0
BRDA:64,9,0,0
BRDA:64,10,0,0
BRDA:77,11,0,16
BRDA:83,12,0,16
BRDA:94,13,0,2
BRDA:97,14,0,4
BRDA:102,15,0,6
BRDA:109,16,0,3
BRDA:110,17,0,1
BRDA:115,18,0,2
BRDA:120,19,0,2
BRDA:132,20,0,1
BRDA:123,21,0,2
BRF:22
BRH:19
end_of_record
TN:
SF:src/Transactions/Transactions.ts
FN:14,get
FN:14,get
FNF:2
FNH:2
FNDA:7,get
FNDA:2,get
DA:1,1
DA:2,1
DA:3,1
DA:4,1
DA:5,1
DA:6,1
DA:7,1
DA:8,1
DA:9,1
DA:10,1
DA:11,1
DA:12,1
DA:13,1
DA:14,1
LF:14
LH:14
BRDA:14,0,0,7
BRDA:14,1,0,2
BRF:2
BRH:2
end_of_record
