TN:
SF:src/Encryption/Encryption.ts
FN:4,sign
FN:11,verify
FN:27,genKeyPair
FN:34,hash
FN:46,deserializeKey
FN:64,serializeKey
FN:73,serializeKeyPair
FN:82,deserializeKeyPair
FN:95,findNonce
FNF:9
FNH:7
FNDA:6,sign
FNDA:6,verify
FNDA:12,genKeyPair
FNDA:0,hash
FNDA:2,deserializeKey
FNDA:10,serializeKey
FNDA:1,serializeKeyPair
FNDA:1,deserializeKeyPair
FNDA:0,findNonce
DA:1,1
DA:2,1
DA:3,1
DA:4,1
DA:5,6
DA:6,6
DA:7,6
DA:8,6
DA:9,6
DA:10,1
DA:11,1
DA:12,6
DA:13,6
DA:14,6
DA:15,6
DA:16,6
DA:17,6
DA:18,6
DA:19,6
DA:20,6
DA:21,6
DA:22,6
DA:23,6
DA:24,6
DA:25,6
DA:26,1
DA:27,1
DA:28,12
DA:29,12
DA:30,12
DA:31,12
DA:32,12
DA:33,1
DA:34,1
DA:35,0
DA:36,0
DA:37,1
DA:38,1
DA:39,1
DA:40,1
DA:41,1
DA:42,1
DA:43,1
DA:44,1
DA:45,1
DA:46,2
DA:47,2
DA:48,2
DA:49,2
DA:50,2
DA:51,2
DA:52,2
DA:53,2
DA:54,2
DA:55,2
DA:56,2
DA:57,2
DA:58,2
DA:59,2
DA:60,2
DA:61,2
DA:62,2
DA:63,1
DA:64,10
DA:65,10
DA:66,10
DA:67,10
DA:68,10
DA:69,10
DA:70,10
DA:71,10
DA:72,1
DA:73,1
DA:74,1
DA:75,1
DA:76,1
DA:77,1
DA:78,1
DA:79,1
DA:80,1
DA:81,1
DA:82,1
DA:83,1
DA:84,1
DA:85,1
DA:86,1
DA:87,1
DA:88,1
DA:89,1
DA:90,1
DA:91,1
DA:92,1
DA:93,1
DA:94,1
DA:95,1
DA:96,0
DA:97,0
DA:98,0
DA:99,0
DA:100,0
DA:101,0
DA:102,0
DA:103,0
DA:104,0
DA:105,0
DA:106,0
DA:107,0
DA:108,0
DA:109,0
DA:110,0
DA:111,0
DA:112,0
DA:113,0
DA:114,0
DA:115,0
LF:115
LH:93
BRDA:4,0,0,6
BRDA:11,1,0,6
BRDA:27,2,0,12
BRDA:46,3,0,2
BRDA:60,4,0,1
BRDA:61,5,0,1
BRDA:64,6,0,10
BRDA:73,7,0,1
BRDA:82,8,0,1
BRF:9
BRH:9
end_of_record
TN:
SF:src/Transactions/InitialTransaction.ts
FN:14,InitialTransaction
FN:23,Object.<anonymous>.InitialTransaction.serialize
FN:36,Object.<anonymous>.InitialTransaction.deserialize
FNF:3
FNH:0
FNDA:0,InitialTransaction
FNDA:0,Object.<anonymous>.InitialTransaction.serialize
FNDA:0,Object.<anonymous>.InitialTransaction.deserialize
DA:1,1
DA:2,1
DA:3,1
DA:4,1
DA:5,1
DA:6,1
DA:7,1
DA:8,1
DA:9,1
DA:10,1
DA:11,1
DA:12,1
DA:13,1
DA:14,1
DA:15,0
DA:16,0
DA:17,0
DA:18,0
DA:19,0
DA:20,0
DA:21,0
DA:22,1
DA:23,1
DA:24,0
DA:25,0
DA:26,0
DA:27,0
DA:28,0
DA:29,0
DA:30,0
DA:31,0
DA:32,0
DA:33,0
DA:34,0
DA:35,1
DA:36,1
DA:37,0
DA:38,0
DA:39,0
DA:40,0
DA:41,1
LF:41
LH:19
BRDA:10,0,0,1
BRF:1
BRH:1
end_of_record
TN:
SF:src/Transactions/SignedTransaction.ts
FN:24,SignedTransaction
FN:35,Object.<anonymous>.SignedTransaction.isValid
FN:45,Object.<anonymous>.SignedTransaction.makeSignableObject
FN:61,Object.<anonymous>.SignedTransaction.getTotalAmount
FN:69,Object.<anonymous>.SignedTransaction.sign
FN:76,Object.<anonymous>.SignedTransaction.serialize
FN:86,Object.<anonymous>.SignedTransaction.deserialize
FNF:7
FNH:5
FNDA:4,SignedTransaction
FNDA:3,Object.<anonymous>.SignedTransaction.isValid
FNDA:4,Object.<anonymous>.SignedTransaction.makeSignableObject
FNDA:2,Object.<anonymous>.SignedTransaction.getTotalAmount
FNDA:2,Object.<anonymous>.SignedTransaction.sign
FNDA:0,Object.<anonymous>.SignedTransaction.serialize
FNDA:0,Object.<anonymous>.SignedTransaction.deserialize
DA:1,1
DA:2,1
DA:3,1
DA:4,1
DA:5,1
DA:6,1
DA:7,1
DA:8,1
DA:9,1
DA:10,1
DA:11,1
DA:12,1
DA:13,1
DA:14,1
DA:15,1
DA:16,1
DA:17,1
DA:18,1
DA:19,1
DA:20,1
DA:21,1
DA:22,1
DA:23,1
DA:24,1
DA:25,4
DA:26,0
DA:27,4
DA:28,4
DA:29,4
DA:30,4
DA:31,4
DA:32,4
DA:33,4
DA:34,1
DA:35,1
DA:36,3
DA:37,2
DA:38,2
DA:39,2
DA:40,2
DA:41,2
DA:42,2
DA:43,2
DA:44,1
DA:45,1
DA:46,4
DA:47,4
DA:48,4
DA:49,4
DA:50,4
DA:51,4
DA:52,4
DA:53,4
DA:54,4
DA:55,4
DA:56,4
DA:57,4
DA:58,4
DA:59,4
DA:60,1
DA:61,1
DA:62,2
DA:63,2
DA:64,2
DA:65,2
DA:66,2
DA:67,2
DA:68,1
DA:69,1
DA:70,2
DA:71,2
DA:72,2
DA:73,2
DA:74,2
DA:75,1
DA:76,1
DA:77,0
DA:78,0
DA:79,0
DA:80,0
DA:81,0
DA:82,0
DA:83,0
DA:84,0
DA:85,1
DA:86,1
DA:87,0
DA:88,0
DA:89,0
DA:90,0
DA:91,0
DA:92,0
DA:93,0
DA:94,0
DA:95,0
DA:96,0
DA:97,0
DA:98,0
DA:99,0
DA:100,1
LF:100
LH:78
BRDA:18,0,0,1
BRDA:24,1,0,4
BRDA:25,2,0,0
BRDA:35,3,0,3
BRDA:36,4,0,1
BRDA:37,5,0,2
BRDA:45,6,0,4
BRDA:51,7,0,4
BRDA:61,8,0,2
BRDA:64,9,0,4
BRDA:69,10,0,2
BRF:11
BRH:10
end_of_record
TN:
SF:src/Transactions/Transactions.ts
FN:5,get
FN:5,get
FNF:2
FNH:1
FNDA:4,get
FNDA:0,get
DA:1,1
DA:2,1
DA:3,1
DA:4,1
DA:5,1
LF:5
LH:5
BRDA:5,0,0,4
BRF:1
BRH:1
end_of_record
