{"/Users/luismeyer/Desktop/repos/litecoin/src/utils.ts": {"path":"/Users/luismeyer/Desktop/repos/litecoin/src/utils.ts","all":false,"statementMap":{"0":{"start":{"line":1,"column":0},"end":{"line":1,"column":23}},"1":{"start":{"line":2,"column":0},"end":{"line":2,"column":18}},"2":{"start":{"line":3,"column":0},"end":{"line":3,"column":50}},"3":{"start":{"line":4,"column":0},"end":{"line":4,"column":11}},"4":{"start":{"line":5,"column":0},"end":{"line":5,"column":24}},"5":{"start":{"line":6,"column":0},"end":{"line":6,"column":24}},"6":{"start":{"line":7,"column":0},"end":{"line":7,"column":43}},"7":{"start":{"line":8,"column":0},"end":{"line":8,"column":33}},"8":{"start":{"line":9,"column":0},"end":{"line":9,"column":26}},"9":{"start":{"line":10,"column":0},"end":{"line":10,"column":22}},"10":{"start":{"line":11,"column":0},"end":{"line":11,"column":24}},"11":{"start":{"line":12,"column":0},"end":{"line":12,"column":9}},"12":{"start":{"line":13,"column":0},"end":{"line":13,"column":21}},"13":{"start":{"line":14,"column":0},"end":{"line":14,"column":7}},"14":{"start":{"line":15,"column":0},"end":{"line":15,"column":15}},"15":{"start":{"line":16,"column":0},"end":{"line":16,"column":2}}},"s":{"0":1,"1":29,"2":29,"3":29,"4":29,"5":29,"6":29,"7":25,"8":25,"9":24,"10":24,"11":24,"12":1,"13":29,"14":29,"15":29},"branchMap":{"0":{"type":"branch","line":1,"loc":{"start":{"line":1,"column":19},"end":{"line":16,"column":2}},"locations":[{"start":{"line":1,"column":19},"end":{"line":16,"column":2}}]},"1":{"type":"branch","line":7,"loc":{"start":{"line":7,"column":13},"end":{"line":14,"column":5}},"locations":[{"start":{"line":7,"column":13},"end":{"line":14,"column":5}}]},"2":{"type":"branch","line":9,"loc":{"start":{"line":9,"column":15},"end":{"line":9,"column":23}},"locations":[{"start":{"line":9,"column":15},"end":{"line":9,"column":23}}]},"3":{"type":"branch","line":9,"loc":{"start":{"line":9,"column":25},"end":{"line":12,"column":9}},"locations":[{"start":{"line":9,"column":25},"end":{"line":12,"column":9}}]},"4":{"type":"branch","line":13,"loc":{"start":{"line":13,"column":-1},"end":{"line":14,"column":5}},"locations":[{"start":{"line":13,"column":-1},"end":{"line":14,"column":5}}]}},"b":{"0":[29],"1":[25],"2":[24],"3":[24],"4":[1]},"fnMap":{"0":{"name":"dig","decl":{"start":{"line":1,"column":19},"end":{"line":16,"column":2}},"loc":{"start":{"line":1,"column":19},"end":{"line":16,"column":2}},"line":1}},"f":{"0":29}}
,"/Users/luismeyer/Desktop/repos/litecoin/src/Block/Block.ts": {"path":"/Users/luismeyer/Desktop/repos/litecoin/src/Block/Block.ts","all":false,"statementMap":{"0":{"start":{"line":1,"column":0},"end":{"line":1,"column":70}},"1":{"start":{"line":2,"column":0},"end":{"line":2,"column":72}},"2":{"start":{"line":3,"column":0},"end":{"line":3,"column":0}},"3":{"start":{"line":4,"column":0},"end":{"line":4,"column":20}},"4":{"start":{"line":5,"column":0},"end":{"line":5,"column":30}},"5":{"start":{"line":6,"column":0},"end":{"line":6,"column":26}},"6":{"start":{"line":7,"column":0},"end":{"line":7,"column":25}},"7":{"start":{"line":8,"column":0},"end":{"line":8,"column":33}},"8":{"start":{"line":9,"column":0},"end":{"line":9,"column":71}},"9":{"start":{"line":10,"column":0},"end":{"line":10,"column":0}},"10":{"start":{"line":11,"column":0},"end":{"line":11,"column":19}},"11":{"start":{"line":12,"column":0},"end":{"line":12,"column":31}},"12":{"start":{"line":13,"column":0},"end":{"line":13,"column":5}},"13":{"start":{"line":14,"column":0},"end":{"line":14,"column":1}}},"s":{"0":1,"1":1,"2":1,"3":1,"4":1,"5":1,"6":1,"7":1,"8":1,"9":1,"10":1,"11":5,"12":5,"13":1},"branchMap":{"0":{"type":"branch","line":4,"loc":{"start":{"line":4,"column":0},"end":{"line":14,"column":1}},"locations":[{"start":{"line":4,"column":0},"end":{"line":14,"column":1}}]},"1":{"type":"branch","line":11,"loc":{"start":{"line":11,"column":4},"end":{"line":13,"column":5}},"locations":[{"start":{"line":11,"column":4},"end":{"line":13,"column":5}}]}},"b":{"0":[1],"1":[5]},"fnMap":{"0":{"name":"Block","decl":{"start":{"line":11,"column":4},"end":{"line":13,"column":5}},"loc":{"start":{"line":11,"column":4},"end":{"line":13,"column":5}},"line":11}},"f":{"0":5}}
,"/Users/luismeyer/Desktop/repos/litecoin/src/Encryption/Encryption.ts": {"path":"/Users/luismeyer/Desktop/repos/litecoin/src/Encryption/Encryption.ts","all":false,"statementMap":{"0":{"start":{"line":1,"column":0},"end":{"line":1,"column":32}},"1":{"start":{"line":2,"column":0},"end":{"line":2,"column":67}},"2":{"start":{"line":3,"column":0},"end":{"line":3,"column":0}},"3":{"start":{"line":4,"column":0},"end":{"line":4,"column":70}},"4":{"start":{"line":5,"column":0},"end":{"line":5,"column":40}},"5":{"start":{"line":6,"column":0},"end":{"line":6,"column":24}},"6":{"start":{"line":7,"column":0},"end":{"line":7,"column":56}},"7":{"start":{"line":8,"column":0},"end":{"line":8,"column":7}},"8":{"start":{"line":9,"column":0},"end":{"line":9,"column":2}},"9":{"start":{"line":10,"column":0},"end":{"line":10,"column":0}},"10":{"start":{"line":11,"column":0},"end":{"line":11,"column":23}},"11":{"start":{"line":12,"column":0},"end":{"line":12,"column":17}},"12":{"start":{"line":13,"column":0},"end":{"line":13,"column":25}},"13":{"start":{"line":14,"column":0},"end":{"line":14,"column":21}},"14":{"start":{"line":15,"column":0},"end":{"line":15,"column":15}},"15":{"start":{"line":16,"column":0},"end":{"line":16,"column":25}},"16":{"start":{"line":17,"column":0},"end":{"line":17,"column":17}},"17":{"start":{"line":18,"column":0},"end":{"line":18,"column":13}},"18":{"start":{"line":19,"column":0},"end":{"line":19,"column":9}},"19":{"start":{"line":20,"column":0},"end":{"line":20,"column":27}},"20":{"start":{"line":21,"column":0},"end":{"line":21,"column":60}},"21":{"start":{"line":22,"column":0},"end":{"line":22,"column":10}},"22":{"start":{"line":23,"column":0},"end":{"line":23,"column":17}},"23":{"start":{"line":24,"column":0},"end":{"line":24,"column":6}},"24":{"start":{"line":25,"column":0},"end":{"line":25,"column":2}},"25":{"start":{"line":26,"column":0},"end":{"line":26,"column":0}},"26":{"start":{"line":27,"column":0},"end":{"line":27,"column":33}},"27":{"start":{"line":28,"column":0},"end":{"line":28,"column":46}},"28":{"start":{"line":29,"column":0},"end":{"line":29,"column":71}},"29":{"start":{"line":30,"column":0},"end":{"line":30,"column":28}},"30":{"start":{"line":31,"column":0},"end":{"line":31,"column":7}},"31":{"start":{"line":32,"column":0},"end":{"line":32,"column":2}},"32":{"start":{"line":33,"column":0},"end":{"line":33,"column":0}},"33":{"start":{"line":34,"column":0},"end":{"line":34,"column":52}},"34":{"start":{"line":35,"column":0},"end":{"line":35,"column":52}},"35":{"start":{"line":36,"column":0},"end":{"line":36,"column":2}},"36":{"start":{"line":37,"column":0},"end":{"line":37,"column":0}},"37":{"start":{"line":38,"column":0},"end":{"line":38,"column":3}},"38":{"start":{"line":39,"column":0},"end":{"line":39,"column":0}},"39":{"start":{"line":40,"column":0},"end":{"line":40,"column":41}},"40":{"start":{"line":41,"column":0},"end":{"line":41,"column":39}},"41":{"start":{"line":42,"column":0},"end":{"line":42,"column":36}},"42":{"start":{"line":43,"column":0},"end":{"line":43,"column":35}},"43":{"start":{"line":44,"column":0},"end":{"line":44,"column":2}},"44":{"start":{"line":45,"column":0},"end":{"line":45,"column":0}},"45":{"start":{"line":46,"column":0},"end":{"line":46,"column":31}},"46":{"start":{"line":47,"column":0},"end":{"line":47,"column":29}},"47":{"start":{"line":48,"column":0},"end":{"line":48,"column":30}},"48":{"start":{"line":49,"column":0},"end":{"line":49,"column":14}},"49":{"start":{"line":50,"column":0},"end":{"line":50,"column":34}},"50":{"start":{"line":51,"column":0},"end":{"line":51,"column":43}},"51":{"start":{"line":52,"column":0},"end":{"line":52,"column":25}},"52":{"start":{"line":53,"column":0},"end":{"line":53,"column":25}},"53":{"start":{"line":54,"column":0},"end":{"line":54,"column":9}},"54":{"start":{"line":55,"column":0},"end":{"line":55,"column":31}},"55":{"start":{"line":56,"column":0},"end":{"line":56,"column":79}},"56":{"start":{"line":57,"column":0},"end":{"line":57,"column":82}},"57":{"start":{"line":58,"column":0},"end":{"line":58,"column":0}},"58":{"start":{"line":59,"column":0},"end":{"line":59,"column":28}},"59":{"start":{"line":60,"column":0},"end":{"line":60,"column":37}},"60":{"start":{"line":61,"column":0},"end":{"line":61,"column":39}},"61":{"start":{"line":62,"column":0},"end":{"line":62,"column":1}},"62":{"start":{"line":63,"column":0},"end":{"line":63,"column":0}},"63":{"start":{"line":64,"column":0},"end":{"line":64,"column":67}},"64":{"start":{"line":65,"column":0},"end":{"line":65,"column":13}},"65":{"start":{"line":66,"column":0},"end":{"line":66,"column":38}},"66":{"start":{"line":67,"column":0},"end":{"line":67,"column":22}},"67":{"start":{"line":68,"column":0},"end":{"line":68,"column":22}},"68":{"start":{"line":69,"column":0},"end":{"line":69,"column":7}},"69":{"start":{"line":70,"column":0},"end":{"line":70,"column":36}},"70":{"start":{"line":71,"column":0},"end":{"line":71,"column":1}},"71":{"start":{"line":72,"column":0},"end":{"line":72,"column":0}},"72":{"start":{"line":73,"column":0},"end":{"line":73,"column":33}},"73":{"start":{"line":74,"column":0},"end":{"line":74,"column":35}},"74":{"start":{"line":75,"column":0},"end":{"line":75,"column":28}},"75":{"start":{"line":76,"column":0},"end":{"line":76,"column":12}},"76":{"start":{"line":77,"column":0},"end":{"line":77,"column":53}},"77":{"start":{"line":78,"column":0},"end":{"line":78,"column":51}},"78":{"start":{"line":79,"column":0},"end":{"line":79,"column":6}},"79":{"start":{"line":80,"column":0},"end":{"line":80,"column":1}},"80":{"start":{"line":81,"column":0},"end":{"line":81,"column":0}},"81":{"start":{"line":82,"column":0},"end":{"line":82,"column":35}},"82":{"start":{"line":83,"column":0},"end":{"line":83,"column":46}},"83":{"start":{"line":84,"column":0},"end":{"line":84,"column":27}},"84":{"start":{"line":85,"column":0},"end":{"line":85,"column":12}},"85":{"start":{"line":86,"column":0},"end":{"line":86,"column":73}},"86":{"start":{"line":87,"column":0},"end":{"line":87,"column":76}},"87":{"start":{"line":88,"column":0},"end":{"line":88,"column":6}},"88":{"start":{"line":89,"column":0},"end":{"line":89,"column":1}},"89":{"start":{"line":90,"column":0},"end":{"line":90,"column":0}},"90":{"start":{"line":91,"column":0},"end":{"line":91,"column":62}},"91":{"start":{"line":92,"column":0},"end":{"line":92,"column":31}},"92":{"start":{"line":93,"column":0},"end":{"line":93,"column":12}},"93":{"start":{"line":94,"column":0},"end":{"line":94,"column":0}},"94":{"start":{"line":95,"column":0},"end":{"line":95,"column":29}},"95":{"start":{"line":96,"column":0},"end":{"line":96,"column":30}},"96":{"start":{"line":97,"column":0},"end":{"line":97,"column":27}},"97":{"start":{"line":98,"column":0},"end":{"line":98,"column":39}},"98":{"start":{"line":99,"column":0},"end":{"line":99,"column":53}},"99":{"start":{"line":100,"column":0},"end":{"line":100,"column":77}},"100":{"start":{"line":101,"column":0},"end":{"line":101,"column":0}},"101":{"start":{"line":102,"column":0},"end":{"line":102,"column":70}},"102":{"start":{"line":103,"column":0},"end":{"line":103,"column":39}},"103":{"start":{"line":104,"column":0},"end":{"line":104,"column":0}},"104":{"start":{"line":105,"column":0},"end":{"line":105,"column":38}},"105":{"start":{"line":106,"column":0},"end":{"line":106,"column":26}},"106":{"start":{"line":107,"column":0},"end":{"line":107,"column":8}},"107":{"start":{"line":108,"column":0},"end":{"line":108,"column":57}},"108":{"start":{"line":109,"column":0},"end":{"line":109,"column":38}},"109":{"start":{"line":110,"column":0},"end":{"line":110,"column":33}},"110":{"start":{"line":111,"column":0},"end":{"line":111,"column":23}},"111":{"start":{"line":112,"column":0},"end":{"line":112,"column":27}},"112":{"start":{"line":113,"column":0},"end":{"line":113,"column":0}},"113":{"start":{"line":114,"column":0},"end":{"line":114,"column":47}},"114":{"start":{"line":115,"column":0},"end":{"line":115,"column":2}}},"s":{"0":1,"1":1,"2":1,"3":1,"4":12,"5":12,"6":12,"7":12,"8":12,"9":1,"10":1,"11":13,"12":13,"13":13,"14":13,"15":13,"16":13,"17":13,"18":13,"19":13,"20":13,"21":13,"22":13,"23":13,"24":13,"25":1,"26":1,"27":23,"28":23,"29":23,"30":23,"31":23,"32":1,"33":1,"34":0,"35":0,"36":1,"37":1,"38":1,"39":1,"40":1,"41":1,"42":1,"43":1,"44":1,"45":5,"46":5,"47":5,"48":5,"49":5,"50":5,"51":5,"52":5,"53":5,"54":5,"55":5,"56":5,"57":5,"58":5,"59":5,"60":5,"61":5,"62":1,"63":49,"64":49,"65":49,"66":49,"67":49,"68":49,"69":49,"70":49,"71":1,"72":1,"73":1,"74":1,"75":1,"76":1,"77":1,"78":1,"79":1,"80":1,"81":1,"82":1,"83":1,"84":1,"85":1,"86":1,"87":1,"88":1,"89":1,"90":1,"91":1,"92":1,"93":1,"94":1,"95":0,"96":0,"97":0,"98":0,"99":0,"100":0,"101":0,"102":0,"103":0,"104":0,"105":0,"106":0,"107":0,"108":0,"109":0,"110":0,"111":0,"112":0,"113":0,"114":0},"branchMap":{"0":{"type":"branch","line":4,"loc":{"start":{"line":4,"column":20},"end":{"line":9,"column":2}},"locations":[{"start":{"line":4,"column":20},"end":{"line":9,"column":2}}]},"1":{"type":"branch","line":11,"loc":{"start":{"line":11,"column":22},"end":{"line":25,"column":2}},"locations":[{"start":{"line":11,"column":22},"end":{"line":25,"column":2}}]},"2":{"type":"branch","line":27,"loc":{"start":{"line":27,"column":26},"end":{"line":32,"column":2}},"locations":[{"start":{"line":27,"column":26},"end":{"line":32,"column":2}}]},"3":{"type":"branch","line":46,"loc":{"start":{"line":46,"column":0},"end":{"line":62,"column":1}},"locations":[{"start":{"line":46,"column":0},"end":{"line":62,"column":1}}]},"4":{"type":"branch","line":60,"loc":{"start":{"line":60,"column":8},"end":{"line":60,"column":37}},"locations":[{"start":{"line":60,"column":8},"end":{"line":60,"column":37}}]},"5":{"type":"branch","line":61,"loc":{"start":{"line":61,"column":8},"end":{"line":61,"column":38}},"locations":[{"start":{"line":61,"column":8},"end":{"line":61,"column":38}}]},"6":{"type":"branch","line":64,"loc":{"start":{"line":64,"column":0},"end":{"line":71,"column":1}},"locations":[{"start":{"line":64,"column":0},"end":{"line":71,"column":1}}]},"7":{"type":"branch","line":73,"loc":{"start":{"line":73,"column":0},"end":{"line":80,"column":1}},"locations":[{"start":{"line":73,"column":0},"end":{"line":80,"column":1}}]},"8":{"type":"branch","line":82,"loc":{"start":{"line":82,"column":0},"end":{"line":89,"column":1}},"locations":[{"start":{"line":82,"column":0},"end":{"line":89,"column":1}}]}},"b":{"0":[12],"1":[13],"2":[23],"3":[5],"4":[4],"5":[1],"6":[49],"7":[1],"8":[1]},"fnMap":{"0":{"name":"sign","decl":{"start":{"line":4,"column":20},"end":{"line":9,"column":2}},"loc":{"start":{"line":4,"column":20},"end":{"line":9,"column":2}},"line":4},"1":{"name":"verify","decl":{"start":{"line":11,"column":22},"end":{"line":25,"column":2}},"loc":{"start":{"line":11,"column":22},"end":{"line":25,"column":2}},"line":11},"2":{"name":"genKeyPair","decl":{"start":{"line":27,"column":26},"end":{"line":32,"column":2}},"loc":{"start":{"line":27,"column":26},"end":{"line":32,"column":2}},"line":27},"3":{"name":"hash","decl":{"start":{"line":34,"column":20},"end":{"line":36,"column":2}},"loc":{"start":{"line":34,"column":20},"end":{"line":36,"column":2}},"line":34},"4":{"name":"deserializeKey","decl":{"start":{"line":46,"column":0},"end":{"line":62,"column":1}},"loc":{"start":{"line":46,"column":0},"end":{"line":62,"column":1}},"line":46},"5":{"name":"serializeKey","decl":{"start":{"line":64,"column":0},"end":{"line":71,"column":1}},"loc":{"start":{"line":64,"column":0},"end":{"line":71,"column":1}},"line":64},"6":{"name":"serializeKeyPair","decl":{"start":{"line":73,"column":0},"end":{"line":80,"column":1}},"loc":{"start":{"line":73,"column":0},"end":{"line":80,"column":1}},"line":73},"7":{"name":"deserializeKeyPair","decl":{"start":{"line":82,"column":0},"end":{"line":89,"column":1}},"loc":{"start":{"line":82,"column":0},"end":{"line":89,"column":1}},"line":82},"8":{"name":"findNonce","decl":{"start":{"line":95,"column":25},"end":{"line":115,"column":2}},"loc":{"start":{"line":95,"column":25},"end":{"line":115,"column":2}},"line":95}},"f":{"0":12,"1":13,"2":23,"3":0,"4":5,"5":49,"6":1,"7":1,"8":0}}
,"/Users/luismeyer/Desktop/repos/litecoin/src/Node/Node.ts": {"path":"/Users/luismeyer/Desktop/repos/litecoin/src/Node/Node.ts","all":false,"statementMap":{"0":{"start":{"line":1,"column":0},"end":{"line":1,"column":59}},"1":{"start":{"line":2,"column":0},"end":{"line":2,"column":54}},"2":{"start":{"line":3,"column":0},"end":{"line":3,"column":31}},"3":{"start":{"line":4,"column":0},"end":{"line":4,"column":23}},"4":{"start":{"line":5,"column":0},"end":{"line":5,"column":0}},"5":{"start":{"line":6,"column":0},"end":{"line":6,"column":39}},"6":{"start":{"line":7,"column":0},"end":{"line":7,"column":8}},"7":{"start":{"line":8,"column":0},"end":{"line":8,"column":22}},"8":{"start":{"line":9,"column":0},"end":{"line":9,"column":23}},"9":{"start":{"line":10,"column":0},"end":{"line":10,"column":10}},"10":{"start":{"line":11,"column":0},"end":{"line":11,"column":11}},"11":{"start":{"line":12,"column":0},"end":{"line":12,"column":38}},"12":{"start":{"line":13,"column":0},"end":{"line":13,"column":0}},"13":{"start":{"line":14,"column":0},"end":{"line":14,"column":19}},"14":{"start":{"line":15,"column":0},"end":{"line":15,"column":31}},"15":{"start":{"line":16,"column":0},"end":{"line":16,"column":78}},"16":{"start":{"line":17,"column":0},"end":{"line":17,"column":43}},"17":{"start":{"line":18,"column":0},"end":{"line":18,"column":0}},"18":{"start":{"line":19,"column":0},"end":{"line":19,"column":39}},"19":{"start":{"line":20,"column":0},"end":{"line":20,"column":43}},"20":{"start":{"line":21,"column":0},"end":{"line":21,"column":38}},"21":{"start":{"line":22,"column":0},"end":{"line":22,"column":66}},"22":{"start":{"line":23,"column":0},"end":{"line":23,"column":63}},"23":{"start":{"line":24,"column":0},"end":{"line":24,"column":5}},"24":{"start":{"line":25,"column":0},"end":{"line":25,"column":0}},"25":{"start":{"line":26,"column":0},"end":{"line":26,"column":79}},"26":{"start":{"line":27,"column":0},"end":{"line":27,"column":47}},"27":{"start":{"line":28,"column":0},"end":{"line":28,"column":57}},"28":{"start":{"line":29,"column":0},"end":{"line":29,"column":34}},"29":{"start":{"line":30,"column":0},"end":{"line":30,"column":11}},"30":{"start":{"line":31,"column":0},"end":{"line":31,"column":45}},"31":{"start":{"line":32,"column":0},"end":{"line":32,"column":50}},"32":{"start":{"line":33,"column":0},"end":{"line":33,"column":42}},"33":{"start":{"line":34,"column":0},"end":{"line":34,"column":5}},"34":{"start":{"line":35,"column":0},"end":{"line":35,"column":0}},"35":{"start":{"line":36,"column":0},"end":{"line":36,"column":30}},"36":{"start":{"line":37,"column":0},"end":{"line":37,"column":28}},"37":{"start":{"line":38,"column":0},"end":{"line":38,"column":38}},"38":{"start":{"line":39,"column":0},"end":{"line":39,"column":58}},"39":{"start":{"line":40,"column":0},"end":{"line":40,"column":28}},"40":{"start":{"line":41,"column":0},"end":{"line":41,"column":22}},"41":{"start":{"line":42,"column":0},"end":{"line":42,"column":47}},"42":{"start":{"line":43,"column":0},"end":{"line":43,"column":49}},"43":{"start":{"line":44,"column":0},"end":{"line":44,"column":67}},"44":{"start":{"line":45,"column":0},"end":{"line":45,"column":22}},"45":{"start":{"line":46,"column":0},"end":{"line":46,"column":17}},"46":{"start":{"line":47,"column":0},"end":{"line":47,"column":10}},"47":{"start":{"line":48,"column":0},"end":{"line":48,"column":22}},"48":{"start":{"line":49,"column":0},"end":{"line":49,"column":5}},"49":{"start":{"line":50,"column":0},"end":{"line":50,"column":0}},"50":{"start":{"line":51,"column":0},"end":{"line":51,"column":75}},"51":{"start":{"line":52,"column":0},"end":{"line":52,"column":73}},"52":{"start":{"line":53,"column":0},"end":{"line":53,"column":26}},"53":{"start":{"line":54,"column":0},"end":{"line":54,"column":28}},"54":{"start":{"line":55,"column":0},"end":{"line":55,"column":68}},"55":{"start":{"line":56,"column":0},"end":{"line":56,"column":14}},"56":{"start":{"line":57,"column":0},"end":{"line":57,"column":9}},"57":{"start":{"line":58,"column":0},"end":{"line":58,"column":50}},"58":{"start":{"line":59,"column":0},"end":{"line":59,"column":34}},"59":{"start":{"line":60,"column":0},"end":{"line":60,"column":30}},"60":{"start":{"line":61,"column":0},"end":{"line":61,"column":60}},"61":{"start":{"line":62,"column":0},"end":{"line":62,"column":11}},"62":{"start":{"line":63,"column":0},"end":{"line":63,"column":37}},"63":{"start":{"line":64,"column":0},"end":{"line":64,"column":50}},"64":{"start":{"line":65,"column":0},"end":{"line":65,"column":55}},"65":{"start":{"line":66,"column":0},"end":{"line":66,"column":47}},"66":{"start":{"line":67,"column":0},"end":{"line":67,"column":5}},"67":{"start":{"line":68,"column":0},"end":{"line":68,"column":0}},"68":{"start":{"line":69,"column":0},"end":{"line":69,"column":79}},"69":{"start":{"line":70,"column":0},"end":{"line":70,"column":46}},"70":{"start":{"line":71,"column":0},"end":{"line":71,"column":77}},"71":{"start":{"line":72,"column":0},"end":{"line":72,"column":29}},"72":{"start":{"line":73,"column":0},"end":{"line":73,"column":60}},"73":{"start":{"line":74,"column":0},"end":{"line":74,"column":36}},"74":{"start":{"line":75,"column":0},"end":{"line":75,"column":71}},"75":{"start":{"line":76,"column":0},"end":{"line":76,"column":22}},"76":{"start":{"line":77,"column":0},"end":{"line":77,"column":60}},"77":{"start":{"line":78,"column":0},"end":{"line":78,"column":72}},"78":{"start":{"line":79,"column":0},"end":{"line":79,"column":20}},"79":{"start":{"line":80,"column":0},"end":{"line":80,"column":79}},"80":{"start":{"line":81,"column":0},"end":{"line":81,"column":13}},"81":{"start":{"line":82,"column":0},"end":{"line":82,"column":16}},"82":{"start":{"line":83,"column":0},"end":{"line":83,"column":44}},"83":{"start":{"line":84,"column":0},"end":{"line":84,"column":77}},"84":{"start":{"line":85,"column":0},"end":{"line":85,"column":31}},"85":{"start":{"line":86,"column":0},"end":{"line":86,"column":36}},"86":{"start":{"line":87,"column":0},"end":{"line":87,"column":96}},"87":{"start":{"line":88,"column":0},"end":{"line":88,"column":22}},"88":{"start":{"line":89,"column":0},"end":{"line":89,"column":15}},"89":{"start":{"line":90,"column":0},"end":{"line":90,"column":9}},"90":{"start":{"line":91,"column":0},"end":{"line":91,"column":5}},"91":{"start":{"line":92,"column":0},"end":{"line":92,"column":0}},"92":{"start":{"line":93,"column":0},"end":{"line":93,"column":33}},"93":{"start":{"line":94,"column":0},"end":{"line":94,"column":50}},"94":{"start":{"line":95,"column":0},"end":{"line":95,"column":13}},"95":{"start":{"line":96,"column":0},"end":{"line":96,"column":47}},"96":{"start":{"line":97,"column":0},"end":{"line":97,"column":19}},"97":{"start":{"line":98,"column":0},"end":{"line":98,"column":16}},"98":{"start":{"line":99,"column":0},"end":{"line":99,"column":30}},"99":{"start":{"line":100,"column":0},"end":{"line":100,"column":32}},"100":{"start":{"line":101,"column":0},"end":{"line":101,"column":79}},"101":{"start":{"line":102,"column":0},"end":{"line":102,"column":18}},"102":{"start":{"line":103,"column":0},"end":{"line":103,"column":9}},"103":{"start":{"line":104,"column":0},"end":{"line":104,"column":5}},"104":{"start":{"line":105,"column":0},"end":{"line":105,"column":0}},"105":{"start":{"line":106,"column":0},"end":{"line":106,"column":70}},"106":{"start":{"line":107,"column":0},"end":{"line":107,"column":42}},"107":{"start":{"line":108,"column":0},"end":{"line":108,"column":5}},"108":{"start":{"line":109,"column":0},"end":{"line":109,"column":0}},"109":{"start":{"line":110,"column":0},"end":{"line":110,"column":17}},"110":{"start":{"line":111,"column":0},"end":{"line":111,"column":58}},"111":{"start":{"line":112,"column":0},"end":{"line":112,"column":32}},"112":{"start":{"line":113,"column":0},"end":{"line":113,"column":75}},"113":{"start":{"line":114,"column":0},"end":{"line":114,"column":64}},"114":{"start":{"line":115,"column":0},"end":{"line":115,"column":38}},"115":{"start":{"line":116,"column":0},"end":{"line":116,"column":39}},"116":{"start":{"line":117,"column":0},"end":{"line":117,"column":5}},"117":{"start":{"line":118,"column":0},"end":{"line":118,"column":0}},"118":{"start":{"line":119,"column":0},"end":{"line":119,"column":23}},"119":{"start":{"line":120,"column":0},"end":{"line":120,"column":20}},"120":{"start":{"line":121,"column":0},"end":{"line":121,"column":27}},"121":{"start":{"line":122,"column":0},"end":{"line":122,"column":56}},"122":{"start":{"line":123,"column":0},"end":{"line":123,"column":71}},"123":{"start":{"line":124,"column":0},"end":{"line":124,"column":50}},"124":{"start":{"line":125,"column":0},"end":{"line":125,"column":22}},"125":{"start":{"line":126,"column":0},"end":{"line":126,"column":33}},"126":{"start":{"line":127,"column":0},"end":{"line":127,"column":19}},"127":{"start":{"line":128,"column":0},"end":{"line":128,"column":21}},"128":{"start":{"line":129,"column":0},"end":{"line":129,"column":17}},"129":{"start":{"line":130,"column":0},"end":{"line":130,"column":13}},"130":{"start":{"line":131,"column":0},"end":{"line":131,"column":10}},"131":{"start":{"line":132,"column":0},"end":{"line":132,"column":5}},"132":{"start":{"line":133,"column":0},"end":{"line":133,"column":1}}},"s":{"0":1,"1":1,"2":1,"3":1,"4":1,"5":1,"6":1,"7":1,"8":1,"9":1,"10":1,"11":1,"12":1,"13":1,"14":1,"15":1,"16":1,"17":1,"18":1,"19":4,"20":4,"21":4,"22":4,"23":4,"24":1,"25":1,"26":3,"27":3,"28":3,"29":3,"30":3,"31":3,"32":3,"33":3,"34":1,"35":1,"36":13,"37":13,"38":13,"39":13,"40":13,"41":13,"42":13,"43":9,"44":13,"45":13,"46":13,"47":13,"48":13,"49":1,"50":1,"51":4,"52":4,"53":1,"54":1,"55":1,"56":1,"57":3,"58":3,"59":3,"60":3,"61":3,"62":3,"63":3,"64":3,"65":3,"66":3,"67":1,"68":1,"69":6,"70":3,"71":3,"72":3,"73":3,"74":0,"75":0,"76":3,"77":3,"78":3,"79":0,"80":0,"81":3,"82":3,"83":3,"84":3,"85":3,"86":0,"87":0,"88":3,"89":3,"90":6,"91":1,"92":1,"93":6,"94":6,"95":6,"96":3,"97":3,"98":3,"99":3,"100":1,"101":1,"102":3,"103":6,"104":1,"105":1,"106":5,"107":5,"108":1,"109":1,"110":6,"111":5,"112":5,"113":5,"114":5,"115":5,"116":5,"117":1,"118":1,"119":0,"120":0,"121":0,"122":0,"123":0,"124":0,"125":0,"126":0,"127":0,"128":0,"129":0,"130":0,"131":0,"132":1},"branchMap":{"0":{"type":"branch","line":14,"loc":{"start":{"line":14,"column":0},"end":{"line":133,"column":1}},"locations":[{"start":{"line":14,"column":0},"end":{"line":133,"column":1}}]},"1":{"type":"branch","line":19,"loc":{"start":{"line":19,"column":4},"end":{"line":24,"column":5}},"locations":[{"start":{"line":19,"column":4},"end":{"line":24,"column":5}}]},"2":{"type":"branch","line":20,"loc":{"start":{"line":20,"column":36},"end":{"line":20,"column":35}},"locations":[{"start":{"line":20,"column":36},"end":{"line":20,"column":35}}]},"3":{"type":"branch","line":26,"loc":{"start":{"line":26,"column":4},"end":{"line":34,"column":5}},"locations":[{"start":{"line":26,"column":4},"end":{"line":34,"column":5}}]},"4":{"type":"branch","line":36,"loc":{"start":{"line":36,"column":4},"end":{"line":49,"column":5}},"locations":[{"start":{"line":36,"column":4},"end":{"line":49,"column":5}}]},"5":{"type":"branch","line":41,"loc":{"start":{"line":41,"column":12},"end":{"line":42,"column":19}},"locations":[{"start":{"line":41,"column":12},"end":{"line":42,"column":19}}]},"6":{"type":"branch","line":42,"loc":{"start":{"line":42,"column":40},"end":{"line":43,"column":23}},"locations":[{"start":{"line":42,"column":40},"end":{"line":43,"column":23}}]},"7":{"type":"branch","line":43,"loc":{"start":{"line":43,"column":36},"end":{"line":45,"column":21}},"locations":[{"start":{"line":43,"column":36},"end":{"line":45,"column":21}}]},"8":{"type":"branch","line":44,"loc":{"start":{"line":44,"column":53},"end":{"line":44,"column":67}},"locations":[{"start":{"line":44,"column":53},"end":{"line":44,"column":67}}]},"9":{"type":"branch","line":51,"loc":{"start":{"line":51,"column":4},"end":{"line":67,"column":5}},"locations":[{"start":{"line":51,"column":4},"end":{"line":67,"column":5}}]},"10":{"type":"branch","line":53,"loc":{"start":{"line":53,"column":25},"end":{"line":57,"column":9}},"locations":[{"start":{"line":53,"column":25},"end":{"line":57,"column":9}}]},"11":{"type":"branch","line":58,"loc":{"start":{"line":58,"column":-1},"end":{"line":67,"column":5}},"locations":[{"start":{"line":58,"column":-1},"end":{"line":67,"column":5}}]},"12":{"type":"branch","line":69,"loc":{"start":{"line":69,"column":4},"end":{"line":91,"column":5}},"locations":[{"start":{"line":69,"column":4},"end":{"line":91,"column":5}}]},"13":{"type":"branch","line":70,"loc":{"start":{"line":70,"column":45},"end":{"line":90,"column":9}},"locations":[{"start":{"line":70,"column":45},"end":{"line":90,"column":9}}]},"14":{"type":"branch","line":74,"loc":{"start":{"line":74,"column":20},"end":{"line":76,"column":22}},"locations":[{"start":{"line":74,"column":20},"end":{"line":76,"column":22}}]},"15":{"type":"branch","line":78,"loc":{"start":{"line":78,"column":20},"end":{"line":78,"column":72}},"locations":[{"start":{"line":78,"column":20},"end":{"line":78,"column":72}}]},"16":{"type":"branch","line":79,"loc":{"start":{"line":79,"column":13},"end":{"line":81,"column":13}},"locations":[{"start":{"line":79,"column":13},"end":{"line":81,"column":13}}]},"17":{"type":"branch","line":83,"loc":{"start":{"line":83,"column":31},"end":{"line":89,"column":13}},"locations":[{"start":{"line":83,"column":31},"end":{"line":89,"column":13}}]},"18":{"type":"branch","line":86,"loc":{"start":{"line":86,"column":20},"end":{"line":88,"column":22}},"locations":[{"start":{"line":86,"column":20},"end":{"line":88,"column":22}}]},"19":{"type":"branch","line":93,"loc":{"start":{"line":93,"column":4},"end":{"line":104,"column":5}},"locations":[{"start":{"line":93,"column":4},"end":{"line":104,"column":5}}]},"20":{"type":"branch","line":96,"loc":{"start":{"line":96,"column":46},"end":{"line":103,"column":9}},"locations":[{"start":{"line":96,"column":46},"end":{"line":103,"column":9}}]},"21":{"type":"branch","line":100,"loc":{"start":{"line":100,"column":16},"end":{"line":102,"column":18}},"locations":[{"start":{"line":100,"column":16},"end":{"line":102,"column":18}}]},"22":{"type":"branch","line":106,"loc":{"start":{"line":106,"column":4},"end":{"line":108,"column":5}},"locations":[{"start":{"line":106,"column":4},"end":{"line":108,"column":5}}]},"23":{"type":"branch","line":110,"loc":{"start":{"line":110,"column":4},"end":{"line":117,"column":5}},"locations":[{"start":{"line":110,"column":4},"end":{"line":117,"column":5}}]},"24":{"type":"branch","line":111,"loc":{"start":{"line":111,"column":51},"end":{"line":111,"column":58}},"locations":[{"start":{"line":111,"column":51},"end":{"line":111,"column":58}}]},"25":{"type":"branch","line":112,"loc":{"start":{"line":112,"column":-1},"end":{"line":117,"column":5}},"locations":[{"start":{"line":112,"column":-1},"end":{"line":117,"column":5}}]}},"b":{"0":[1],"1":[4],"2":[0],"3":[3],"4":[13],"5":[8],"6":[8],"7":[9],"8":[8],"9":[4],"10":[1],"11":[3],"12":[6],"13":[3],"14":[0],"15":[0],"16":[0],"17":[3],"18":[0],"19":[6],"20":[3],"21":[1],"22":[5],"23":[6],"24":[1],"25":[5]},"fnMap":{"0":{"name":"Node","decl":{"start":{"line":19,"column":4},"end":{"line":24,"column":5}},"loc":{"start":{"line":19,"column":4},"end":{"line":24,"column":5}},"line":19},"1":{"name":"Object.<anonymous>.Node.createInitialTransaction","decl":{"start":{"line":26,"column":4},"end":{"line":34,"column":5}},"loc":{"start":{"line":26,"column":4},"end":{"line":34,"column":5}},"line":26},"2":{"name":"Object.<anonymous>.Node.findLastTransactionOutput","decl":{"start":{"line":36,"column":4},"end":{"line":49,"column":5}},"loc":{"start":{"line":36,"column":4},"end":{"line":49,"column":5}},"line":36},"3":{"name":"Object.<anonymous>.Node.createSignedTransaction","decl":{"start":{"line":51,"column":4},"end":{"line":67,"column":5}},"loc":{"start":{"line":51,"column":4},"end":{"line":67,"column":5}},"line":51},"4":{"name":"Object.<anonymous>.Node.validateTransactionData","decl":{"start":{"line":69,"column":4},"end":{"line":91,"column":5}},"loc":{"start":{"line":69,"column":4},"end":{"line":91,"column":5}},"line":69},"5":{"name":"Object.<anonymous>.Node.validateTransactionSignature","decl":{"start":{"line":93,"column":4},"end":{"line":104,"column":5}},"loc":{"start":{"line":93,"column":4},"end":{"line":104,"column":5}},"line":93},"6":{"name":"Object.<anonymous>.Node.broadcastTransaction","decl":{"start":{"line":106,"column":4},"end":{"line":108,"column":5}},"loc":{"start":{"line":106,"column":4},"end":{"line":108,"column":5}},"line":106},"7":{"name":"Object.<anonymous>.Node.mineBlock","decl":{"start":{"line":110,"column":4},"end":{"line":117,"column":5}},"loc":{"start":{"line":110,"column":4},"end":{"line":117,"column":5}},"line":110},"8":{"name":"Object.<anonymous>.Node.printBlockchain","decl":{"start":{"line":119,"column":4},"end":{"line":132,"column":5}},"loc":{"start":{"line":119,"column":4},"end":{"line":132,"column":5}},"line":119}},"f":{"0":4,"1":3,"2":13,"3":4,"4":6,"5":6,"6":5,"7":6,"8":0}}
,"/Users/luismeyer/Desktop/repos/litecoin/src/Transactions/InitialTransaction.ts": {"path":"/Users/luismeyer/Desktop/repos/litecoin/src/Transactions/InitialTransaction.ts","all":false,"statementMap":{"0":{"start":{"line":1,"column":0},"end":{"line":1,"column":35}},"1":{"start":{"line":2,"column":0},"end":{"line":2,"column":51}},"2":{"start":{"line":3,"column":0},"end":{"line":3,"column":8}},"3":{"start":{"line":4,"column":0},"end":{"line":4,"column":17}},"4":{"start":{"line":5,"column":0},"end":{"line":5,"column":24}},"5":{"start":{"line":6,"column":0},"end":{"line":6,"column":19}},"6":{"start":{"line":7,"column":0},"end":{"line":7,"column":34}},"7":{"start":{"line":8,"column":0},"end":{"line":8,"column":0}},"8":{"start":{"line":9,"column":0},"end":{"line":9,"column":31}},"9":{"start":{"line":10,"column":0},"end":{"line":10,"column":33}},"10":{"start":{"line":11,"column":0},"end":{"line":11,"column":22}},"11":{"start":{"line":12,"column":0},"end":{"line":12,"column":1}},"12":{"start":{"line":13,"column":0},"end":{"line":13,"column":0}},"13":{"start":{"line":14,"column":0},"end":{"line":14,"column":64}},"14":{"start":{"line":15,"column":0},"end":{"line":15,"column":40}},"15":{"start":{"line":16,"column":0},"end":{"line":16,"column":29}},"16":{"start":{"line":17,"column":0},"end":{"line":17,"column":0}},"17":{"start":{"line":18,"column":0},"end":{"line":18,"column":51}},"18":{"start":{"line":19,"column":0},"end":{"line":19,"column":37}},"19":{"start":{"line":20,"column":0},"end":{"line":20,"column":33}},"20":{"start":{"line":21,"column":0},"end":{"line":21,"column":16}},"21":{"start":{"line":22,"column":0},"end":{"line":22,"column":38}},"22":{"start":{"line":23,"column":0},"end":{"line":23,"column":42}},"23":{"start":{"line":24,"column":0},"end":{"line":24,"column":9}},"24":{"start":{"line":25,"column":0},"end":{"line":25,"column":5}},"25":{"start":{"line":26,"column":0},"end":{"line":26,"column":0}},"26":{"start":{"line":27,"column":0},"end":{"line":27,"column":37}},"27":{"start":{"line":28,"column":0},"end":{"line":28,"column":67}},"28":{"start":{"line":29,"column":0},"end":{"line":29,"column":20}},"29":{"start":{"line":30,"column":0},"end":{"line":30,"column":49}},"30":{"start":{"line":31,"column":0},"end":{"line":31,"column":24}},"31":{"start":{"line":32,"column":0},"end":{"line":32,"column":48}},"32":{"start":{"line":33,"column":0},"end":{"line":33,"column":42}},"33":{"start":{"line":34,"column":0},"end":{"line":34,"column":49}},"34":{"start":{"line":35,"column":0},"end":{"line":35,"column":15}},"35":{"start":{"line":36,"column":0},"end":{"line":36,"column":41}},"36":{"start":{"line":37,"column":0},"end":{"line":37,"column":63}},"37":{"start":{"line":38,"column":0},"end":{"line":38,"column":5}},"38":{"start":{"line":39,"column":0},"end":{"line":39,"column":0}},"39":{"start":{"line":40,"column":0},"end":{"line":40,"column":35}},"40":{"start":{"line":41,"column":0},"end":{"line":41,"column":54}},"41":{"start":{"line":42,"column":0},"end":{"line":42,"column":77}},"42":{"start":{"line":43,"column":0},"end":{"line":43,"column":20}},"43":{"start":{"line":44,"column":0},"end":{"line":44,"column":56}},"44":{"start":{"line":45,"column":0},"end":{"line":45,"column":38}},"45":{"start":{"line":46,"column":0},"end":{"line":46,"column":14}},"46":{"start":{"line":47,"column":0},"end":{"line":47,"column":11}},"47":{"start":{"line":48,"column":0},"end":{"line":48,"column":35}},"48":{"start":{"line":49,"column":0},"end":{"line":49,"column":5}},"49":{"start":{"line":50,"column":0},"end":{"line":50,"column":1}}},"s":{"0":1,"1":1,"2":1,"3":1,"4":1,"5":1,"6":1,"7":1,"8":1,"9":1,"10":1,"11":1,"12":1,"13":2,"14":2,"15":2,"16":2,"17":2,"18":5,"19":1,"20":4,"21":4,"22":4,"23":4,"24":5,"25":2,"26":2,"27":1,"28":1,"29":1,"30":1,"31":1,"32":1,"33":1,"34":1,"35":1,"36":1,"37":1,"38":2,"39":2,"40":1,"41":1,"42":1,"43":1,"44":1,"45":1,"46":1,"47":1,"48":1,"49":2},"branchMap":{"0":{"type":"branch","line":14,"loc":{"start":{"line":14,"column":0},"end":{"line":50,"column":1}},"locations":[{"start":{"line":14,"column":0},"end":{"line":50,"column":1}}]},"1":{"type":"branch","line":18,"loc":{"start":{"line":18,"column":4},"end":{"line":25,"column":5}},"locations":[{"start":{"line":18,"column":4},"end":{"line":25,"column":5}}]},"2":{"type":"branch","line":19,"loc":{"start":{"line":19,"column":36},"end":{"line":24,"column":9}},"locations":[{"start":{"line":19,"column":36},"end":{"line":24,"column":9}}]},"3":{"type":"branch","line":19,"loc":{"start":{"line":19,"column":36},"end":{"line":21,"column":15}},"locations":[{"start":{"line":19,"column":36},"end":{"line":21,"column":15}}]},"4":{"type":"branch","line":27,"loc":{"start":{"line":27,"column":4},"end":{"line":38,"column":5}},"locations":[{"start":{"line":27,"column":4},"end":{"line":38,"column":5}}]},"5":{"type":"branch","line":30,"loc":{"start":{"line":30,"column":17},"end":{"line":35,"column":13}},"locations":[{"start":{"line":30,"column":17},"end":{"line":35,"column":13}}]},"6":{"type":"branch","line":40,"loc":{"start":{"line":40,"column":4},"end":{"line":49,"column":5}},"locations":[{"start":{"line":40,"column":4},"end":{"line":49,"column":5}}]},"7":{"type":"branch","line":42,"loc":{"start":{"line":42,"column":35},"end":{"line":47,"column":9}},"locations":[{"start":{"line":42,"column":35},"end":{"line":47,"column":9}}]}},"b":{"0":[2],"1":[5],"2":[4],"3":[1],"4":[1],"5":[1],"6":[1],"7":[1]},"fnMap":{"0":{"name":"InitialTransaction","decl":{"start":{"line":18,"column":4},"end":{"line":25,"column":5}},"loc":{"start":{"line":18,"column":4},"end":{"line":25,"column":5}},"line":18},"1":{"name":"Object.<anonymous>.InitialTransaction.serialize","decl":{"start":{"line":27,"column":4},"end":{"line":38,"column":5}},"loc":{"start":{"line":27,"column":4},"end":{"line":38,"column":5}},"line":27},"2":{"name":"Object.<anonymous>.InitialTransaction.deserialize","decl":{"start":{"line":40,"column":4},"end":{"line":49,"column":5}},"loc":{"start":{"line":40,"column":4},"end":{"line":49,"column":5}},"line":40}},"f":{"0":5,"1":1,"2":1}}
,"/Users/luismeyer/Desktop/repos/litecoin/src/Transactions/SignedTransaction.ts": {"path":"/Users/luismeyer/Desktop/repos/litecoin/src/Transactions/SignedTransaction.ts","all":false,"statementMap":{"0":{"start":{"line":1,"column":0},"end":{"line":1,"column":59}},"1":{"start":{"line":2,"column":0},"end":{"line":2,"column":51}},"2":{"start":{"line":3,"column":0},"end":{"line":3,"column":8}},"3":{"start":{"line":4,"column":0},"end":{"line":4,"column":9}},"4":{"start":{"line":5,"column":0},"end":{"line":5,"column":11}},"5":{"start":{"line":6,"column":0},"end":{"line":6,"column":17}},"6":{"start":{"line":7,"column":0},"end":{"line":7,"column":24}},"7":{"start":{"line":8,"column":0},"end":{"line":8,"column":19}},"8":{"start":{"line":9,"column":0},"end":{"line":9,"column":34}},"9":{"start":{"line":10,"column":0},"end":{"line":10,"column":0}},"10":{"start":{"line":11,"column":0},"end":{"line":11,"column":37}},"11":{"start":{"line":12,"column":0},"end":{"line":12,"column":28}},"12":{"start":{"line":13,"column":0},"end":{"line":13,"column":33}},"13":{"start":{"line":14,"column":0},"end":{"line":14,"column":23}},"14":{"start":{"line":15,"column":0},"end":{"line":15,"column":23}},"15":{"start":{"line":16,"column":0},"end":{"line":16,"column":1}},"16":{"start":{"line":17,"column":0},"end":{"line":17,"column":0}},"17":{"start":{"line":18,"column":0},"end":{"line":18,"column":62}},"18":{"start":{"line":19,"column":0},"end":{"line":19,"column":35}},"19":{"start":{"line":20,"column":0},"end":{"line":20,"column":40}},"20":{"start":{"line":21,"column":0},"end":{"line":21,"column":30}},"21":{"start":{"line":22,"column":0},"end":{"line":22,"column":29}},"22":{"start":{"line":23,"column":0},"end":{"line":23,"column":0}},"23":{"start":{"line":24,"column":0},"end":{"line":24,"column":50}},"24":{"start":{"line":25,"column":0},"end":{"line":25,"column":37}},"25":{"start":{"line":26,"column":0},"end":{"line":26,"column":33}},"26":{"start":{"line":27,"column":0},"end":{"line":27,"column":16}},"27":{"start":{"line":28,"column":0},"end":{"line":28,"column":34}},"28":{"start":{"line":29,"column":0},"end":{"line":29,"column":38}},"29":{"start":{"line":30,"column":0},"end":{"line":30,"column":42}},"30":{"start":{"line":31,"column":0},"end":{"line":31,"column":56}},"31":{"start":{"line":32,"column":0},"end":{"line":32,"column":9}},"32":{"start":{"line":33,"column":0},"end":{"line":33,"column":5}},"33":{"start":{"line":34,"column":0},"end":{"line":34,"column":0}},"34":{"start":{"line":35,"column":0},"end":{"line":35,"column":24}},"35":{"start":{"line":36,"column":0},"end":{"line":36,"column":42}},"36":{"start":{"line":37,"column":0},"end":{"line":37,"column":51}},"37":{"start":{"line":38,"column":0},"end":{"line":38,"column":22}},"38":{"start":{"line":39,"column":0},"end":{"line":39,"column":50}},"39":{"start":{"line":40,"column":0},"end":{"line":40,"column":28}},"40":{"start":{"line":41,"column":0},"end":{"line":41,"column":26}},"41":{"start":{"line":42,"column":0},"end":{"line":42,"column":10}},"42":{"start":{"line":43,"column":0},"end":{"line":43,"column":5}},"43":{"start":{"line":44,"column":0},"end":{"line":44,"column":0}},"44":{"start":{"line":45,"column":0},"end":{"line":45,"column":26}},"45":{"start":{"line":46,"column":0},"end":{"line":46,"column":51}},"46":{"start":{"line":47,"column":0},"end":{"line":47,"column":48}},"47":{"start":{"line":48,"column":0},"end":{"line":48,"column":10}},"48":{"start":{"line":49,"column":0},"end":{"line":49,"column":67}},"49":{"start":{"line":50,"column":0},"end":{"line":50,"column":20}},"50":{"start":{"line":51,"column":0},"end":{"line":51,"column":49}},"51":{"start":{"line":52,"column":0},"end":{"line":52,"column":24}},"52":{"start":{"line":53,"column":0},"end":{"line":53,"column":48}},"53":{"start":{"line":54,"column":0},"end":{"line":54,"column":42}},"54":{"start":{"line":55,"column":0},"end":{"line":55,"column":18}},"55":{"start":{"line":56,"column":0},"end":{"line":56,"column":15}},"56":{"start":{"line":57,"column":0},"end":{"line":57,"column":41}},"57":{"start":{"line":58,"column":0},"end":{"line":58,"column":45}},"58":{"start":{"line":59,"column":0},"end":{"line":59,"column":5}},"59":{"start":{"line":60,"column":0},"end":{"line":60,"column":0}},"60":{"start":{"line":61,"column":0},"end":{"line":61,"column":30}},"61":{"start":{"line":62,"column":0},"end":{"line":62,"column":35}},"62":{"start":{"line":63,"column":0},"end":{"line":63,"column":29}},"63":{"start":{"line":64,"column":0},"end":{"line":64,"column":72}},"64":{"start":{"line":65,"column":0},"end":{"line":65,"column":10}},"65":{"start":{"line":66,"column":0},"end":{"line":66,"column":26}},"66":{"start":{"line":67,"column":0},"end":{"line":67,"column":5}},"67":{"start":{"line":68,"column":0},"end":{"line":68,"column":0}},"68":{"start":{"line":69,"column":0},"end":{"line":69,"column":33}},"69":{"start":{"line":70,"column":0},"end":{"line":70,"column":30}},"70":{"start":{"line":71,"column":0},"end":{"line":71,"column":67}},"71":{"start":{"line":72,"column":0},"end":{"line":72,"column":22}},"72":{"start":{"line":73,"column":0},"end":{"line":73,"column":10}},"73":{"start":{"line":74,"column":0},"end":{"line":74,"column":5}},"74":{"start":{"line":75,"column":0},"end":{"line":75,"column":0}},"75":{"start":{"line":76,"column":0},"end":{"line":76,"column":37}},"76":{"start":{"line":77,"column":0},"end":{"line":77,"column":28}},"77":{"start":{"line":78,"column":0},"end":{"line":78,"column":28}},"78":{"start":{"line":79,"column":0},"end":{"line":79,"column":76}},"79":{"start":{"line":80,"column":0},"end":{"line":80,"column":14}},"80":{"start":{"line":81,"column":0},"end":{"line":81,"column":51}},"81":{"start":{"line":82,"column":0},"end":{"line":82,"column":61}},"82":{"start":{"line":83,"column":0},"end":{"line":83,"column":67}},"83":{"start":{"line":84,"column":0},"end":{"line":84,"column":5}},"84":{"start":{"line":85,"column":0},"end":{"line":85,"column":0}},"85":{"start":{"line":86,"column":0},"end":{"line":86,"column":35}},"86":{"start":{"line":87,"column":0},"end":{"line":87,"column":72}},"87":{"start":{"line":88,"column":0},"end":{"line":88,"column":68}},"88":{"start":{"line":89,"column":0},"end":{"line":89,"column":77}},"89":{"start":{"line":90,"column":0},"end":{"line":90,"column":20}},"90":{"start":{"line":91,"column":0},"end":{"line":91,"column":56}},"91":{"start":{"line":92,"column":0},"end":{"line":92,"column":38}},"92":{"start":{"line":93,"column":0},"end":{"line":93,"column":14}},"93":{"start":{"line":94,"column":0},"end":{"line":94,"column":11}},"94":{"start":{"line":95,"column":0},"end":{"line":95,"column":58}},"95":{"start":{"line":96,"column":0},"end":{"line":96,"column":23}},"96":{"start":{"line":97,"column":0},"end":{"line":97,"column":75}},"97":{"start":{"line":98,"column":0},"end":{"line":98,"column":35}},"98":{"start":{"line":99,"column":0},"end":{"line":99,"column":5}},"99":{"start":{"line":100,"column":0},"end":{"line":100,"column":1}}},"s":{"0":1,"1":1,"2":1,"3":1,"4":1,"5":1,"6":1,"7":1,"8":1,"9":1,"10":1,"11":1,"12":1,"13":1,"14":1,"15":1,"16":1,"17":2,"18":2,"19":2,"20":2,"21":2,"22":2,"23":2,"24":8,"25":1,"26":8,"27":7,"28":7,"29":7,"30":7,"31":7,"32":8,"33":2,"34":2,"35":10,"36":9,"37":9,"38":9,"39":9,"40":9,"41":9,"42":9,"43":2,"44":2,"45":19,"46":19,"47":19,"48":19,"49":19,"50":19,"51":27,"52":27,"53":27,"54":27,"55":19,"56":19,"57":19,"58":19,"59":2,"60":2,"61":11,"62":11,"63":11,"64":11,"65":11,"66":11,"67":2,"68":2,"69":8,"70":8,"71":8,"72":8,"73":8,"74":2,"75":2,"76":2,"77":2,"78":0,"79":0,"80":1,"81":2,"82":2,"83":2,"84":2,"85":2,"86":1,"87":1,"88":1,"89":1,"90":1,"91":1,"92":1,"93":1,"94":1,"95":1,"96":1,"97":1,"98":1,"99":2},"branchMap":{"0":{"type":"branch","line":18,"loc":{"start":{"line":18,"column":0},"end":{"line":100,"column":1}},"locations":[{"start":{"line":18,"column":0},"end":{"line":100,"column":1}}]},"1":{"type":"branch","line":24,"loc":{"start":{"line":24,"column":4},"end":{"line":33,"column":5}},"locations":[{"start":{"line":24,"column":4},"end":{"line":33,"column":5}}]},"2":{"type":"branch","line":25,"loc":{"start":{"line":25,"column":36},"end":{"line":27,"column":15}},"locations":[{"start":{"line":25,"column":36},"end":{"line":27,"column":15}}]},"3":{"type":"branch","line":27,"loc":{"start":{"line":27,"column":9},"end":{"line":32,"column":9}},"locations":[{"start":{"line":27,"column":9},"end":{"line":32,"column":9}}]},"4":{"type":"branch","line":35,"loc":{"start":{"line":35,"column":4},"end":{"line":43,"column":5}},"locations":[{"start":{"line":35,"column":4},"end":{"line":43,"column":5}}]},"5":{"type":"branch","line":36,"loc":{"start":{"line":36,"column":29},"end":{"line":36,"column":42}},"locations":[{"start":{"line":36,"column":29},"end":{"line":36,"column":42}}]},"6":{"type":"branch","line":37,"loc":{"start":{"line":37,"column":-1},"end":{"line":43,"column":5}},"locations":[{"start":{"line":37,"column":-1},"end":{"line":43,"column":5}}]},"7":{"type":"branch","line":45,"loc":{"start":{"line":45,"column":4},"end":{"line":59,"column":5}},"locations":[{"start":{"line":45,"column":4},"end":{"line":59,"column":5}}]},"8":{"type":"branch","line":51,"loc":{"start":{"line":51,"column":17},"end":{"line":56,"column":13}},"locations":[{"start":{"line":51,"column":17},"end":{"line":56,"column":13}}]},"9":{"type":"branch","line":61,"loc":{"start":{"line":61,"column":4},"end":{"line":67,"column":5}},"locations":[{"start":{"line":61,"column":4},"end":{"line":67,"column":5}}]},"10":{"type":"branch","line":64,"loc":{"start":{"line":64,"column":12},"end":{"line":64,"column":44}},"locations":[{"start":{"line":64,"column":12},"end":{"line":64,"column":44}}]},"11":{"type":"branch","line":69,"loc":{"start":{"line":69,"column":4},"end":{"line":74,"column":5}},"locations":[{"start":{"line":69,"column":4},"end":{"line":74,"column":5}}]},"12":{"type":"branch","line":76,"loc":{"start":{"line":76,"column":4},"end":{"line":84,"column":5}},"locations":[{"start":{"line":76,"column":4},"end":{"line":84,"column":5}}]},"13":{"type":"branch","line":78,"loc":{"start":{"line":78,"column":12},"end":{"line":80,"column":14}},"locations":[{"start":{"line":78,"column":12},"end":{"line":80,"column":14}}]},"14":{"type":"branch","line":81,"loc":{"start":{"line":81,"column":-1},"end":{"line":82,"column":42}},"locations":[{"start":{"line":81,"column":-1},"end":{"line":82,"column":42}}]},"15":{"type":"branch","line":82,"loc":{"start":{"line":82,"column":40},"end":{"line":82,"column":42}},"locations":[{"start":{"line":82,"column":40},"end":{"line":82,"column":42}}]},"16":{"type":"branch","line":82,"loc":{"start":{"line":82,"column":40},"end":{"line":82,"column":60}},"locations":[{"start":{"line":82,"column":40},"end":{"line":82,"column":60}}]},"17":{"type":"branch","line":86,"loc":{"start":{"line":86,"column":4},"end":{"line":99,"column":5}},"locations":[{"start":{"line":86,"column":4},"end":{"line":99,"column":5}}]},"18":{"type":"branch","line":97,"loc":{"start":{"line":97,"column":12},"end":{"line":97,"column":75}},"locations":[{"start":{"line":97,"column":12},"end":{"line":97,"column":75}}]},"19":{"type":"branch","line":89,"loc":{"start":{"line":89,"column":35},"end":{"line":94,"column":9}},"locations":[{"start":{"line":89,"column":35},"end":{"line":94,"column":9}}]}},"b":{"0":[2],"1":[8],"2":[1],"3":[7],"4":[10],"5":[1],"6":[9],"7":[19],"8":[27],"9":[11],"10":[22],"11":[8],"12":[2],"13":[0],"14":[1],"15":[0],"16":[1],"17":[1],"18":[0],"19":[1]},"fnMap":{"0":{"name":"SignedTransaction","decl":{"start":{"line":24,"column":4},"end":{"line":33,"column":5}},"loc":{"start":{"line":24,"column":4},"end":{"line":33,"column":5}},"line":24},"1":{"name":"Object.<anonymous>.SignedTransaction.isValid","decl":{"start":{"line":35,"column":4},"end":{"line":43,"column":5}},"loc":{"start":{"line":35,"column":4},"end":{"line":43,"column":5}},"line":35},"2":{"name":"Object.<anonymous>.SignedTransaction.makeSignableObject","decl":{"start":{"line":45,"column":4},"end":{"line":59,"column":5}},"loc":{"start":{"line":45,"column":4},"end":{"line":59,"column":5}},"line":45},"3":{"name":"Object.<anonymous>.SignedTransaction.getTotalAmount","decl":{"start":{"line":61,"column":4},"end":{"line":67,"column":5}},"loc":{"start":{"line":61,"column":4},"end":{"line":67,"column":5}},"line":61},"4":{"name":"Object.<anonymous>.SignedTransaction.sign","decl":{"start":{"line":69,"column":4},"end":{"line":74,"column":5}},"loc":{"start":{"line":69,"column":4},"end":{"line":74,"column":5}},"line":69},"5":{"name":"Object.<anonymous>.SignedTransaction.serialize","decl":{"start":{"line":76,"column":4},"end":{"line":84,"column":5}},"loc":{"start":{"line":76,"column":4},"end":{"line":84,"column":5}},"line":76},"6":{"name":"Object.<anonymous>.SignedTransaction.deserialize","decl":{"start":{"line":86,"column":4},"end":{"line":99,"column":5}},"loc":{"start":{"line":86,"column":4},"end":{"line":99,"column":5}},"line":86}},"f":{"0":8,"1":10,"2":19,"3":11,"4":8,"5":2,"6":1}}
,"/Users/luismeyer/Desktop/repos/litecoin/src/Transactions/Transactions.ts": {"path":"/Users/luismeyer/Desktop/repos/litecoin/src/Transactions/Transactions.ts","all":false,"statementMap":{"0":{"start":{"line":1,"column":0},"end":{"line":1,"column":56}},"1":{"start":{"line":2,"column":0},"end":{"line":2,"column":58}},"2":{"start":{"line":3,"column":0},"end":{"line":3,"column":51}},"3":{"start":{"line":4,"column":0},"end":{"line":4,"column":0}},"4":{"start":{"line":5,"column":0},"end":{"line":5,"column":64}}},"s":{"0":1,"1":1,"2":1,"3":1,"4":1},"branchMap":{"0":{"type":"branch","line":5,"loc":{"start":{"line":5,"column":9},"end":{"line":5,"column":26}},"locations":[{"start":{"line":5,"column":9},"end":{"line":5,"column":26}}]},"1":{"type":"branch","line":5,"loc":{"start":{"line":5,"column":28},"end":{"line":5,"column":46}},"locations":[{"start":{"line":5,"column":28},"end":{"line":5,"column":46}}]}},"b":{"0":[14],"1":[11]},"fnMap":{"0":{"name":"get","decl":{"start":{"line":5,"column":9},"end":{"line":5,"column":26}},"loc":{"start":{"line":5,"column":9},"end":{"line":5,"column":26}},"line":5},"1":{"name":"get","decl":{"start":{"line":5,"column":28},"end":{"line":5,"column":46}},"loc":{"start":{"line":5,"column":28},"end":{"line":5,"column":46}},"line":5}},"f":{"0":14,"1":11}}
}
