{"/Users/luismeyer/Desktop/repos/litecoin/src/utils.ts": {"path":"/Users/luismeyer/Desktop/repos/litecoin/src/utils.ts","all":false,"statementMap":{"0":{"start":{"line":1,"column":0},"end":{"line":1,"column":23}},"1":{"start":{"line":2,"column":0},"end":{"line":2,"column":18}},"2":{"start":{"line":3,"column":0},"end":{"line":3,"column":50}},"3":{"start":{"line":4,"column":0},"end":{"line":4,"column":11}},"4":{"start":{"line":5,"column":0},"end":{"line":5,"column":24}},"5":{"start":{"line":6,"column":0},"end":{"line":6,"column":24}},"6":{"start":{"line":7,"column":0},"end":{"line":7,"column":43}},"7":{"start":{"line":8,"column":0},"end":{"line":8,"column":33}},"8":{"start":{"line":9,"column":0},"end":{"line":9,"column":26}},"9":{"start":{"line":10,"column":0},"end":{"line":10,"column":22}},"10":{"start":{"line":11,"column":0},"end":{"line":11,"column":24}},"11":{"start":{"line":12,"column":0},"end":{"line":12,"column":9}},"12":{"start":{"line":13,"column":0},"end":{"line":13,"column":21}},"13":{"start":{"line":14,"column":0},"end":{"line":14,"column":7}},"14":{"start":{"line":15,"column":0},"end":{"line":15,"column":15}},"15":{"start":{"line":16,"column":0},"end":{"line":16,"column":2}}},"s":{"0":1,"1":86,"2":86,"3":86,"4":86,"5":86,"6":86,"7":92,"8":92,"9":70,"10":70,"11":70,"12":22,"13":86,"14":86,"15":86},"branchMap":{"0":{"type":"branch","line":1,"loc":{"start":{"line":1,"column":19},"end":{"line":16,"column":2}},"locations":[{"start":{"line":1,"column":19},"end":{"line":16,"column":2}}]},"1":{"type":"branch","line":7,"loc":{"start":{"line":7,"column":13},"end":{"line":14,"column":5}},"locations":[{"start":{"line":7,"column":13},"end":{"line":14,"column":5}}]},"2":{"type":"branch","line":9,"loc":{"start":{"line":9,"column":15},"end":{"line":9,"column":23}},"locations":[{"start":{"line":9,"column":15},"end":{"line":9,"column":23}}]},"3":{"type":"branch","line":9,"loc":{"start":{"line":9,"column":25},"end":{"line":12,"column":9}},"locations":[{"start":{"line":9,"column":25},"end":{"line":12,"column":9}}]},"4":{"type":"branch","line":13,"loc":{"start":{"line":13,"column":-1},"end":{"line":14,"column":5}},"locations":[{"start":{"line":13,"column":-1},"end":{"line":14,"column":5}}]}},"b":{"0":[86],"1":[92],"2":[70],"3":[70],"4":[22]},"fnMap":{"0":{"name":"dig","decl":{"start":{"line":1,"column":19},"end":{"line":16,"column":2}},"loc":{"start":{"line":1,"column":19},"end":{"line":16,"column":2}},"line":1}},"f":{"0":86}}
,"/Users/luismeyer/Desktop/repos/litecoin/src/Block/Block.ts": {"path":"/Users/luismeyer/Desktop/repos/litecoin/src/Block/Block.ts","all":false,"statementMap":{"0":{"start":{"line":1,"column":0},"end":{"line":1,"column":70}},"1":{"start":{"line":2,"column":0},"end":{"line":2,"column":72}},"2":{"start":{"line":3,"column":0},"end":{"line":3,"column":0}},"3":{"start":{"line":4,"column":0},"end":{"line":4,"column":20}},"4":{"start":{"line":5,"column":0},"end":{"line":5,"column":30}},"5":{"start":{"line":6,"column":0},"end":{"line":6,"column":26}},"6":{"start":{"line":7,"column":0},"end":{"line":7,"column":25}},"7":{"start":{"line":8,"column":0},"end":{"line":8,"column":33}},"8":{"start":{"line":9,"column":0},"end":{"line":9,"column":71}},"9":{"start":{"line":10,"column":0},"end":{"line":10,"column":0}},"10":{"start":{"line":11,"column":0},"end":{"line":11,"column":19}},"11":{"start":{"line":12,"column":0},"end":{"line":12,"column":31}},"12":{"start":{"line":13,"column":0},"end":{"line":13,"column":5}},"13":{"start":{"line":14,"column":0},"end":{"line":14,"column":1}}},"s":{"0":1,"1":1,"2":1,"3":1,"4":1,"5":1,"6":1,"7":1,"8":1,"9":1,"10":1,"11":16,"12":16,"13":1},"branchMap":{"0":{"type":"branch","line":4,"loc":{"start":{"line":4,"column":0},"end":{"line":14,"column":1}},"locations":[{"start":{"line":4,"column":0},"end":{"line":14,"column":1}}]},"1":{"type":"branch","line":11,"loc":{"start":{"line":11,"column":4},"end":{"line":13,"column":5}},"locations":[{"start":{"line":11,"column":4},"end":{"line":13,"column":5}}]}},"b":{"0":[1],"1":[16]},"fnMap":{"0":{"name":"Block","decl":{"start":{"line":11,"column":4},"end":{"line":13,"column":5}},"loc":{"start":{"line":11,"column":4},"end":{"line":13,"column":5}},"line":11}},"f":{"0":16}}
,"/Users/luismeyer/Desktop/repos/litecoin/src/Encryption/Encryption.ts": {"path":"/Users/luismeyer/Desktop/repos/litecoin/src/Encryption/Encryption.ts","all":false,"statementMap":{"0":{"start":{"line":1,"column":0},"end":{"line":1,"column":32}},"1":{"start":{"line":2,"column":0},"end":{"line":2,"column":67}},"2":{"start":{"line":3,"column":0},"end":{"line":3,"column":0}},"3":{"start":{"line":4,"column":0},"end":{"line":4,"column":70}},"4":{"start":{"line":5,"column":0},"end":{"line":5,"column":40}},"5":{"start":{"line":6,"column":0},"end":{"line":6,"column":24}},"6":{"start":{"line":7,"column":0},"end":{"line":7,"column":56}},"7":{"start":{"line":8,"column":0},"end":{"line":8,"column":7}},"8":{"start":{"line":9,"column":0},"end":{"line":9,"column":2}},"9":{"start":{"line":10,"column":0},"end":{"line":10,"column":0}},"10":{"start":{"line":11,"column":0},"end":{"line":11,"column":23}},"11":{"start":{"line":12,"column":0},"end":{"line":12,"column":17}},"12":{"start":{"line":13,"column":0},"end":{"line":13,"column":25}},"13":{"start":{"line":14,"column":0},"end":{"line":14,"column":21}},"14":{"start":{"line":15,"column":0},"end":{"line":15,"column":15}},"15":{"start":{"line":16,"column":0},"end":{"line":16,"column":25}},"16":{"start":{"line":17,"column":0},"end":{"line":17,"column":17}},"17":{"start":{"line":18,"column":0},"end":{"line":18,"column":13}},"18":{"start":{"line":19,"column":0},"end":{"line":19,"column":9}},"19":{"start":{"line":20,"column":0},"end":{"line":20,"column":27}},"20":{"start":{"line":21,"column":0},"end":{"line":21,"column":60}},"21":{"start":{"line":22,"column":0},"end":{"line":22,"column":10}},"22":{"start":{"line":23,"column":0},"end":{"line":23,"column":17}},"23":{"start":{"line":24,"column":0},"end":{"line":24,"column":6}},"24":{"start":{"line":25,"column":0},"end":{"line":25,"column":2}},"25":{"start":{"line":26,"column":0},"end":{"line":26,"column":0}},"26":{"start":{"line":27,"column":0},"end":{"line":27,"column":33}},"27":{"start":{"line":28,"column":0},"end":{"line":28,"column":46}},"28":{"start":{"line":29,"column":0},"end":{"line":29,"column":71}},"29":{"start":{"line":30,"column":0},"end":{"line":30,"column":28}},"30":{"start":{"line":31,"column":0},"end":{"line":31,"column":7}},"31":{"start":{"line":32,"column":0},"end":{"line":32,"column":2}},"32":{"start":{"line":33,"column":0},"end":{"line":33,"column":0}},"33":{"start":{"line":34,"column":0},"end":{"line":34,"column":52}},"34":{"start":{"line":35,"column":0},"end":{"line":35,"column":52}},"35":{"start":{"line":36,"column":0},"end":{"line":36,"column":2}},"36":{"start":{"line":37,"column":0},"end":{"line":37,"column":0}},"37":{"start":{"line":38,"column":0},"end":{"line":38,"column":3}},"38":{"start":{"line":39,"column":0},"end":{"line":39,"column":0}},"39":{"start":{"line":40,"column":0},"end":{"line":40,"column":41}},"40":{"start":{"line":41,"column":0},"end":{"line":41,"column":39}},"41":{"start":{"line":42,"column":0},"end":{"line":42,"column":36}},"42":{"start":{"line":43,"column":0},"end":{"line":43,"column":35}},"43":{"start":{"line":44,"column":0},"end":{"line":44,"column":2}},"44":{"start":{"line":45,"column":0},"end":{"line":45,"column":0}},"45":{"start":{"line":46,"column":0},"end":{"line":46,"column":31}},"46":{"start":{"line":47,"column":0},"end":{"line":47,"column":29}},"47":{"start":{"line":48,"column":0},"end":{"line":48,"column":30}},"48":{"start":{"line":49,"column":0},"end":{"line":49,"column":14}},"49":{"start":{"line":50,"column":0},"end":{"line":50,"column":15}},"50":{"start":{"line":51,"column":0},"end":{"line":51,"column":25}},"51":{"start":{"line":52,"column":0},"end":{"line":52,"column":41}},"52":{"start":{"line":53,"column":0},"end":{"line":53,"column":43}},"53":{"start":{"line":54,"column":0},"end":{"line":54,"column":60}},"54":{"start":{"line":55,"column":0},"end":{"line":55,"column":48}},"55":{"start":{"line":56,"column":0},"end":{"line":56,"column":28}},"56":{"start":{"line":57,"column":0},"end":{"line":57,"column":17}},"57":{"start":{"line":58,"column":0},"end":{"line":58,"column":1}},"58":{"start":{"line":59,"column":0},"end":{"line":59,"column":0}},"59":{"start":{"line":60,"column":0},"end":{"line":60,"column":67}},"60":{"start":{"line":61,"column":0},"end":{"line":61,"column":13}},"61":{"start":{"line":62,"column":0},"end":{"line":62,"column":38}},"62":{"start":{"line":63,"column":0},"end":{"line":63,"column":22}},"63":{"start":{"line":64,"column":0},"end":{"line":64,"column":22}},"64":{"start":{"line":65,"column":0},"end":{"line":65,"column":7}},"65":{"start":{"line":66,"column":0},"end":{"line":66,"column":36}},"66":{"start":{"line":67,"column":0},"end":{"line":67,"column":1}},"67":{"start":{"line":68,"column":0},"end":{"line":68,"column":0}},"68":{"start":{"line":69,"column":0},"end":{"line":69,"column":33}},"69":{"start":{"line":70,"column":0},"end":{"line":70,"column":35}},"70":{"start":{"line":71,"column":0},"end":{"line":71,"column":28}},"71":{"start":{"line":72,"column":0},"end":{"line":72,"column":12}},"72":{"start":{"line":73,"column":0},"end":{"line":73,"column":53}},"73":{"start":{"line":74,"column":0},"end":{"line":74,"column":51}},"74":{"start":{"line":75,"column":0},"end":{"line":75,"column":6}},"75":{"start":{"line":76,"column":0},"end":{"line":76,"column":1}},"76":{"start":{"line":77,"column":0},"end":{"line":77,"column":0}},"77":{"start":{"line":78,"column":0},"end":{"line":78,"column":35}},"78":{"start":{"line":79,"column":0},"end":{"line":79,"column":46}},"79":{"start":{"line":80,"column":0},"end":{"line":80,"column":27}},"80":{"start":{"line":81,"column":0},"end":{"line":81,"column":12}},"81":{"start":{"line":82,"column":0},"end":{"line":82,"column":73}},"82":{"start":{"line":83,"column":0},"end":{"line":83,"column":76}},"83":{"start":{"line":84,"column":0},"end":{"line":84,"column":6}},"84":{"start":{"line":85,"column":0},"end":{"line":85,"column":1}},"85":{"start":{"line":86,"column":0},"end":{"line":86,"column":0}},"86":{"start":{"line":87,"column":0},"end":{"line":87,"column":55}},"87":{"start":{"line":88,"column":0},"end":{"line":88,"column":47}},"88":{"start":{"line":89,"column":0},"end":{"line":89,"column":1}},"89":{"start":{"line":90,"column":0},"end":{"line":90,"column":0}},"90":{"start":{"line":91,"column":0},"end":{"line":91,"column":62}},"91":{"start":{"line":92,"column":0},"end":{"line":92,"column":31}},"92":{"start":{"line":93,"column":0},"end":{"line":93,"column":12}},"93":{"start":{"line":94,"column":0},"end":{"line":94,"column":0}},"94":{"start":{"line":95,"column":0},"end":{"line":95,"column":29}},"95":{"start":{"line":96,"column":0},"end":{"line":96,"column":30}},"96":{"start":{"line":97,"column":0},"end":{"line":97,"column":27}},"97":{"start":{"line":98,"column":0},"end":{"line":98,"column":39}},"98":{"start":{"line":99,"column":0},"end":{"line":99,"column":52}},"99":{"start":{"line":100,"column":0},"end":{"line":100,"column":77}},"100":{"start":{"line":101,"column":0},"end":{"line":101,"column":0}},"101":{"start":{"line":102,"column":0},"end":{"line":102,"column":70}},"102":{"start":{"line":103,"column":0},"end":{"line":103,"column":39}},"103":{"start":{"line":104,"column":0},"end":{"line":104,"column":0}},"104":{"start":{"line":105,"column":0},"end":{"line":105,"column":38}},"105":{"start":{"line":106,"column":0},"end":{"line":106,"column":26}},"106":{"start":{"line":107,"column":0},"end":{"line":107,"column":8}},"107":{"start":{"line":108,"column":0},"end":{"line":108,"column":57}},"108":{"start":{"line":109,"column":0},"end":{"line":109,"column":38}},"109":{"start":{"line":110,"column":0},"end":{"line":110,"column":33}},"110":{"start":{"line":111,"column":0},"end":{"line":111,"column":23}},"111":{"start":{"line":112,"column":0},"end":{"line":112,"column":27}},"112":{"start":{"line":113,"column":0},"end":{"line":113,"column":0}},"113":{"start":{"line":114,"column":0},"end":{"line":114,"column":47}},"114":{"start":{"line":115,"column":0},"end":{"line":115,"column":2}}},"s":{"0":1,"1":1,"2":1,"3":1,"4":23,"5":23,"6":23,"7":23,"8":23,"9":1,"10":1,"11":23,"12":23,"13":23,"14":23,"15":23,"16":23,"17":23,"18":23,"19":23,"20":23,"21":23,"22":23,"23":23,"24":23,"25":1,"26":1,"27":47,"28":47,"29":47,"30":47,"31":47,"32":1,"33":1,"34":251,"35":251,"36":1,"37":1,"38":1,"39":1,"40":1,"41":1,"42":1,"43":1,"44":1,"45":7,"46":7,"47":7,"48":7,"49":7,"50":7,"51":7,"52":7,"53":7,"54":7,"55":7,"56":7,"57":7,"58":1,"59":207,"60":207,"61":207,"62":207,"63":207,"64":207,"65":207,"66":207,"67":1,"68":1,"69":1,"70":1,"71":1,"72":1,"73":1,"74":1,"75":1,"76":1,"77":1,"78":1,"79":1,"80":1,"81":1,"82":1,"83":1,"84":1,"85":1,"86":4,"87":4,"88":4,"89":1,"90":1,"91":1,"92":1,"93":1,"94":1,"95":3,"96":3,"97":3,"98":3,"99":3,"100":1,"101":1,"102":1,"103":1,"104":1,"105":1,"106":3,"107":250,"108":250,"109":250,"110":250,"111":3,"112":1,"113":1,"114":1},"branchMap":{"0":{"type":"branch","line":4,"loc":{"start":{"line":4,"column":20},"end":{"line":9,"column":2}},"locations":[{"start":{"line":4,"column":20},"end":{"line":9,"column":2}}]},"1":{"type":"branch","line":11,"loc":{"start":{"line":11,"column":22},"end":{"line":25,"column":2}},"locations":[{"start":{"line":11,"column":22},"end":{"line":25,"column":2}}]},"2":{"type":"branch","line":27,"loc":{"start":{"line":27,"column":26},"end":{"line":32,"column":2}},"locations":[{"start":{"line":27,"column":26},"end":{"line":32,"column":2}}]},"3":{"type":"branch","line":34,"loc":{"start":{"line":34,"column":20},"end":{"line":36,"column":2}},"locations":[{"start":{"line":34,"column":20},"end":{"line":36,"column":2}}]},"4":{"type":"branch","line":46,"loc":{"start":{"line":46,"column":0},"end":{"line":58,"column":1}},"locations":[{"start":{"line":46,"column":0},"end":{"line":58,"column":1}}]},"5":{"type":"branch","line":52,"loc":{"start":{"line":52,"column":12},"end":{"line":52,"column":41}},"locations":[{"start":{"line":52,"column":12},"end":{"line":52,"column":41}}]},"6":{"type":"branch","line":53,"loc":{"start":{"line":53,"column":12},"end":{"line":53,"column":42}},"locations":[{"start":{"line":53,"column":12},"end":{"line":53,"column":42}}]},"7":{"type":"branch","line":60,"loc":{"start":{"line":60,"column":0},"end":{"line":67,"column":1}},"locations":[{"start":{"line":60,"column":0},"end":{"line":67,"column":1}}]},"8":{"type":"branch","line":69,"loc":{"start":{"line":69,"column":0},"end":{"line":76,"column":1}},"locations":[{"start":{"line":69,"column":0},"end":{"line":76,"column":1}}]},"9":{"type":"branch","line":78,"loc":{"start":{"line":78,"column":0},"end":{"line":85,"column":1}},"locations":[{"start":{"line":78,"column":0},"end":{"line":85,"column":1}}]},"10":{"type":"branch","line":87,"loc":{"start":{"line":87,"column":0},"end":{"line":89,"column":1}},"locations":[{"start":{"line":87,"column":0},"end":{"line":89,"column":1}}]},"11":{"type":"branch","line":95,"loc":{"start":{"line":95,"column":25},"end":{"line":115,"column":2}},"locations":[{"start":{"line":95,"column":25},"end":{"line":115,"column":2}}]},"12":{"type":"branch","line":99,"loc":{"start":{"line":99,"column":27},"end":{"line":99,"column":51}},"locations":[{"start":{"line":99,"column":27},"end":{"line":99,"column":51}}]},"13":{"type":"branch","line":100,"loc":{"start":{"line":100,"column":8},"end":{"line":100,"column":77}},"locations":[{"start":{"line":100,"column":8},"end":{"line":100,"column":77}}]},"14":{"type":"branch","line":101,"loc":{"start":{"line":101,"column":-1},"end":{"line":107,"column":7}},"locations":[{"start":{"line":101,"column":-1},"end":{"line":107,"column":7}}]},"15":{"type":"branch","line":107,"loc":{"start":{"line":107,"column":7},"end":{"line":112,"column":13}},"locations":[{"start":{"line":107,"column":7},"end":{"line":112,"column":13}}]},"16":{"type":"branch","line":112,"loc":{"start":{"line":112,"column":5},"end":{"line":115,"column":2}},"locations":[{"start":{"line":112,"column":5},"end":{"line":115,"column":2}}]}},"b":{"0":[23],"1":[23],"2":[47],"3":[251],"4":[7],"5":[6],"6":[1],"7":[207],"8":[1],"9":[1],"10":[4],"11":[3],"12":[2],"13":[2],"14":[1],"15":[250],"16":[1]},"fnMap":{"0":{"name":"sign","decl":{"start":{"line":4,"column":20},"end":{"line":9,"column":2}},"loc":{"start":{"line":4,"column":20},"end":{"line":9,"column":2}},"line":4},"1":{"name":"verify","decl":{"start":{"line":11,"column":22},"end":{"line":25,"column":2}},"loc":{"start":{"line":11,"column":22},"end":{"line":25,"column":2}},"line":11},"2":{"name":"genKeyPair","decl":{"start":{"line":27,"column":26},"end":{"line":32,"column":2}},"loc":{"start":{"line":27,"column":26},"end":{"line":32,"column":2}},"line":27},"3":{"name":"hash","decl":{"start":{"line":34,"column":20},"end":{"line":36,"column":2}},"loc":{"start":{"line":34,"column":20},"end":{"line":36,"column":2}},"line":34},"4":{"name":"deserializeKey","decl":{"start":{"line":46,"column":0},"end":{"line":58,"column":1}},"loc":{"start":{"line":46,"column":0},"end":{"line":58,"column":1}},"line":46},"5":{"name":"serializeKey","decl":{"start":{"line":60,"column":0},"end":{"line":67,"column":1}},"loc":{"start":{"line":60,"column":0},"end":{"line":67,"column":1}},"line":60},"6":{"name":"serializeKeyPair","decl":{"start":{"line":69,"column":0},"end":{"line":76,"column":1}},"loc":{"start":{"line":69,"column":0},"end":{"line":76,"column":1}},"line":69},"7":{"name":"deserializeKeyPair","decl":{"start":{"line":78,"column":0},"end":{"line":85,"column":1}},"loc":{"start":{"line":78,"column":0},"end":{"line":85,"column":1}},"line":78},"8":{"name":"keyEquals","decl":{"start":{"line":87,"column":0},"end":{"line":89,"column":1}},"loc":{"start":{"line":87,"column":0},"end":{"line":89,"column":1}},"line":87},"9":{"name":"findNonce","decl":{"start":{"line":95,"column":25},"end":{"line":115,"column":2}},"loc":{"start":{"line":95,"column":25},"end":{"line":115,"column":2}},"line":95}},"f":{"0":23,"1":23,"2":47,"3":251,"4":7,"5":207,"6":1,"7":1,"8":4,"9":3}}
,"/Users/luismeyer/Desktop/repos/litecoin/src/Node/Node.ts": {"path":"/Users/luismeyer/Desktop/repos/litecoin/src/Node/Node.ts","all":false,"statementMap":{"0":{"start":{"line":1,"column":0},"end":{"line":1,"column":59}},"1":{"start":{"line":2,"column":0},"end":{"line":2,"column":68}},"2":{"start":{"line":3,"column":0},"end":{"line":3,"column":31}},"3":{"start":{"line":4,"column":0},"end":{"line":4,"column":47}},"4":{"start":{"line":5,"column":0},"end":{"line":5,"column":0}},"5":{"start":{"line":6,"column":0},"end":{"line":6,"column":39}},"6":{"start":{"line":7,"column":0},"end":{"line":7,"column":8}},"7":{"start":{"line":8,"column":0},"end":{"line":8,"column":22}},"8":{"start":{"line":9,"column":0},"end":{"line":9,"column":23}},"9":{"start":{"line":10,"column":0},"end":{"line":10,"column":10}},"10":{"start":{"line":11,"column":0},"end":{"line":11,"column":11}},"11":{"start":{"line":12,"column":0},"end":{"line":12,"column":38}},"12":{"start":{"line":13,"column":0},"end":{"line":13,"column":0}},"13":{"start":{"line":14,"column":0},"end":{"line":14,"column":19}},"14":{"start":{"line":15,"column":0},"end":{"line":15,"column":31}},"15":{"start":{"line":16,"column":0},"end":{"line":16,"column":78}},"16":{"start":{"line":17,"column":0},"end":{"line":17,"column":43}},"17":{"start":{"line":18,"column":0},"end":{"line":18,"column":0}},"18":{"start":{"line":19,"column":0},"end":{"line":19,"column":39}},"19":{"start":{"line":20,"column":0},"end":{"line":20,"column":43}},"20":{"start":{"line":21,"column":0},"end":{"line":21,"column":38}},"21":{"start":{"line":22,"column":0},"end":{"line":22,"column":5}},"22":{"start":{"line":23,"column":0},"end":{"line":23,"column":0}},"23":{"start":{"line":24,"column":0},"end":{"line":24,"column":79}},"24":{"start":{"line":25,"column":0},"end":{"line":25,"column":47}},"25":{"start":{"line":26,"column":0},"end":{"line":26,"column":71}},"26":{"start":{"line":27,"column":0},"end":{"line":27,"column":34}},"27":{"start":{"line":28,"column":0},"end":{"line":28,"column":11}},"28":{"start":{"line":29,"column":0},"end":{"line":29,"column":40}},"29":{"start":{"line":30,"column":0},"end":{"line":30,"column":28}},"30":{"start":{"line":31,"column":0},"end":{"line":31,"column":5}},"31":{"start":{"line":32,"column":0},"end":{"line":32,"column":0}},"32":{"start":{"line":33,"column":0},"end":{"line":33,"column":75}},"33":{"start":{"line":34,"column":0},"end":{"line":34,"column":73}},"34":{"start":{"line":35,"column":0},"end":{"line":35,"column":26}},"35":{"start":{"line":36,"column":0},"end":{"line":36,"column":28}},"36":{"start":{"line":37,"column":0},"end":{"line":37,"column":68}},"37":{"start":{"line":38,"column":0},"end":{"line":38,"column":14}},"38":{"start":{"line":39,"column":0},"end":{"line":39,"column":9}},"39":{"start":{"line":40,"column":0},"end":{"line":40,"column":50}},"40":{"start":{"line":41,"column":0},"end":{"line":41,"column":67}},"41":{"start":{"line":42,"column":0},"end":{"line":42,"column":67}},"42":{"start":{"line":43,"column":0},"end":{"line":43,"column":67}},"43":{"start":{"line":44,"column":0},"end":{"line":44,"column":20}},"44":{"start":{"line":45,"column":0},"end":{"line":45,"column":30}},"45":{"start":{"line":46,"column":0},"end":{"line":46,"column":38}},"46":{"start":{"line":47,"column":0},"end":{"line":47,"column":46}},"47":{"start":{"line":48,"column":0},"end":{"line":48,"column":14}},"48":{"start":{"line":49,"column":0},"end":{"line":49,"column":11}},"49":{"start":{"line":50,"column":0},"end":{"line":50,"column":68}},"50":{"start":{"line":51,"column":0},"end":{"line":51,"column":34}},"51":{"start":{"line":52,"column":0},"end":{"line":52,"column":30}},"52":{"start":{"line":53,"column":0},"end":{"line":53,"column":30}},"53":{"start":{"line":54,"column":0},"end":{"line":54,"column":31}},"54":{"start":{"line":55,"column":0},"end":{"line":55,"column":11}},"55":{"start":{"line":56,"column":0},"end":{"line":56,"column":37}},"56":{"start":{"line":57,"column":0},"end":{"line":57,"column":45}},"57":{"start":{"line":58,"column":0},"end":{"line":58,"column":28}},"58":{"start":{"line":59,"column":0},"end":{"line":59,"column":5}},"59":{"start":{"line":60,"column":0},"end":{"line":60,"column":0}},"60":{"start":{"line":61,"column":0},"end":{"line":61,"column":68}},"61":{"start":{"line":62,"column":0},"end":{"line":62,"column":37}},"62":{"start":{"line":63,"column":0},"end":{"line":63,"column":42}},"63":{"start":{"line":64,"column":0},"end":{"line":64,"column":75}},"64":{"start":{"line":65,"column":0},"end":{"line":65,"column":5}},"65":{"start":{"line":66,"column":0},"end":{"line":66,"column":0}},"66":{"start":{"line":67,"column":0},"end":{"line":67,"column":69}},"67":{"start":{"line":68,"column":0},"end":{"line":68,"column":54}},"68":{"start":{"line":69,"column":0},"end":{"line":69,"column":54}},"69":{"start":{"line":70,"column":0},"end":{"line":70,"column":5}},"70":{"start":{"line":71,"column":0},"end":{"line":71,"column":0}},"71":{"start":{"line":72,"column":0},"end":{"line":72,"column":41}},"72":{"start":{"line":73,"column":0},"end":{"line":73,"column":50}},"73":{"start":{"line":74,"column":0},"end":{"line":74,"column":13}},"74":{"start":{"line":75,"column":0},"end":{"line":75,"column":37}},"75":{"start":{"line":76,"column":0},"end":{"line":76,"column":45}},"76":{"start":{"line":77,"column":0},"end":{"line":77,"column":56}},"77":{"start":{"line":78,"column":0},"end":{"line":78,"column":10}},"78":{"start":{"line":79,"column":0},"end":{"line":79,"column":46}},"79":{"start":{"line":80,"column":0},"end":{"line":80,"column":55}},"80":{"start":{"line":81,"column":0},"end":{"line":81,"column":66}},"81":{"start":{"line":82,"column":0},"end":{"line":82,"column":48}},"82":{"start":{"line":83,"column":0},"end":{"line":83,"column":66}},"83":{"start":{"line":84,"column":0},"end":{"line":84,"column":19}},"84":{"start":{"line":85,"column":0},"end":{"line":85,"column":15}},"85":{"start":{"line":86,"column":0},"end":{"line":86,"column":16}},"86":{"start":{"line":87,"column":0},"end":{"line":87,"column":55}},"87":{"start":{"line":88,"column":0},"end":{"line":88,"column":65}},"88":{"start":{"line":89,"column":0},"end":{"line":89,"column":15}},"89":{"start":{"line":90,"column":0},"end":{"line":90,"column":9}},"90":{"start":{"line":91,"column":0},"end":{"line":91,"column":5}},"91":{"start":{"line":92,"column":0},"end":{"line":92,"column":0}},"92":{"start":{"line":93,"column":0},"end":{"line":93,"column":41}},"93":{"start":{"line":94,"column":0},"end":{"line":94,"column":50}},"94":{"start":{"line":95,"column":0},"end":{"line":95,"column":13}},"95":{"start":{"line":96,"column":0},"end":{"line":96,"column":46}},"96":{"start":{"line":97,"column":0},"end":{"line":97,"column":50}},"97":{"start":{"line":98,"column":0},"end":{"line":98,"column":77}},"98":{"start":{"line":99,"column":0},"end":{"line":99,"column":51}},"99":{"start":{"line":100,"column":0},"end":{"line":100,"column":61}},"100":{"start":{"line":101,"column":0},"end":{"line":101,"column":36}},"101":{"start":{"line":102,"column":0},"end":{"line":102,"column":71}},"102":{"start":{"line":103,"column":0},"end":{"line":103,"column":22}},"103":{"start":{"line":104,"column":0},"end":{"line":104,"column":61}},"104":{"start":{"line":105,"column":0},"end":{"line":105,"column":72}},"105":{"start":{"line":106,"column":0},"end":{"line":106,"column":20}},"106":{"start":{"line":107,"column":0},"end":{"line":107,"column":79}},"107":{"start":{"line":108,"column":0},"end":{"line":108,"column":13}},"108":{"start":{"line":109,"column":0},"end":{"line":109,"column":16}},"109":{"start":{"line":110,"column":0},"end":{"line":110,"column":76}},"110":{"start":{"line":111,"column":0},"end":{"line":111,"column":27}},"111":{"start":{"line":112,"column":0},"end":{"line":112,"column":32}},"112":{"start":{"line":113,"column":0},"end":{"line":113,"column":92}},"113":{"start":{"line":114,"column":0},"end":{"line":114,"column":18}},"114":{"start":{"line":115,"column":0},"end":{"line":115,"column":9}},"115":{"start":{"line":116,"column":0},"end":{"line":116,"column":5}},"116":{"start":{"line":117,"column":0},"end":{"line":117,"column":0}},"117":{"start":{"line":118,"column":0},"end":{"line":118,"column":63}},"118":{"start":{"line":119,"column":0},"end":{"line":119,"column":26}},"119":{"start":{"line":120,"column":0},"end":{"line":120,"column":28}},"120":{"start":{"line":121,"column":0},"end":{"line":121,"column":75}},"121":{"start":{"line":122,"column":0},"end":{"line":122,"column":14}},"122":{"start":{"line":123,"column":0},"end":{"line":123,"column":5}},"123":{"start":{"line":124,"column":0},"end":{"line":124,"column":0}},"124":{"start":{"line":125,"column":0},"end":{"line":125,"column":79}},"125":{"start":{"line":126,"column":0},"end":{"line":126,"column":40}},"126":{"start":{"line":127,"column":0},"end":{"line":127,"column":54}},"127":{"start":{"line":128,"column":0},"end":{"line":128,"column":58}},"128":{"start":{"line":129,"column":0},"end":{"line":129,"column":28}},"129":{"start":{"line":130,"column":0},"end":{"line":130,"column":29}},"130":{"start":{"line":131,"column":0},"end":{"line":131,"column":20}},"131":{"start":{"line":132,"column":0},"end":{"line":132,"column":39}},"132":{"start":{"line":133,"column":0},"end":{"line":133,"column":69}},"133":{"start":{"line":134,"column":0},"end":{"line":134,"column":62}},"134":{"start":{"line":135,"column":0},"end":{"line":135,"column":64}},"135":{"start":{"line":136,"column":0},"end":{"line":136,"column":36}},"136":{"start":{"line":137,"column":0},"end":{"line":137,"column":63}},"137":{"start":{"line":138,"column":0},"end":{"line":138,"column":59}},"138":{"start":{"line":139,"column":0},"end":{"line":139,"column":33}},"139":{"start":{"line":140,"column":0},"end":{"line":140,"column":50}},"140":{"start":{"line":141,"column":0},"end":{"line":141,"column":31}},"141":{"start":{"line":142,"column":0},"end":{"line":142,"column":32}},"142":{"start":{"line":143,"column":0},"end":{"line":143,"column":65}},"143":{"start":{"line":144,"column":0},"end":{"line":144,"column":55}},"144":{"start":{"line":145,"column":0},"end":{"line":145,"column":43}},"145":{"start":{"line":146,"column":0},"end":{"line":146,"column":39}},"146":{"start":{"line":147,"column":0},"end":{"line":147,"column":25}},"147":{"start":{"line":148,"column":0},"end":{"line":148,"column":21}},"148":{"start":{"line":149,"column":0},"end":{"line":149,"column":17}},"149":{"start":{"line":150,"column":0},"end":{"line":150,"column":10}},"150":{"start":{"line":151,"column":0},"end":{"line":151,"column":30}},"151":{"start":{"line":152,"column":0},"end":{"line":152,"column":5}},"152":{"start":{"line":153,"column":0},"end":{"line":153,"column":0}},"153":{"start":{"line":154,"column":0},"end":{"line":154,"column":73}},"154":{"start":{"line":155,"column":0},"end":{"line":155,"column":45}},"155":{"start":{"line":156,"column":0},"end":{"line":156,"column":8}},"156":{"start":{"line":157,"column":0},"end":{"line":157,"column":0}},"157":{"start":{"line":158,"column":0},"end":{"line":158,"column":17}},"158":{"start":{"line":159,"column":0},"end":{"line":159,"column":58}},"159":{"start":{"line":160,"column":0},"end":{"line":160,"column":32}},"160":{"start":{"line":161,"column":0},"end":{"line":161,"column":75}},"161":{"start":{"line":162,"column":0},"end":{"line":162,"column":64}},"162":{"start":{"line":163,"column":0},"end":{"line":163,"column":38}},"163":{"start":{"line":164,"column":0},"end":{"line":164,"column":39}},"164":{"start":{"line":165,"column":0},"end":{"line":165,"column":5}},"165":{"start":{"line":166,"column":0},"end":{"line":166,"column":0}},"166":{"start":{"line":167,"column":0},"end":{"line":167,"column":23}},"167":{"start":{"line":168,"column":0},"end":{"line":168,"column":20}},"168":{"start":{"line":169,"column":0},"end":{"line":169,"column":27}},"169":{"start":{"line":170,"column":0},"end":{"line":170,"column":56}},"170":{"start":{"line":171,"column":0},"end":{"line":171,"column":71}},"171":{"start":{"line":172,"column":0},"end":{"line":172,"column":50}},"172":{"start":{"line":173,"column":0},"end":{"line":173,"column":22}},"173":{"start":{"line":174,"column":0},"end":{"line":174,"column":33}},"174":{"start":{"line":175,"column":0},"end":{"line":175,"column":19}},"175":{"start":{"line":176,"column":0},"end":{"line":176,"column":21}},"176":{"start":{"line":177,"column":0},"end":{"line":177,"column":17}},"177":{"start":{"line":178,"column":0},"end":{"line":178,"column":13}},"178":{"start":{"line":179,"column":0},"end":{"line":179,"column":10}},"179":{"start":{"line":180,"column":0},"end":{"line":180,"column":5}},"180":{"start":{"line":181,"column":0},"end":{"line":181,"column":1}}},"s":{"0":1,"1":1,"2":1,"3":1,"4":1,"5":1,"6":1,"7":1,"8":1,"9":1,"10":1,"11":1,"12":1,"13":1,"14":1,"15":1,"16":1,"17":1,"18":1,"19":15,"20":15,"21":15,"22":1,"23":1,"24":15,"25":15,"26":15,"27":15,"28":15,"29":15,"30":15,"31":1,"32":1,"33":10,"34":10,"35":1,"36":1,"37":1,"38":1,"39":9,"40":9,"41":9,"42":11,"43":11,"44":11,"45":11,"46":11,"47":11,"48":9,"49":9,"50":9,"51":9,"52":9,"53":9,"54":9,"55":9,"56":9,"57":9,"58":9,"59":1,"60":1,"61":24,"62":24,"63":24,"64":24,"65":1,"66":1,"67":24,"68":24,"69":24,"70":1,"71":1,"72":22,"73":22,"74":22,"75":22,"76":22,"77":22,"78":22,"79":8,"80":2,"81":1,"82":1,"83":1,"84":8,"85":22,"86":14,"87":1,"88":14,"89":14,"90":22,"91":1,"92":1,"93":29,"94":29,"95":29,"96":14,"97":14,"98":14,"99":10,"100":10,"101":1,"102":1,"103":9,"104":10,"105":14,"106":1,"107":1,"108":29,"109":15,"110":15,"111":15,"112":1,"113":1,"114":15,"115":29,"116":1,"117":1,"118":14,"119":14,"120":3,"121":3,"122":14,"123":1,"124":1,"125":54,"126":54,"127":38,"128":38,"129":38,"130":38,"131":38,"132":38,"133":38,"134":10,"135":16,"136":16,"137":16,"138":16,"139":16,"140":10,"141":38,"142":28,"143":28,"144":28,"145":28,"146":28,"147":38,"148":38,"149":38,"150":54,"151":54,"152":1,"153":1,"154":1,"155":1,"156":1,"157":1,"158":17,"159":16,"160":16,"161":16,"162":16,"163":16,"164":16,"165":1,"166":1,"167":0,"168":0,"169":0,"170":0,"171":0,"172":0,"173":0,"174":0,"175":0,"176":0,"177":0,"178":0,"179":0,"180":1},"branchMap":{"0":{"type":"branch","line":14,"loc":{"start":{"line":14,"column":0},"end":{"line":181,"column":1}},"locations":[{"start":{"line":14,"column":0},"end":{"line":181,"column":1}}]},"1":{"type":"branch","line":19,"loc":{"start":{"line":19,"column":4},"end":{"line":22,"column":5}},"locations":[{"start":{"line":19,"column":4},"end":{"line":22,"column":5}}]},"2":{"type":"branch","line":20,"loc":{"start":{"line":20,"column":36},"end":{"line":20,"column":35}},"locations":[{"start":{"line":20,"column":36},"end":{"line":20,"column":35}}]},"3":{"type":"branch","line":20,"loc":{"start":{"line":20,"column":36},"end":{"line":20,"column":42}},"locations":[{"start":{"line":20,"column":36},"end":{"line":20,"column":42}}]},"4":{"type":"branch","line":24,"loc":{"start":{"line":24,"column":4},"end":{"line":31,"column":5}},"locations":[{"start":{"line":24,"column":4},"end":{"line":31,"column":5}}]},"5":{"type":"branch","line":33,"loc":{"start":{"line":33,"column":4},"end":{"line":59,"column":5}},"locations":[{"start":{"line":33,"column":4},"end":{"line":59,"column":5}}]},"6":{"type":"branch","line":35,"loc":{"start":{"line":35,"column":25},"end":{"line":39,"column":9}},"locations":[{"start":{"line":35,"column":25},"end":{"line":39,"column":9}}]},"7":{"type":"branch","line":40,"loc":{"start":{"line":40,"column":-1},"end":{"line":59,"column":5}},"locations":[{"start":{"line":40,"column":-1},"end":{"line":59,"column":5}}]},"8":{"type":"branch","line":42,"loc":{"start":{"line":42,"column":54},"end":{"line":49,"column":9}},"locations":[{"start":{"line":42,"column":54},"end":{"line":49,"column":9}}]},"9":{"type":"branch","line":43,"loc":{"start":{"line":43,"column":52},"end":{"line":43,"column":54}},"locations":[{"start":{"line":43,"column":52},"end":{"line":43,"column":54}}]},"10":{"type":"branch","line":43,"loc":{"start":{"line":43,"column":52},"end":{"line":43,"column":54}},"locations":[{"start":{"line":43,"column":52},"end":{"line":43,"column":54}}]},"11":{"type":"branch","line":43,"loc":{"start":{"line":43,"column":52},"end":{"line":43,"column":61}},"locations":[{"start":{"line":43,"column":52},"end":{"line":43,"column":61}}]},"12":{"type":"branch","line":43,"loc":{"start":{"line":43,"column":61},"end":{"line":43,"column":65}},"locations":[{"start":{"line":43,"column":61},"end":{"line":43,"column":65}}]},"13":{"type":"branch","line":43,"loc":{"start":{"line":43,"column":61},"end":{"line":43,"column":66}},"locations":[{"start":{"line":43,"column":61},"end":{"line":43,"column":66}}]},"14":{"type":"branch","line":61,"loc":{"start":{"line":61,"column":4},"end":{"line":65,"column":5}},"locations":[{"start":{"line":61,"column":4},"end":{"line":65,"column":5}}]},"15":{"type":"branch","line":67,"loc":{"start":{"line":67,"column":4},"end":{"line":70,"column":5}},"locations":[{"start":{"line":67,"column":4},"end":{"line":70,"column":5}}]},"16":{"type":"branch","line":72,"loc":{"start":{"line":72,"column":4},"end":{"line":91,"column":5}},"locations":[{"start":{"line":72,"column":4},"end":{"line":91,"column":5}}]},"17":{"type":"branch","line":79,"loc":{"start":{"line":79,"column":45},"end":{"line":86,"column":15}},"locations":[{"start":{"line":79,"column":45},"end":{"line":86,"column":15}}]},"18":{"type":"branch","line":86,"loc":{"start":{"line":86,"column":9},"end":{"line":90,"column":9}},"locations":[{"start":{"line":86,"column":9},"end":{"line":90,"column":9}}]},"19":{"type":"branch","line":80,"loc":{"start":{"line":80,"column":45},"end":{"line":85,"column":13}},"locations":[{"start":{"line":80,"column":45},"end":{"line":85,"column":13}}]},"20":{"type":"branch","line":81,"loc":{"start":{"line":81,"column":56},"end":{"line":85,"column":13}},"locations":[{"start":{"line":81,"column":56},"end":{"line":85,"column":13}}]},"21":{"type":"branch","line":82,"loc":{"start":{"line":82,"column":35},"end":{"line":84,"column":17}},"locations":[{"start":{"line":82,"column":35},"end":{"line":84,"column":17}}]},"22":{"type":"branch","line":87,"loc":{"start":{"line":87,"column":45},"end":{"line":89,"column":13}},"locations":[{"start":{"line":87,"column":45},"end":{"line":89,"column":13}}]},"23":{"type":"branch","line":93,"loc":{"start":{"line":93,"column":4},"end":{"line":116,"column":5}},"locations":[{"start":{"line":93,"column":4},"end":{"line":116,"column":5}}]},"24":{"type":"branch","line":96,"loc":{"start":{"line":96,"column":45},"end":{"line":109,"column":15}},"locations":[{"start":{"line":96,"column":45},"end":{"line":109,"column":15}}]},"25":{"type":"branch","line":99,"loc":{"start":{"line":99,"column":26},"end":{"line":99,"column":48}},"locations":[{"start":{"line":99,"column":26},"end":{"line":99,"column":48}}]},"26":{"type":"branch","line":99,"loc":{"start":{"line":99,"column":50},"end":{"line":106,"column":19}},"locations":[{"start":{"line":99,"column":50},"end":{"line":106,"column":19}}]},"27":{"type":"branch","line":101,"loc":{"start":{"line":101,"column":20},"end":{"line":103,"column":22}},"locations":[{"start":{"line":101,"column":20},"end":{"line":103,"column":22}}]},"28":{"type":"branch","line":104,"loc":{"start":{"line":104,"column":-1},"end":{"line":105,"column":26}},"locations":[{"start":{"line":104,"column":-1},"end":{"line":105,"column":26}}]},"29":{"type":"branch","line":105,"loc":{"start":{"line":105,"column":20},"end":{"line":105,"column":72}},"locations":[{"start":{"line":105,"column":20},"end":{"line":105,"column":72}}]},"30":{"type":"branch","line":106,"loc":{"start":{"line":106,"column":13},"end":{"line":108,"column":13}},"locations":[{"start":{"line":106,"column":13},"end":{"line":108,"column":13}}]},"31":{"type":"branch","line":109,"loc":{"start":{"line":109,"column":9},"end":{"line":115,"column":9}},"locations":[{"start":{"line":109,"column":9},"end":{"line":115,"column":9}}]},"32":{"type":"branch","line":112,"loc":{"start":{"line":112,"column":16},"end":{"line":114,"column":18}},"locations":[{"start":{"line":112,"column":16},"end":{"line":114,"column":18}}]},"33":{"type":"branch","line":118,"loc":{"start":{"line":118,"column":4},"end":{"line":123,"column":5}},"locations":[{"start":{"line":118,"column":4},"end":{"line":123,"column":5}}]},"34":{"type":"branch","line":120,"loc":{"start":{"line":120,"column":12},"end":{"line":122,"column":14}},"locations":[{"start":{"line":120,"column":12},"end":{"line":122,"column":14}}]},"35":{"type":"branch","line":125,"loc":{"start":{"line":125,"column":4},"end":{"line":152,"column":5}},"locations":[{"start":{"line":125,"column":4},"end":{"line":152,"column":5}}]},"36":{"type":"branch","line":127,"loc":{"start":{"line":127,"column":42},"end":{"line":127,"column":54}},"locations":[{"start":{"line":127,"column":42},"end":{"line":127,"column":54}}]},"37":{"type":"branch","line":128,"loc":{"start":{"line":128,"column":-1},"end":{"line":151,"column":25}},"locations":[{"start":{"line":128,"column":-1},"end":{"line":151,"column":25}}]},"38":{"type":"branch","line":151,"loc":{"start":{"line":151,"column":21},"end":{"line":151,"column":25}},"locations":[{"start":{"line":151,"column":21},"end":{"line":151,"column":25}}]},"39":{"type":"branch","line":151,"loc":{"start":{"line":151,"column":21},"end":{"line":151,"column":20}},"locations":[{"start":{"line":151,"column":21},"end":{"line":151,"column":20}}]},"40":{"type":"branch","line":151,"loc":{"start":{"line":151,"column":21},"end":{"line":151,"column":29}},"locations":[{"start":{"line":151,"column":21},"end":{"line":151,"column":29}}]},"41":{"type":"branch","line":130,"loc":{"start":{"line":130,"column":12},"end":{"line":131,"column":19}},"locations":[{"start":{"line":130,"column":12},"end":{"line":131,"column":19}}]},"42":{"type":"branch","line":133,"loc":{"start":{"line":133,"column":20},"end":{"line":148,"column":21}},"locations":[{"start":{"line":133,"column":20},"end":{"line":148,"column":21}}]},"43":{"type":"branch","line":134,"loc":{"start":{"line":134,"column":61},"end":{"line":142,"column":31}},"locations":[{"start":{"line":134,"column":61},"end":{"line":142,"column":31}}]},"44":{"type":"branch","line":142,"loc":{"start":{"line":142,"column":25},"end":{"line":147,"column":25}},"locations":[{"start":{"line":142,"column":25},"end":{"line":147,"column":25}}]},"45":{"type":"branch","line":145,"loc":{"start":{"line":145,"column":32},"end":{"line":145,"column":43}},"locations":[{"start":{"line":145,"column":32},"end":{"line":145,"column":43}}]},"46":{"type":"branch","line":146,"loc":{"start":{"line":146,"column":32},"end":{"line":146,"column":38}},"locations":[{"start":{"line":146,"column":32},"end":{"line":146,"column":38}}]},"47":{"type":"branch","line":135,"loc":{"start":{"line":135,"column":51},"end":{"line":141,"column":29}},"locations":[{"start":{"line":135,"column":51},"end":{"line":141,"column":29}}]},"48":{"type":"branch","line":140,"loc":{"start":{"line":140,"column":36},"end":{"line":140,"column":50}},"locations":[{"start":{"line":140,"column":36},"end":{"line":140,"column":50}}]},"49":{"type":"branch","line":158,"loc":{"start":{"line":158,"column":4},"end":{"line":165,"column":5}},"locations":[{"start":{"line":158,"column":4},"end":{"line":165,"column":5}}]},"50":{"type":"branch","line":159,"loc":{"start":{"line":159,"column":51},"end":{"line":159,"column":58}},"locations":[{"start":{"line":159,"column":51},"end":{"line":159,"column":58}}]},"51":{"type":"branch","line":160,"loc":{"start":{"line":160,"column":-1},"end":{"line":165,"column":5}},"locations":[{"start":{"line":160,"column":-1},"end":{"line":165,"column":5}}]}},"b":{"0":[1],"1":[15],"2":[1],"3":[14],"4":[15],"5":[10],"6":[1],"7":[9],"8":[11],"9":[4],"10":[7],"11":[4],"12":[4],"13":[7],"14":[24],"15":[24],"16":[22],"17":[8],"18":[14],"19":[2],"20":[1],"21":[1],"22":[1],"23":[29],"24":[14],"25":[10],"26":[10],"27":[1],"28":[9],"29":[1],"30":[1],"31":[15],"32":[1],"33":[14],"34":[3],"35":[54],"36":[16],"37":[38],"38":[30],"39":[30],"40":[8],"41":[38],"42":[38],"43":[10],"44":[28],"45":[20],"46":[8],"47":[16],"48":[10],"49":[17],"50":[1],"51":[16]},"fnMap":{"0":{"name":"Node","decl":{"start":{"line":19,"column":4},"end":{"line":22,"column":5}},"loc":{"start":{"line":19,"column":4},"end":{"line":22,"column":5}},"line":19},"1":{"name":"Object.<anonymous>.Node.createInitialTransaction","decl":{"start":{"line":24,"column":4},"end":{"line":31,"column":5}},"loc":{"start":{"line":24,"column":4},"end":{"line":31,"column":5}},"line":24},"2":{"name":"Object.<anonymous>.Node.createSignedTransaction","decl":{"start":{"line":33,"column":4},"end":{"line":59,"column":5}},"loc":{"start":{"line":33,"column":4},"end":{"line":59,"column":5}},"line":33},"3":{"name":"Object.<anonymous>.Node.collectTransaction","decl":{"start":{"line":61,"column":4},"end":{"line":65,"column":5}},"loc":{"start":{"line":61,"column":4},"end":{"line":65,"column":5}},"line":61},"4":{"name":"Object.<anonymous>.Node.validateTransaction","decl":{"start":{"line":67,"column":4},"end":{"line":70,"column":5}},"loc":{"start":{"line":67,"column":4},"end":{"line":70,"column":5}},"line":67},"5":{"name":"Object.<anonymous>.Node.validateTxAddressUnicityInPendingTxs","decl":{"start":{"line":72,"column":4},"end":{"line":91,"column":5}},"loc":{"start":{"line":72,"column":4},"end":{"line":91,"column":5}},"line":72},"6":{"name":"Object.<anonymous>.Node.validateTransactionAgainstBlockchain","decl":{"start":{"line":93,"column":4},"end":{"line":116,"column":5}},"loc":{"start":{"line":93,"column":4},"end":{"line":116,"column":5}},"line":93},"7":{"name":"Object.<anonymous>.Node.validateTransactionSignature","decl":{"start":{"line":118,"column":4},"end":{"line":123,"column":5}},"loc":{"start":{"line":118,"column":4},"end":{"line":123,"column":5}},"line":118},"8":{"name":"Object.<anonymous>.Node.findLastTransactionOutput","decl":{"start":{"line":125,"column":4},"end":{"line":152,"column":5}},"loc":{"start":{"line":125,"column":4},"end":{"line":152,"column":5}},"line":125},"9":{"name":"Object.<anonymous>.Node.mineBlock","decl":{"start":{"line":158,"column":4},"end":{"line":165,"column":5}},"loc":{"start":{"line":158,"column":4},"end":{"line":165,"column":5}},"line":158},"10":{"name":"Object.<anonymous>.Node.printBlockchain","decl":{"start":{"line":167,"column":4},"end":{"line":180,"column":5}},"loc":{"start":{"line":167,"column":4},"end":{"line":180,"column":5}},"line":167}},"f":{"0":15,"1":15,"2":10,"3":24,"4":24,"5":22,"6":29,"7":14,"8":54,"9":17,"10":0}}
,"/Users/luismeyer/Desktop/repos/litecoin/src/Transactions/InitialTransaction.ts": {"path":"/Users/luismeyer/Desktop/repos/litecoin/src/Transactions/InitialTransaction.ts","all":false,"statementMap":{"0":{"start":{"line":1,"column":0},"end":{"line":1,"column":35}},"1":{"start":{"line":2,"column":0},"end":{"line":2,"column":51}},"2":{"start":{"line":3,"column":0},"end":{"line":3,"column":8}},"3":{"start":{"line":4,"column":0},"end":{"line":4,"column":17}},"4":{"start":{"line":5,"column":0},"end":{"line":5,"column":24}},"5":{"start":{"line":6,"column":0},"end":{"line":6,"column":19}},"6":{"start":{"line":7,"column":0},"end":{"line":7,"column":14}},"7":{"start":{"line":8,"column":0},"end":{"line":8,"column":34}},"8":{"start":{"line":9,"column":0},"end":{"line":9,"column":0}},"9":{"start":{"line":10,"column":0},"end":{"line":10,"column":31}},"10":{"start":{"line":11,"column":0},"end":{"line":11,"column":30}},"11":{"start":{"line":12,"column":0},"end":{"line":12,"column":22}},"12":{"start":{"line":13,"column":0},"end":{"line":13,"column":1}},"13":{"start":{"line":14,"column":0},"end":{"line":14,"column":0}},"14":{"start":{"line":15,"column":0},"end":{"line":15,"column":64}},"15":{"start":{"line":16,"column":0},"end":{"line":16,"column":37}},"16":{"start":{"line":17,"column":0},"end":{"line":17,"column":29}},"17":{"start":{"line":18,"column":0},"end":{"line":18,"column":0}},"18":{"start":{"line":19,"column":0},"end":{"line":19,"column":51}},"19":{"start":{"line":20,"column":0},"end":{"line":20,"column":37}},"20":{"start":{"line":21,"column":0},"end":{"line":21,"column":33}},"21":{"start":{"line":22,"column":0},"end":{"line":22,"column":16}},"22":{"start":{"line":23,"column":0},"end":{"line":23,"column":36}},"23":{"start":{"line":24,"column":0},"end":{"line":24,"column":42}},"24":{"start":{"line":25,"column":0},"end":{"line":25,"column":9}},"25":{"start":{"line":26,"column":0},"end":{"line":26,"column":5}},"26":{"start":{"line":27,"column":0},"end":{"line":27,"column":0}},"27":{"start":{"line":28,"column":0},"end":{"line":28,"column":37}},"28":{"start":{"line":29,"column":0},"end":{"line":29,"column":53}},"29":{"start":{"line":30,"column":0},"end":{"line":30,"column":45}},"30":{"start":{"line":31,"column":0},"end":{"line":31,"column":39}},"31":{"start":{"line":32,"column":0},"end":{"line":32,"column":41}},"32":{"start":{"line":33,"column":0},"end":{"line":33,"column":10}},"33":{"start":{"line":34,"column":0},"end":{"line":34,"column":41}},"34":{"start":{"line":35,"column":0},"end":{"line":35,"column":62}},"35":{"start":{"line":36,"column":0},"end":{"line":36,"column":5}},"36":{"start":{"line":37,"column":0},"end":{"line":37,"column":0}},"37":{"start":{"line":38,"column":0},"end":{"line":38,"column":35}},"38":{"start":{"line":39,"column":0},"end":{"line":39,"column":53}},"39":{"start":{"line":40,"column":0},"end":{"line":40,"column":34}},"40":{"start":{"line":41,"column":0},"end":{"line":41,"column":23}},"41":{"start":{"line":42,"column":0},"end":{"line":42,"column":52}},"42":{"start":{"line":43,"column":0},"end":{"line":43,"column":34}},"43":{"start":{"line":44,"column":0},"end":{"line":44,"column":36}},"44":{"start":{"line":45,"column":0},"end":{"line":45,"column":10}},"45":{"start":{"line":46,"column":0},"end":{"line":46,"column":35}},"46":{"start":{"line":47,"column":0},"end":{"line":47,"column":5}},"47":{"start":{"line":48,"column":0},"end":{"line":48,"column":0}},"48":{"start":{"line":49,"column":0},"end":{"line":49,"column":37}},"49":{"start":{"line":50,"column":0},"end":{"line":50,"column":56}},"50":{"start":{"line":51,"column":0},"end":{"line":51,"column":5}},"51":{"start":{"line":52,"column":0},"end":{"line":52,"column":1}}},"s":{"0":1,"1":1,"2":1,"3":1,"4":1,"5":1,"6":1,"7":1,"8":1,"9":1,"10":1,"11":1,"12":1,"13":1,"14":2,"15":2,"16":2,"17":2,"18":2,"19":17,"20":1,"21":16,"22":16,"23":16,"24":16,"25":17,"26":2,"27":2,"28":1,"29":1,"30":1,"31":1,"32":1,"33":1,"34":1,"35":1,"36":2,"37":2,"38":1,"39":1,"40":1,"41":1,"42":1,"43":1,"44":1,"45":1,"46":1,"47":2,"48":2,"49":3,"50":3,"51":2},"branchMap":{"0":{"type":"branch","line":15,"loc":{"start":{"line":15,"column":0},"end":{"line":52,"column":1}},"locations":[{"start":{"line":15,"column":0},"end":{"line":52,"column":1}}]},"1":{"type":"branch","line":19,"loc":{"start":{"line":19,"column":4},"end":{"line":26,"column":5}},"locations":[{"start":{"line":19,"column":4},"end":{"line":26,"column":5}}]},"2":{"type":"branch","line":20,"loc":{"start":{"line":20,"column":36},"end":{"line":25,"column":9}},"locations":[{"start":{"line":20,"column":36},"end":{"line":25,"column":9}}]},"3":{"type":"branch","line":20,"loc":{"start":{"line":20,"column":36},"end":{"line":22,"column":15}},"locations":[{"start":{"line":20,"column":36},"end":{"line":22,"column":15}}]},"4":{"type":"branch","line":28,"loc":{"start":{"line":28,"column":4},"end":{"line":36,"column":5}},"locations":[{"start":{"line":28,"column":4},"end":{"line":36,"column":5}}]},"5":{"type":"branch","line":38,"loc":{"start":{"line":38,"column":4},"end":{"line":47,"column":5}},"locations":[{"start":{"line":38,"column":4},"end":{"line":47,"column":5}}]},"6":{"type":"branch","line":49,"loc":{"start":{"line":49,"column":4},"end":{"line":51,"column":5}},"locations":[{"start":{"line":49,"column":4},"end":{"line":51,"column":5}}]},"7":{"type":"branch","line":50,"loc":{"start":{"line":50,"column":44},"end":{"line":50,"column":56}},"locations":[{"start":{"line":50,"column":44},"end":{"line":50,"column":56}}]}},"b":{"0":[2],"1":[17],"2":[16],"3":[1],"4":[1],"5":[1],"6":[3],"7":[2]},"fnMap":{"0":{"name":"InitialTransaction","decl":{"start":{"line":19,"column":4},"end":{"line":26,"column":5}},"loc":{"start":{"line":19,"column":4},"end":{"line":26,"column":5}},"line":19},"1":{"name":"Object.<anonymous>.InitialTransaction.serialize","decl":{"start":{"line":28,"column":4},"end":{"line":36,"column":5}},"loc":{"start":{"line":28,"column":4},"end":{"line":36,"column":5}},"line":28},"2":{"name":"Object.<anonymous>.InitialTransaction.deserialize","decl":{"start":{"line":38,"column":4},"end":{"line":47,"column":5}},"loc":{"start":{"line":38,"column":4},"end":{"line":47,"column":5}},"line":38},"3":{"name":"Object.<anonymous>.InitialTransaction.containsAddress","decl":{"start":{"line":49,"column":4},"end":{"line":51,"column":5}},"loc":{"start":{"line":49,"column":4},"end":{"line":51,"column":5}},"line":49}},"f":{"0":17,"1":1,"2":1,"3":3}}
,"/Users/luismeyer/Desktop/repos/litecoin/src/Transactions/SignedTransaction.ts": {"path":"/Users/luismeyer/Desktop/repos/litecoin/src/Transactions/SignedTransaction.ts","all":false,"statementMap":{"0":{"start":{"line":1,"column":0},"end":{"line":1,"column":59}},"1":{"start":{"line":2,"column":0},"end":{"line":2,"column":51}},"2":{"start":{"line":3,"column":0},"end":{"line":3,"column":8}},"3":{"start":{"line":4,"column":0},"end":{"line":4,"column":9}},"4":{"start":{"line":5,"column":0},"end":{"line":5,"column":11}},"5":{"start":{"line":6,"column":0},"end":{"line":6,"column":17}},"6":{"start":{"line":7,"column":0},"end":{"line":7,"column":24}},"7":{"start":{"line":8,"column":0},"end":{"line":8,"column":19}},"8":{"start":{"line":9,"column":0},"end":{"line":9,"column":14}},"9":{"start":{"line":10,"column":0},"end":{"line":10,"column":34}},"10":{"start":{"line":11,"column":0},"end":{"line":11,"column":0}},"11":{"start":{"line":12,"column":0},"end":{"line":12,"column":37}},"12":{"start":{"line":13,"column":0},"end":{"line":13,"column":28}},"13":{"start":{"line":14,"column":0},"end":{"line":14,"column":33}},"14":{"start":{"line":15,"column":0},"end":{"line":15,"column":23}},"15":{"start":{"line":16,"column":0},"end":{"line":16,"column":23}},"16":{"start":{"line":17,"column":0},"end":{"line":17,"column":1}},"17":{"start":{"line":18,"column":0},"end":{"line":18,"column":0}},"18":{"start":{"line":19,"column":0},"end":{"line":19,"column":62}},"19":{"start":{"line":20,"column":0},"end":{"line":20,"column":35}},"20":{"start":{"line":21,"column":0},"end":{"line":21,"column":40}},"21":{"start":{"line":22,"column":0},"end":{"line":22,"column":30}},"22":{"start":{"line":23,"column":0},"end":{"line":23,"column":29}},"23":{"start":{"line":24,"column":0},"end":{"line":24,"column":0}},"24":{"start":{"line":25,"column":0},"end":{"line":25,"column":50}},"25":{"start":{"line":26,"column":0},"end":{"line":26,"column":37}},"26":{"start":{"line":27,"column":0},"end":{"line":27,"column":33}},"27":{"start":{"line":28,"column":0},"end":{"line":28,"column":16}},"28":{"start":{"line":29,"column":0},"end":{"line":29,"column":34}},"29":{"start":{"line":30,"column":0},"end":{"line":30,"column":38}},"30":{"start":{"line":31,"column":0},"end":{"line":31,"column":42}},"31":{"start":{"line":32,"column":0},"end":{"line":32,"column":56}},"32":{"start":{"line":33,"column":0},"end":{"line":33,"column":9}},"33":{"start":{"line":34,"column":0},"end":{"line":34,"column":5}},"34":{"start":{"line":35,"column":0},"end":{"line":35,"column":0}},"35":{"start":{"line":36,"column":0},"end":{"line":36,"column":24}},"36":{"start":{"line":37,"column":0},"end":{"line":37,"column":42}},"37":{"start":{"line":38,"column":0},"end":{"line":38,"column":41}},"38":{"start":{"line":39,"column":0},"end":{"line":39,"column":61}},"39":{"start":{"line":40,"column":0},"end":{"line":40,"column":56}},"40":{"start":{"line":41,"column":0},"end":{"line":41,"column":75}},"41":{"start":{"line":42,"column":0},"end":{"line":42,"column":11}},"42":{"start":{"line":43,"column":0},"end":{"line":43,"column":51}},"43":{"start":{"line":44,"column":0},"end":{"line":44,"column":16}},"44":{"start":{"line":45,"column":0},"end":{"line":45,"column":27}},"45":{"start":{"line":46,"column":0},"end":{"line":46,"column":19}},"46":{"start":{"line":47,"column":0},"end":{"line":47,"column":54}},"47":{"start":{"line":48,"column":0},"end":{"line":48,"column":32}},"48":{"start":{"line":49,"column":0},"end":{"line":49,"column":30}},"49":{"start":{"line":50,"column":0},"end":{"line":50,"column":13}},"50":{"start":{"line":51,"column":0},"end":{"line":51,"column":10}},"51":{"start":{"line":52,"column":0},"end":{"line":52,"column":5}},"52":{"start":{"line":53,"column":0},"end":{"line":53,"column":0}},"53":{"start":{"line":54,"column":0},"end":{"line":54,"column":26}},"54":{"start":{"line":55,"column":0},"end":{"line":55,"column":51}},"55":{"start":{"line":56,"column":0},"end":{"line":56,"column":48}},"56":{"start":{"line":57,"column":0},"end":{"line":57,"column":10}},"57":{"start":{"line":58,"column":0},"end":{"line":58,"column":67}},"58":{"start":{"line":59,"column":0},"end":{"line":59,"column":20}},"59":{"start":{"line":60,"column":0},"end":{"line":60,"column":49}},"60":{"start":{"line":61,"column":0},"end":{"line":61,"column":24}},"61":{"start":{"line":62,"column":0},"end":{"line":62,"column":48}},"62":{"start":{"line":63,"column":0},"end":{"line":63,"column":42}},"63":{"start":{"line":64,"column":0},"end":{"line":64,"column":44}},"64":{"start":{"line":65,"column":0},"end":{"line":65,"column":18}},"65":{"start":{"line":66,"column":0},"end":{"line":66,"column":15}},"66":{"start":{"line":67,"column":0},"end":{"line":67,"column":41}},"67":{"start":{"line":68,"column":0},"end":{"line":68,"column":45}},"68":{"start":{"line":69,"column":0},"end":{"line":69,"column":5}},"69":{"start":{"line":70,"column":0},"end":{"line":70,"column":0}},"70":{"start":{"line":71,"column":0},"end":{"line":71,"column":30}},"71":{"start":{"line":72,"column":0},"end":{"line":72,"column":35}},"72":{"start":{"line":73,"column":0},"end":{"line":73,"column":29}},"73":{"start":{"line":74,"column":0},"end":{"line":74,"column":72}},"74":{"start":{"line":75,"column":0},"end":{"line":75,"column":10}},"75":{"start":{"line":76,"column":0},"end":{"line":76,"column":26}},"76":{"start":{"line":77,"column":0},"end":{"line":77,"column":5}},"77":{"start":{"line":78,"column":0},"end":{"line":78,"column":0}},"78":{"start":{"line":79,"column":0},"end":{"line":79,"column":33}},"79":{"start":{"line":80,"column":0},"end":{"line":80,"column":30}},"80":{"start":{"line":81,"column":0},"end":{"line":81,"column":67}},"81":{"start":{"line":82,"column":0},"end":{"line":82,"column":22}},"82":{"start":{"line":83,"column":0},"end":{"line":83,"column":10}},"83":{"start":{"line":84,"column":0},"end":{"line":84,"column":5}},"84":{"start":{"line":85,"column":0},"end":{"line":85,"column":0}},"85":{"start":{"line":86,"column":0},"end":{"line":86,"column":37}},"86":{"start":{"line":87,"column":0},"end":{"line":87,"column":30}},"87":{"start":{"line":88,"column":0},"end":{"line":88,"column":28}},"88":{"start":{"line":89,"column":0},"end":{"line":89,"column":77}},"89":{"start":{"line":90,"column":0},"end":{"line":90,"column":38}},"90":{"start":{"line":91,"column":0},"end":{"line":91,"column":9}},"91":{"start":{"line":92,"column":0},"end":{"line":92,"column":51}},"92":{"start":{"line":93,"column":0},"end":{"line":93,"column":61}},"93":{"start":{"line":94,"column":0},"end":{"line":94,"column":67}},"94":{"start":{"line":95,"column":0},"end":{"line":95,"column":5}},"95":{"start":{"line":96,"column":0},"end":{"line":96,"column":0}},"96":{"start":{"line":97,"column":0},"end":{"line":97,"column":35}},"97":{"start":{"line":98,"column":0},"end":{"line":98,"column":72}},"98":{"start":{"line":99,"column":0},"end":{"line":99,"column":68}},"99":{"start":{"line":100,"column":0},"end":{"line":100,"column":77}},"100":{"start":{"line":101,"column":0},"end":{"line":101,"column":20}},"101":{"start":{"line":102,"column":0},"end":{"line":102,"column":56}},"102":{"start":{"line":103,"column":0},"end":{"line":103,"column":38}},"103":{"start":{"line":104,"column":0},"end":{"line":104,"column":40}},"104":{"start":{"line":105,"column":0},"end":{"line":105,"column":14}},"105":{"start":{"line":106,"column":0},"end":{"line":106,"column":11}},"106":{"start":{"line":107,"column":0},"end":{"line":107,"column":58}},"107":{"start":{"line":108,"column":0},"end":{"line":108,"column":23}},"108":{"start":{"line":109,"column":0},"end":{"line":109,"column":75}},"109":{"start":{"line":110,"column":0},"end":{"line":110,"column":35}},"110":{"start":{"line":111,"column":0},"end":{"line":111,"column":5}},"111":{"start":{"line":112,"column":0},"end":{"line":112,"column":0}},"112":{"start":{"line":113,"column":0},"end":{"line":113,"column":46}},"113":{"start":{"line":114,"column":0},"end":{"line":114,"column":57}},"114":{"start":{"line":115,"column":0},"end":{"line":115,"column":33}},"115":{"start":{"line":116,"column":0},"end":{"line":116,"column":42}},"116":{"start":{"line":117,"column":0},"end":{"line":117,"column":54}},"117":{"start":{"line":118,"column":0},"end":{"line":118,"column":11}},"118":{"start":{"line":119,"column":0},"end":{"line":119,"column":19}},"119":{"start":{"line":120,"column":0},"end":{"line":120,"column":5}},"120":{"start":{"line":121,"column":0},"end":{"line":121,"column":1}}},"s":{"0":1,"1":1,"2":1,"3":1,"4":1,"5":1,"6":1,"7":1,"8":1,"9":1,"10":1,"11":1,"12":1,"13":1,"14":1,"15":1,"16":1,"17":1,"18":2,"19":2,"20":2,"21":2,"22":2,"23":2,"24":2,"25":18,"26":1,"27":18,"28":17,"29":17,"30":17,"31":17,"32":17,"33":18,"34":2,"35":2,"36":23,"37":20,"38":20,"39":32,"40":32,"41":20,"42":20,"43":20,"44":20,"45":19,"46":19,"47":19,"48":19,"49":23,"50":23,"51":23,"52":2,"53":2,"54":42,"55":42,"56":42,"57":42,"58":42,"59":42,"60":66,"61":66,"62":66,"63":66,"64":66,"65":42,"66":42,"67":42,"68":42,"69":2,"70":2,"71":30,"72":30,"73":30,"74":30,"75":30,"76":30,"77":2,"78":2,"79":19,"80":19,"81":19,"82":19,"83":19,"84":2,"85":2,"86":3,"87":1,"88":1,"89":1,"90":1,"91":2,"92":2,"93":2,"94":2,"95":2,"96":2,"97":2,"98":2,"99":2,"100":2,"101":2,"102":2,"103":2,"104":2,"105":2,"106":2,"107":2,"108":2,"109":1,"110":1,"111":2,"112":2,"113":1,"114":0,"115":0,"116":0,"117":0,"118":0,"119":0,"120":2},"branchMap":{"0":{"type":"branch","line":19,"loc":{"start":{"line":19,"column":0},"end":{"line":121,"column":1}},"locations":[{"start":{"line":19,"column":0},"end":{"line":121,"column":1}}]},"1":{"type":"branch","line":25,"loc":{"start":{"line":25,"column":4},"end":{"line":34,"column":5}},"locations":[{"start":{"line":25,"column":4},"end":{"line":34,"column":5}}]},"2":{"type":"branch","line":26,"loc":{"start":{"line":26,"column":36},"end":{"line":28,"column":15}},"locations":[{"start":{"line":26,"column":36},"end":{"line":28,"column":15}}]},"3":{"type":"branch","line":28,"loc":{"start":{"line":28,"column":9},"end":{"line":33,"column":9}},"locations":[{"start":{"line":28,"column":9},"end":{"line":33,"column":9}}]},"4":{"type":"branch","line":36,"loc":{"start":{"line":36,"column":4},"end":{"line":52,"column":5}},"locations":[{"start":{"line":36,"column":4},"end":{"line":52,"column":5}}]},"5":{"type":"branch","line":37,"loc":{"start":{"line":37,"column":29},"end":{"line":37,"column":42}},"locations":[{"start":{"line":37,"column":29},"end":{"line":37,"column":42}}]},"6":{"type":"branch","line":38,"loc":{"start":{"line":38,"column":-1},"end":{"line":49,"column":30}},"locations":[{"start":{"line":38,"column":-1},"end":{"line":49,"column":30}}]},"7":{"type":"branch","line":38,"loc":{"start":{"line":38,"column":-1},"end":{"line":45,"column":27}},"locations":[{"start":{"line":38,"column":-1},"end":{"line":45,"column":27}}]},"8":{"type":"branch","line":45,"loc":{"start":{"line":45,"column":24},"end":{"line":49,"column":30}},"locations":[{"start":{"line":45,"column":24},"end":{"line":49,"column":30}}]},"9":{"type":"branch","line":39,"loc":{"start":{"line":39,"column":29},"end":{"line":42,"column":9}},"locations":[{"start":{"line":39,"column":29},"end":{"line":42,"column":9}}]},"10":{"type":"branch","line":40,"loc":{"start":{"line":40,"column":35},"end":{"line":40,"column":56}},"locations":[{"start":{"line":40,"column":35},"end":{"line":40,"column":56}}]},"11":{"type":"branch","line":41,"loc":{"start":{"line":41,"column":30},"end":{"line":41,"column":52}},"locations":[{"start":{"line":41,"column":30},"end":{"line":41,"column":52}}]},"12":{"type":"branch","line":41,"loc":{"start":{"line":41,"column":54},"end":{"line":41,"column":75}},"locations":[{"start":{"line":41,"column":54},"end":{"line":41,"column":75}}]},"13":{"type":"branch","line":54,"loc":{"start":{"line":54,"column":4},"end":{"line":69,"column":5}},"locations":[{"start":{"line":54,"column":4},"end":{"line":69,"column":5}}]},"14":{"type":"branch","line":60,"loc":{"start":{"line":60,"column":17},"end":{"line":66,"column":13}},"locations":[{"start":{"line":60,"column":17},"end":{"line":66,"column":13}}]},"15":{"type":"branch","line":71,"loc":{"start":{"line":71,"column":4},"end":{"line":77,"column":5}},"locations":[{"start":{"line":71,"column":4},"end":{"line":77,"column":5}}]},"16":{"type":"branch","line":74,"loc":{"start":{"line":74,"column":12},"end":{"line":74,"column":44}},"locations":[{"start":{"line":74,"column":12},"end":{"line":74,"column":44}}]},"17":{"type":"branch","line":79,"loc":{"start":{"line":79,"column":4},"end":{"line":84,"column":5}},"locations":[{"start":{"line":79,"column":4},"end":{"line":84,"column":5}}]},"18":{"type":"branch","line":86,"loc":{"start":{"line":86,"column":4},"end":{"line":95,"column":5}},"locations":[{"start":{"line":86,"column":4},"end":{"line":95,"column":5}}]},"19":{"type":"branch","line":87,"loc":{"start":{"line":87,"column":29},"end":{"line":91,"column":9}},"locations":[{"start":{"line":87,"column":29},"end":{"line":91,"column":9}}]},"20":{"type":"branch","line":92,"loc":{"start":{"line":92,"column":-1},"end":{"line":95,"column":5}},"locations":[{"start":{"line":92,"column":-1},"end":{"line":95,"column":5}}]},"21":{"type":"branch","line":97,"loc":{"start":{"line":97,"column":4},"end":{"line":111,"column":5}},"locations":[{"start":{"line":97,"column":4},"end":{"line":111,"column":5}}]},"22":{"type":"branch","line":109,"loc":{"start":{"line":109,"column":12},"end":{"line":111,"column":5}},"locations":[{"start":{"line":109,"column":12},"end":{"line":111,"column":5}}]},"23":{"type":"branch","line":100,"loc":{"start":{"line":100,"column":35},"end":{"line":106,"column":9}},"locations":[{"start":{"line":100,"column":35},"end":{"line":106,"column":9}}]},"24":{"type":"branch","line":113,"loc":{"start":{"line":113,"column":4},"end":{"line":120,"column":5}},"locations":[{"start":{"line":113,"column":4},"end":{"line":120,"column":5}}]},"25":{"type":"branch","line":115,"loc":{"start":{"line":115,"column":-1},"end":{"line":120,"column":5}},"locations":[{"start":{"line":115,"column":-1},"end":{"line":120,"column":5}}]}},"b":{"0":[2],"1":[18],"2":[1],"3":[17],"4":[23],"5":[3],"6":[21],"7":[20],"8":[19],"9":[32],"10":[1],"11":[18],"12":[0],"13":[42],"14":[66],"15":[30],"16":[54],"17":[19],"18":[3],"19":[1],"20":[2],"21":[2],"22":[1],"23":[2],"24":[1],"25":[0]},"fnMap":{"0":{"name":"SignedTransaction","decl":{"start":{"line":25,"column":4},"end":{"line":34,"column":5}},"loc":{"start":{"line":25,"column":4},"end":{"line":34,"column":5}},"line":25},"1":{"name":"Object.<anonymous>.SignedTransaction.isValid","decl":{"start":{"line":36,"column":4},"end":{"line":52,"column":5}},"loc":{"start":{"line":36,"column":4},"end":{"line":52,"column":5}},"line":36},"2":{"name":"Object.<anonymous>.SignedTransaction.makeSignableObject","decl":{"start":{"line":54,"column":4},"end":{"line":69,"column":5}},"loc":{"start":{"line":54,"column":4},"end":{"line":69,"column":5}},"line":54},"3":{"name":"Object.<anonymous>.SignedTransaction.getTotalAmount","decl":{"start":{"line":71,"column":4},"end":{"line":77,"column":5}},"loc":{"start":{"line":71,"column":4},"end":{"line":77,"column":5}},"line":71},"4":{"name":"Object.<anonymous>.SignedTransaction.sign","decl":{"start":{"line":79,"column":4},"end":{"line":84,"column":5}},"loc":{"start":{"line":79,"column":4},"end":{"line":84,"column":5}},"line":79},"5":{"name":"Object.<anonymous>.SignedTransaction.serialize","decl":{"start":{"line":86,"column":4},"end":{"line":95,"column":5}},"loc":{"start":{"line":86,"column":4},"end":{"line":95,"column":5}},"line":86},"6":{"name":"Object.<anonymous>.SignedTransaction.deserialize","decl":{"start":{"line":97,"column":4},"end":{"line":111,"column":5}},"loc":{"start":{"line":97,"column":4},"end":{"line":111,"column":5}},"line":97},"7":{"name":"Object.<anonymous>.SignedTransaction.containsAddress","decl":{"start":{"line":113,"column":4},"end":{"line":120,"column":5}},"loc":{"start":{"line":113,"column":4},"end":{"line":120,"column":5}},"line":113}},"f":{"0":18,"1":23,"2":42,"3":30,"4":19,"5":3,"6":2,"7":1}}
,"/Users/luismeyer/Desktop/repos/litecoin/src/Transactions/Transactions.ts": {"path":"/Users/luismeyer/Desktop/repos/litecoin/src/Transactions/Transactions.ts","all":false,"statementMap":{"0":{"start":{"line":1,"column":0},"end":{"line":1,"column":56}},"1":{"start":{"line":2,"column":0},"end":{"line":2,"column":58}},"2":{"start":{"line":3,"column":0},"end":{"line":3,"column":51}},"3":{"start":{"line":4,"column":0},"end":{"line":4,"column":35}},"4":{"start":{"line":5,"column":0},"end":{"line":5,"column":0}},"5":{"start":{"line":6,"column":0},"end":{"line":6,"column":72}},"6":{"start":{"line":7,"column":0},"end":{"line":7,"column":48}},"7":{"start":{"line":8,"column":0},"end":{"line":8,"column":40}},"8":{"start":{"line":9,"column":0},"end":{"line":9,"column":34}},"9":{"start":{"line":10,"column":0},"end":{"line":10,"column":38}},"10":{"start":{"line":11,"column":0},"end":{"line":11,"column":21}},"11":{"start":{"line":12,"column":0},"end":{"line":12,"column":5}},"12":{"start":{"line":13,"column":0},"end":{"line":13,"column":0}},"13":{"start":{"line":14,"column":0},"end":{"line":14,"column":64}}},"s":{"0":1,"1":1,"2":1,"3":1,"4":1,"5":1,"6":1,"7":1,"8":1,"9":1,"10":1,"11":1,"12":1,"13":1},"branchMap":{"0":{"type":"branch","line":14,"loc":{"start":{"line":14,"column":9},"end":{"line":14,"column":26}},"locations":[{"start":{"line":14,"column":9},"end":{"line":14,"column":26}}]},"1":{"type":"branch","line":14,"loc":{"start":{"line":14,"column":28},"end":{"line":14,"column":46}},"locations":[{"start":{"line":14,"column":28},"end":{"line":14,"column":46}}]}},"b":{"0":[107],"1":[18]},"fnMap":{"0":{"name":"get","decl":{"start":{"line":14,"column":9},"end":{"line":14,"column":26}},"loc":{"start":{"line":14,"column":9},"end":{"line":14,"column":26}},"line":14},"1":{"name":"get","decl":{"start":{"line":14,"column":28},"end":{"line":14,"column":46}},"loc":{"start":{"line":14,"column":28},"end":{"line":14,"column":46}},"line":14}},"f":{"0":107,"1":18}}
}
