TN:
SF:src/utils.ts
FN:1,dig
FNF:1
FNH:1
FNDA:86,dig
DA:1,1
DA:2,86
DA:3,86
DA:4,86
DA:5,86
DA:6,86
DA:7,86
DA:8,92
DA:9,92
DA:10,70
DA:11,70
DA:12,70
DA:13,22
DA:14,86
DA:15,86
DA:16,86
LF:16
LH:16
BRDA:1,0,0,86
BRDA:7,1,0,92
BRDA:9,2,0,70
BRDA:9,3,0,70
BRDA:13,4,0,22
BRF:5
BRH:5
end_of_record
TN:
SF:src/Block/Block.ts
FN:11,Block
FNF:1
FNH:1
FNDA:16,Block
DA:1,1
DA:2,1
DA:3,1
DA:4,1
DA:5,1
DA:6,1
DA:7,1
DA:8,1
DA:9,1
DA:10,1
DA:11,1
DA:12,16
DA:13,16
DA:14,1
LF:14
LH:14
BRDA:4,0,0,1
BRDA:11,1,0,16
BRF:2
BRH:2
end_of_record
TN:
SF:src/Encryption/Encryption.ts
FN:4,sign
FN:11,verify
FN:27,genKeyPair
FN:34,hash
FN:46,deserializeKey
FN:60,serializeKey
FN:69,serializeKeyPair
FN:78,deserializeKeyPair
FN:87,keyEquals
FN:95,findNonce
FNF:10
FNH:10
FNDA:23,sign
FNDA:23,verify
FNDA:47,genKeyPair
FNDA:251,hash
FNDA:7,deserializeKey
FNDA:207,serializeKey
FNDA:1,serializeKeyPair
FNDA:1,deserializeKeyPair
FNDA:4,keyEquals
FNDA:3,findNonce
DA:1,1
DA:2,1
DA:3,1
DA:4,1
DA:5,23
DA:6,23
DA:7,23
DA:8,23
DA:9,23
DA:10,1
DA:11,1
DA:12,23
DA:13,23
DA:14,23
DA:15,23
DA:16,23
DA:17,23
DA:18,23
DA:19,23
DA:20,23
DA:21,23
DA:22,23
DA:23,23
DA:24,23
DA:25,23
DA:26,1
DA:27,1
DA:28,47
DA:29,47
DA:30,47
DA:31,47
DA:32,47
DA:33,1
DA:34,1
DA:35,251
DA:36,251
DA:37,1
DA:38,1
DA:39,1
DA:40,1
DA:41,1
DA:42,1
DA:43,1
DA:44,1
DA:45,1
DA:46,7
DA:47,7
DA:48,7
DA:49,7
DA:50,7
DA:51,7
DA:52,7
DA:53,7
DA:54,7
DA:55,7
DA:56,7
DA:57,7
DA:58,7
DA:59,1
DA:60,207
DA:61,207
DA:62,207
DA:63,207
DA:64,207
DA:65,207
DA:66,207
DA:67,207
DA:68,1
DA:69,1
DA:70,1
DA:71,1
DA:72,1
DA:73,1
DA:74,1
DA:75,1
DA:76,1
DA:77,1
DA:78,1
DA:79,1
DA:80,1
DA:81,1
DA:82,1
DA:83,1
DA:84,1
DA:85,1
DA:86,1
DA:87,4
DA:88,4
DA:89,4
DA:90,1
DA:91,1
DA:92,1
DA:93,1
DA:94,1
DA:95,1
DA:96,3
DA:97,3
DA:98,3
DA:99,3
DA:100,3
DA:101,1
DA:102,1
DA:103,1
DA:104,1
DA:105,1
DA:106,1
DA:107,3
DA:108,250
DA:109,250
DA:110,250
DA:111,250
DA:112,3
DA:113,1
DA:114,1
DA:115,1
LF:115
LH:115
BRDA:4,0,0,23
BRDA:11,1,0,23
BRDA:27,2,0,47
BRDA:34,3,0,251
BRDA:46,4,0,7
BRDA:52,5,0,6
BRDA:53,6,0,1
BRDA:60,7,0,207
BRDA:69,8,0,1
BRDA:78,9,0,1
BRDA:87,10,0,4
BRDA:95,11,0,3
BRDA:99,12,0,2
BRDA:100,13,0,2
BRDA:101,14,0,1
BRDA:107,15,0,250
BRDA:112,16,0,1
BRF:17
BRH:17
end_of_record
TN:
SF:src/Node/Node.ts
FN:19,Node
FN:24,Object.<anonymous>.Node.createInitialTransaction
FN:33,Object.<anonymous>.Node.createSignedTransaction
FN:61,Object.<anonymous>.Node.collectTransaction
FN:67,Object.<anonymous>.Node.validateTransaction
FN:72,Object.<anonymous>.Node.validateTxAddressUnicityInPendingTxs
FN:93,Object.<anonymous>.Node.validateTransactionAgainstBlockchain
FN:118,Object.<anonymous>.Node.validateTransactionSignature
FN:125,Object.<anonymous>.Node.findLastTransactionOutput
FN:158,Object.<anonymous>.Node.mineBlock
FN:167,Object.<anonymous>.Node.printBlockchain
FNF:11
FNH:10
FNDA:15,Node
FNDA:15,Object.<anonymous>.Node.createInitialTransaction
FNDA:10,Object.<anonymous>.Node.createSignedTransaction
FNDA:24,Object.<anonymous>.Node.collectTransaction
FNDA:24,Object.<anonymous>.Node.validateTransaction
FNDA:22,Object.<anonymous>.Node.validateTxAddressUnicityInPendingTxs
FNDA:29,Object.<anonymous>.Node.validateTransactionAgainstBlockchain
FNDA:14,Object.<anonymous>.Node.validateTransactionSignature
FNDA:54,Object.<anonymous>.Node.findLastTransactionOutput
FNDA:17,Object.<anonymous>.Node.mineBlock
FNDA:0,Object.<anonymous>.Node.printBlockchain
DA:1,1
DA:2,1
DA:3,1
DA:4,1
DA:5,1
DA:6,1
DA:7,1
DA:8,1
DA:9,1
DA:10,1
DA:11,1
DA:12,1
DA:13,1
DA:14,1
DA:15,1
DA:16,1
DA:17,1
DA:18,1
DA:19,1
DA:20,15
DA:21,15
DA:22,15
DA:23,1
DA:24,1
DA:25,15
DA:26,15
DA:27,15
DA:28,15
DA:29,15
DA:30,15
DA:31,15
DA:32,1
DA:33,1
DA:34,10
DA:35,10
DA:36,1
DA:37,1
DA:38,1
DA:39,1
DA:40,9
DA:41,9
DA:42,9
DA:43,11
DA:44,11
DA:45,11
DA:46,11
DA:47,11
DA:48,11
DA:49,9
DA:50,9
DA:51,9
DA:52,9
DA:53,9
DA:54,9
DA:55,9
DA:56,9
DA:57,9
DA:58,9
DA:59,9
DA:60,1
DA:61,1
DA:62,24
DA:63,24
DA:64,24
DA:65,24
DA:66,1
DA:67,1
DA:68,24
DA:69,24
DA:70,24
DA:71,1
DA:72,1
DA:73,22
DA:74,22
DA:75,22
DA:76,22
DA:77,22
DA:78,22
DA:79,22
DA:80,8
DA:81,2
DA:82,1
DA:83,1
DA:84,1
DA:85,8
DA:86,22
DA:87,14
DA:88,1
DA:89,14
DA:90,14
DA:91,22
DA:92,1
DA:93,1
DA:94,29
DA:95,29
DA:96,29
DA:97,14
DA:98,14
DA:99,14
DA:100,10
DA:101,10
DA:102,1
DA:103,1
DA:104,9
DA:105,10
DA:106,14
DA:107,1
DA:108,1
DA:109,29
DA:110,15
DA:111,15
DA:112,15
DA:113,1
DA:114,1
DA:115,15
DA:116,29
DA:117,1
DA:118,1
DA:119,14
DA:120,14
DA:121,3
DA:122,3
DA:123,14
DA:124,1
DA:125,1
DA:126,54
DA:127,54
DA:128,38
DA:129,38
DA:130,38
DA:131,38
DA:132,38
DA:133,38
DA:134,38
DA:135,10
DA:136,16
DA:137,16
DA:138,16
DA:139,16
DA:140,16
DA:141,10
DA:142,38
DA:143,28
DA:144,28
DA:145,28
DA:146,28
DA:147,28
DA:148,38
DA:149,38
DA:150,38
DA:151,54
DA:152,54
DA:153,1
DA:154,1
DA:155,1
DA:156,1
DA:157,1
DA:158,1
DA:159,17
DA:160,16
DA:161,16
DA:162,16
DA:163,16
DA:164,16
DA:165,16
DA:166,1
DA:167,1
DA:168,0
DA:169,0
DA:170,0
DA:171,0
DA:172,0
DA:173,0
DA:174,0
DA:175,0
DA:176,0
DA:177,0
DA:178,0
DA:179,0
DA:180,0
DA:181,1
LF:181
LH:168
BRDA:14,0,0,1
BRDA:19,1,0,15
BRDA:20,2,0,1
BRDA:20,3,0,14
BRDA:24,4,0,15
BRDA:33,5,0,10
BRDA:35,6,0,1
BRDA:40,7,0,9
BRDA:42,8,0,11
BRDA:43,9,0,4
BRDA:43,10,0,7
BRDA:43,11,0,4
BRDA:43,12,0,4
BRDA:43,13,0,7
BRDA:61,14,0,24
BRDA:67,15,0,24
BRDA:72,16,0,22
BRDA:79,17,0,8
BRDA:86,18,0,14
BRDA:80,19,0,2
BRDA:81,20,0,1
BRDA:82,21,0,1
BRDA:87,22,0,1
BRDA:93,23,0,29
BRDA:96,24,0,14
BRDA:99,25,0,10
BRDA:99,26,0,10
BRDA:101,27,0,1
BRDA:104,28,0,9
BRDA:105,29,0,1
BRDA:106,30,0,1
BRDA:109,31,0,15
BRDA:112,32,0,1
BRDA:118,33,0,14
BRDA:120,34,0,3
BRDA:125,35,0,54
BRDA:127,36,0,16
BRDA:128,37,0,38
BRDA:151,38,0,30
BRDA:151,39,0,30
BRDA:151,40,0,8
BRDA:130,41,0,38
BRDA:133,42,0,38
BRDA:134,43,0,10
BRDA:142,44,0,28
BRDA:145,45,0,20
BRDA:146,46,0,8
BRDA:135,47,0,16
BRDA:140,48,0,10
BRDA:158,49,0,17
BRDA:159,50,0,1
BRDA:160,51,0,16
BRF:52
BRH:52
end_of_record
TN:
SF:src/Transactions/InitialTransaction.ts
FN:19,InitialTransaction
FN:28,Object.<anonymous>.InitialTransaction.serialize
FN:38,Object.<anonymous>.InitialTransaction.deserialize
FN:49,Object.<anonymous>.InitialTransaction.containsAddress
FNF:4
FNH:4
FNDA:17,InitialTransaction
FNDA:1,Object.<anonymous>.InitialTransaction.serialize
FNDA:1,Object.<anonymous>.InitialTransaction.deserialize
FNDA:3,Object.<anonymous>.InitialTransaction.containsAddress
DA:1,1
DA:2,1
DA:3,1
DA:4,1
DA:5,1
DA:6,1
DA:7,1
DA:8,1
DA:9,1
DA:10,1
DA:11,1
DA:12,1
DA:13,1
DA:14,1
DA:15,2
DA:16,2
DA:17,2
DA:18,2
DA:19,2
DA:20,17
DA:21,1
DA:22,16
DA:23,16
DA:24,16
DA:25,16
DA:26,17
DA:27,2
DA:28,2
DA:29,1
DA:30,1
DA:31,1
DA:32,1
DA:33,1
DA:34,1
DA:35,1
DA:36,1
DA:37,2
DA:38,2
DA:39,1
DA:40,1
DA:41,1
DA:42,1
DA:43,1
DA:44,1
DA:45,1
DA:46,1
DA:47,1
DA:48,2
DA:49,2
DA:50,3
DA:51,3
DA:52,2
LF:52
LH:52
BRDA:15,0,0,2
BRDA:19,1,0,17
BRDA:20,2,0,16
BRDA:20,3,0,1
BRDA:28,4,0,1
BRDA:38,5,0,1
BRDA:49,6,0,3
BRDA:50,7,0,2
BRF:8
BRH:8
end_of_record
TN:
SF:src/Transactions/SignedTransaction.ts
FN:25,SignedTransaction
FN:36,Object.<anonymous>.SignedTransaction.isValid
FN:54,Object.<anonymous>.SignedTransaction.makeSignableObject
FN:71,Object.<anonymous>.SignedTransaction.getTotalAmount
FN:79,Object.<anonymous>.SignedTransaction.sign
FN:86,Object.<anonymous>.SignedTransaction.serialize
FN:97,Object.<anonymous>.SignedTransaction.deserialize
FN:113,Object.<anonymous>.SignedTransaction.containsAddress
FNF:8
FNH:8
FNDA:18,SignedTransaction
FNDA:23,Object.<anonymous>.SignedTransaction.isValid
FNDA:42,Object.<anonymous>.SignedTransaction.makeSignableObject
FNDA:30,Object.<anonymous>.SignedTransaction.getTotalAmount
FNDA:19,Object.<anonymous>.SignedTransaction.sign
FNDA:3,Object.<anonymous>.SignedTransaction.serialize
FNDA:2,Object.<anonymous>.SignedTransaction.deserialize
FNDA:1,Object.<anonymous>.SignedTransaction.containsAddress
DA:1,1
DA:2,1
DA:3,1
DA:4,1
DA:5,1
DA:6,1
DA:7,1
DA:8,1
DA:9,1
DA:10,1
DA:11,1
DA:12,1
DA:13,1
DA:14,1
DA:15,1
DA:16,1
DA:17,1
DA:18,1
DA:19,2
DA:20,2
DA:21,2
DA:22,2
DA:23,2
DA:24,2
DA:25,2
DA:26,18
DA:27,1
DA:28,18
DA:29,17
DA:30,17
DA:31,17
DA:32,17
DA:33,17
DA:34,18
DA:35,2
DA:36,2
DA:37,23
DA:38,20
DA:39,20
DA:40,32
DA:41,32
DA:42,20
DA:43,20
DA:44,20
DA:45,20
DA:46,19
DA:47,19
DA:48,19
DA:49,19
DA:50,23
DA:51,23
DA:52,23
DA:53,2
DA:54,2
DA:55,42
DA:56,42
DA:57,42
DA:58,42
DA:59,42
DA:60,42
DA:61,66
DA:62,66
DA:63,66
DA:64,66
DA:65,66
DA:66,42
DA:67,42
DA:68,42
DA:69,42
DA:70,2
DA:71,2
DA:72,30
DA:73,30
DA:74,30
DA:75,30
DA:76,30
DA:77,30
DA:78,2
DA:79,2
DA:80,19
DA:81,19
DA:82,19
DA:83,19
DA:84,19
DA:85,2
DA:86,2
DA:87,3
DA:88,1
DA:89,1
DA:90,1
DA:91,1
DA:92,2
DA:93,2
DA:94,2
DA:95,2
DA:96,2
DA:97,2
DA:98,2
DA:99,2
DA:100,2
DA:101,2
DA:102,2
DA:103,2
DA:104,2
DA:105,2
DA:106,2
DA:107,2
DA:108,2
DA:109,2
DA:110,1
DA:111,1
DA:112,2
DA:113,2
DA:114,1
DA:115,0
DA:116,0
DA:117,0
DA:118,0
DA:119,0
DA:120,0
DA:121,2
LF:121
LH:115
BRDA:19,0,0,2
BRDA:25,1,0,18
BRDA:26,2,0,1
BRDA:28,3,0,17
BRDA:36,4,0,23
BRDA:37,5,0,3
BRDA:38,6,0,21
BRDA:38,7,0,20
BRDA:45,8,0,19
BRDA:39,9,0,32
BRDA:40,10,0,1
BRDA:41,11,0,18
BRDA:41,12,0,0
BRDA:54,13,0,42
BRDA:60,14,0,66
BRDA:71,15,0,30
BRDA:74,16,0,54
BRDA:79,17,0,19
BRDA:86,18,0,3
BRDA:87,19,0,1
BRDA:92,20,0,2
BRDA:97,21,0,2
BRDA:109,22,0,1
BRDA:100,23,0,2
BRDA:113,24,0,1
BRDA:115,25,0,0
BRF:26
BRH:24
end_of_record
TN:
SF:src/Transactions/Transactions.ts
FN:14,get
FN:14,get
FNF:2
FNH:2
FNDA:107,get
FNDA:18,get
DA:1,1
DA:2,1
DA:3,1
DA:4,1
DA:5,1
DA:6,1
DA:7,1
DA:8,1
DA:9,1
DA:10,1
DA:11,1
DA:12,1
DA:13,1
DA:14,1
LF:14
LH:14
BRDA:14,0,0,107
BRDA:14,1,0,18
BRF:2
BRH:2
end_of_record
