TN:
SF:src/utils.ts
FN:1,dig
FNF:1
FNH:1
FNDA:29,dig
DA:1,1
DA:2,29
DA:3,29
DA:4,29
DA:5,29
DA:6,29
DA:7,29
DA:8,25
DA:9,25
DA:10,24
DA:11,24
DA:12,24
DA:13,1
DA:14,29
DA:15,29
DA:16,29
LF:16
LH:16
BRDA:1,0,0,29
BRDA:7,1,0,25
BRDA:9,2,0,24
BRDA:9,3,0,24
BRDA:13,4,0,1
BRF:5
BRH:5
end_of_record
TN:
SF:src/Block/Block.ts
FN:11,Block
FNF:1
FNH:1
FNDA:5,Block
DA:1,1
DA:2,1
DA:3,1
DA:4,1
DA:5,1
DA:6,1
DA:7,1
DA:8,1
DA:9,1
DA:10,1
DA:11,1
DA:12,5
DA:13,5
DA:14,1
LF:14
LH:14
BRDA:4,0,0,1
BRDA:11,1,0,5
BRF:2
BRH:2
end_of_record
TN:
SF:src/Encryption/Encryption.ts
FN:4,sign
FN:11,verify
FN:27,genKeyPair
FN:34,hash
FN:46,deserializeKey
FN:64,serializeKey
FN:73,serializeKeyPair
FN:82,deserializeKeyPair
FN:95,findNonce
FNF:9
FNH:7
FNDA:12,sign
FNDA:13,verify
FNDA:23,genKeyPair
FNDA:0,hash
FNDA:5,deserializeKey
FNDA:49,serializeKey
FNDA:1,serializeKeyPair
FNDA:1,deserializeKeyPair
FNDA:0,findNonce
DA:1,1
DA:2,1
DA:3,1
DA:4,1
DA:5,12
DA:6,12
DA:7,12
DA:8,12
DA:9,12
DA:10,1
DA:11,1
DA:12,13
DA:13,13
DA:14,13
DA:15,13
DA:16,13
DA:17,13
DA:18,13
DA:19,13
DA:20,13
DA:21,13
DA:22,13
DA:23,13
DA:24,13
DA:25,13
DA:26,1
DA:27,1
DA:28,23
DA:29,23
DA:30,23
DA:31,23
DA:32,23
DA:33,1
DA:34,1
DA:35,0
DA:36,0
DA:37,1
DA:38,1
DA:39,1
DA:40,1
DA:41,1
DA:42,1
DA:43,1
DA:44,1
DA:45,1
DA:46,5
DA:47,5
DA:48,5
DA:49,5
DA:50,5
DA:51,5
DA:52,5
DA:53,5
DA:54,5
DA:55,5
DA:56,5
DA:57,5
DA:58,5
DA:59,5
DA:60,5
DA:61,5
DA:62,5
DA:63,1
DA:64,49
DA:65,49
DA:66,49
DA:67,49
DA:68,49
DA:69,49
DA:70,49
DA:71,49
DA:72,1
DA:73,1
DA:74,1
DA:75,1
DA:76,1
DA:77,1
DA:78,1
DA:79,1
DA:80,1
DA:81,1
DA:82,1
DA:83,1
DA:84,1
DA:85,1
DA:86,1
DA:87,1
DA:88,1
DA:89,1
DA:90,1
DA:91,1
DA:92,1
DA:93,1
DA:94,1
DA:95,1
DA:96,0
DA:97,0
DA:98,0
DA:99,0
DA:100,0
DA:101,0
DA:102,0
DA:103,0
DA:104,0
DA:105,0
DA:106,0
DA:107,0
DA:108,0
DA:109,0
DA:110,0
DA:111,0
DA:112,0
DA:113,0
DA:114,0
DA:115,0
LF:115
LH:93
BRDA:4,0,0,12
BRDA:11,1,0,13
BRDA:27,2,0,23
BRDA:46,3,0,5
BRDA:60,4,0,4
BRDA:61,5,0,1
BRDA:64,6,0,49
BRDA:73,7,0,1
BRDA:82,8,0,1
BRF:9
BRH:9
end_of_record
TN:
SF:src/Node/Node.ts
FN:19,Node
FN:26,Object.<anonymous>.Node.createInitialTransaction
FN:36,Object.<anonymous>.Node.findLastTransactionOutput
FN:51,Object.<anonymous>.Node.createSignedTransaction
FN:69,Object.<anonymous>.Node.validateTransactionData
FN:93,Object.<anonymous>.Node.validateTransactionSignature
FN:106,Object.<anonymous>.Node.broadcastTransaction
FN:110,Object.<anonymous>.Node.mineBlock
FN:119,Object.<anonymous>.Node.printBlockchain
FNF:9
FNH:8
FNDA:4,Node
FNDA:3,Object.<anonymous>.Node.createInitialTransaction
FNDA:13,Object.<anonymous>.Node.findLastTransactionOutput
FNDA:4,Object.<anonymous>.Node.createSignedTransaction
FNDA:6,Object.<anonymous>.Node.validateTransactionData
FNDA:6,Object.<anonymous>.Node.validateTransactionSignature
FNDA:5,Object.<anonymous>.Node.broadcastTransaction
FNDA:6,Object.<anonymous>.Node.mineBlock
FNDA:0,Object.<anonymous>.Node.printBlockchain
DA:1,1
DA:2,1
DA:3,1
DA:4,1
DA:5,1
DA:6,1
DA:7,1
DA:8,1
DA:9,1
DA:10,1
DA:11,1
DA:12,1
DA:13,1
DA:14,1
DA:15,1
DA:16,1
DA:17,1
DA:18,1
DA:19,1
DA:20,4
DA:21,4
DA:22,4
DA:23,4
DA:24,4
DA:25,1
DA:26,1
DA:27,3
DA:28,3
DA:29,3
DA:30,3
DA:31,3
DA:32,3
DA:33,3
DA:34,3
DA:35,1
DA:36,1
DA:37,13
DA:38,13
DA:39,13
DA:40,13
DA:41,13
DA:42,13
DA:43,13
DA:44,9
DA:45,13
DA:46,13
DA:47,13
DA:48,13
DA:49,13
DA:50,1
DA:51,1
DA:52,4
DA:53,4
DA:54,1
DA:55,1
DA:56,1
DA:57,1
DA:58,3
DA:59,3
DA:60,3
DA:61,3
DA:62,3
DA:63,3
DA:64,3
DA:65,3
DA:66,3
DA:67,3
DA:68,1
DA:69,1
DA:70,6
DA:71,3
DA:72,3
DA:73,3
DA:74,3
DA:75,0
DA:76,0
DA:77,3
DA:78,3
DA:79,3
DA:80,0
DA:81,0
DA:82,3
DA:83,3
DA:84,3
DA:85,3
DA:86,3
DA:87,0
DA:88,0
DA:89,3
DA:90,3
DA:91,6
DA:92,1
DA:93,1
DA:94,6
DA:95,6
DA:96,6
DA:97,3
DA:98,3
DA:99,3
DA:100,3
DA:101,1
DA:102,1
DA:103,3
DA:104,6
DA:105,1
DA:106,1
DA:107,5
DA:108,5
DA:109,1
DA:110,1
DA:111,6
DA:112,5
DA:113,5
DA:114,5
DA:115,5
DA:116,5
DA:117,5
DA:118,1
DA:119,1
DA:120,0
DA:121,0
DA:122,0
DA:123,0
DA:124,0
DA:125,0
DA:126,0
DA:127,0
DA:128,0
DA:129,0
DA:130,0
DA:131,0
DA:132,0
DA:133,1
LF:133
LH:114
BRDA:14,0,0,1
BRDA:19,1,0,4
BRDA:20,2,0,0
BRDA:26,3,0,3
BRDA:36,4,0,13
BRDA:41,5,0,8
BRDA:42,6,0,8
BRDA:43,7,0,9
BRDA:44,8,0,8
BRDA:51,9,0,4
BRDA:53,10,0,1
BRDA:58,11,0,3
BRDA:69,12,0,6
BRDA:70,13,0,3
BRDA:74,14,0,0
BRDA:78,15,0,0
BRDA:79,16,0,0
BRDA:83,17,0,3
BRDA:86,18,0,0
BRDA:93,19,0,6
BRDA:96,20,0,3
BRDA:100,21,0,1
BRDA:106,22,0,5
BRDA:110,23,0,6
BRDA:111,24,0,1
BRDA:112,25,0,5
BRF:26
BRH:21
end_of_record
TN:
SF:src/Transactions/InitialTransaction.ts
FN:18,InitialTransaction
FN:27,Object.<anonymous>.InitialTransaction.serialize
FN:40,Object.<anonymous>.InitialTransaction.deserialize
FNF:3
FNH:3
FNDA:5,InitialTransaction
FNDA:1,Object.<anonymous>.InitialTransaction.serialize
FNDA:1,Object.<anonymous>.InitialTransaction.deserialize
DA:1,1
DA:2,1
DA:3,1
DA:4,1
DA:5,1
DA:6,1
DA:7,1
DA:8,1
DA:9,1
DA:10,1
DA:11,1
DA:12,1
DA:13,1
DA:14,2
DA:15,2
DA:16,2
DA:17,2
DA:18,2
DA:19,5
DA:20,1
DA:21,4
DA:22,4
DA:23,4
DA:24,4
DA:25,5
DA:26,2
DA:27,2
DA:28,1
DA:29,1
DA:30,1
DA:31,1
DA:32,1
DA:33,1
DA:34,1
DA:35,1
DA:36,1
DA:37,1
DA:38,1
DA:39,2
DA:40,2
DA:41,1
DA:42,1
DA:43,1
DA:44,1
DA:45,1
DA:46,1
DA:47,1
DA:48,1
DA:49,1
DA:50,2
LF:50
LH:50
BRDA:14,0,0,2
BRDA:18,1,0,5
BRDA:19,2,0,4
BRDA:19,3,0,1
BRDA:27,4,0,1
BRDA:30,5,0,1
BRDA:40,6,0,1
BRDA:42,7,0,1
BRF:8
BRH:8
end_of_record
TN:
SF:src/Transactions/SignedTransaction.ts
FN:24,SignedTransaction
FN:35,Object.<anonymous>.SignedTransaction.isValid
FN:45,Object.<anonymous>.SignedTransaction.makeSignableObject
FN:61,Object.<anonymous>.SignedTransaction.getTotalAmount
FN:69,Object.<anonymous>.SignedTransaction.sign
FN:76,Object.<anonymous>.SignedTransaction.serialize
FN:86,Object.<anonymous>.SignedTransaction.deserialize
FNF:7
FNH:7
FNDA:8,SignedTransaction
FNDA:10,Object.<anonymous>.SignedTransaction.isValid
FNDA:19,Object.<anonymous>.SignedTransaction.makeSignableObject
FNDA:11,Object.<anonymous>.SignedTransaction.getTotalAmount
FNDA:8,Object.<anonymous>.SignedTransaction.sign
FNDA:2,Object.<anonymous>.SignedTransaction.serialize
FNDA:1,Object.<anonymous>.SignedTransaction.deserialize
DA:1,1
DA:2,1
DA:3,1
DA:4,1
DA:5,1
DA:6,1
DA:7,1
DA:8,1
DA:9,1
DA:10,1
DA:11,1
DA:12,1
DA:13,1
DA:14,1
DA:15,1
DA:16,1
DA:17,1
DA:18,2
DA:19,2
DA:20,2
DA:21,2
DA:22,2
DA:23,2
DA:24,2
DA:25,8
DA:26,1
DA:27,8
DA:28,7
DA:29,7
DA:30,7
DA:31,7
DA:32,7
DA:33,8
DA:34,2
DA:35,2
DA:36,10
DA:37,9
DA:38,9
DA:39,9
DA:40,9
DA:41,9
DA:42,9
DA:43,9
DA:44,2
DA:45,2
DA:46,19
DA:47,19
DA:48,19
DA:49,19
DA:50,19
DA:51,19
DA:52,27
DA:53,27
DA:54,27
DA:55,27
DA:56,19
DA:57,19
DA:58,19
DA:59,19
DA:60,2
DA:61,2
DA:62,11
DA:63,11
DA:64,11
DA:65,11
DA:66,11
DA:67,11
DA:68,2
DA:69,2
DA:70,8
DA:71,8
DA:72,8
DA:73,8
DA:74,8
DA:75,2
DA:76,2
DA:77,2
DA:78,2
DA:79,0
DA:80,0
DA:81,1
DA:82,2
DA:83,2
DA:84,2
DA:85,2
DA:86,2
DA:87,1
DA:88,1
DA:89,1
DA:90,1
DA:91,1
DA:92,1
DA:93,1
DA:94,1
DA:95,1
DA:96,1
DA:97,1
DA:98,1
DA:99,1
DA:100,2
LF:100
LH:98
BRDA:18,0,0,2
BRDA:24,1,0,8
BRDA:25,2,0,1
BRDA:27,3,0,7
BRDA:35,4,0,10
BRDA:36,5,0,1
BRDA:37,6,0,9
BRDA:45,7,0,19
BRDA:51,8,0,27
BRDA:61,9,0,11
BRDA:64,10,0,22
BRDA:69,11,0,8
BRDA:76,12,0,2
BRDA:78,13,0,0
BRDA:81,14,0,1
BRDA:82,15,0,0
BRDA:82,16,0,1
BRDA:86,17,0,1
BRDA:97,18,0,0
BRDA:89,19,0,1
BRF:20
BRH:17
end_of_record
TN:
SF:src/Transactions/Transactions.ts
FN:5,get
FN:5,get
FNF:2
FNH:2
FNDA:14,get
FNDA:11,get
DA:1,1
DA:2,1
DA:3,1
DA:4,1
DA:5,1
LF:5
LH:5
BRDA:5,0,0,14
BRDA:5,1,0,11
BRF:2
BRH:2
end_of_record
